0.7888941957794136 0.49340291761204363 0.591878885687096 0.04661438086149383
0.8153508928753957 0.543286717583519 0.5012580643422089 0.2639753478722655
0.8793430287879427 0.7314827679498525 0.08500924365063156 0.2817746671391763
0.5234273316136647 0.9829992517529483 0.015795040389207756 0.5418112960880969
0.9627999538829779 0.6500952634465453 0.13152401705551853 0.23128670059579548
0.5642788563889019 0.2826678636965303 0.2726510888824247 0.2355339694326677
0.5310419841751799 0.9012539878414023 0.22673644910159751 0.5597396968913604
0.6274816817232862 0.8102070128329366 0.4111194783089269 0.2702532628630747
0.7931146538867715 0.8459214781872627 0.4419830521451118 0.19586360684089854
0.9979824305285792 0.15768787516212054 0.41166402069784214 0.08549268194063142
0.9726183247790764 0.5217066305792502 0.11121813444702629 0.17326770783958062
0.9065121403252157 0.16180675479755902 0.09006718374972866 0.1543259060228115
0.5938417484678142 0.377082392814188 0.6970706771642924 0.15181579055666505
0.8125049050192759 0.2145366149139437 0.44954810886776286 0.038060727030283514
0.5312331657476926 0.9959841137710919 0.020098392093521704 0.5460735568510066
0.7124530473951441 0.8897962403010844 0.09327142938852595 0.44678869931924603
0.9115891648377008 0.82735301113674 0.5786793575051536 0.190031767885376
0.9172305873463564 0.4813805347806617 0.4836551685788816 0.015212142916290805
0.8705837204034541 0.9117436299608199 0.5348386508369671 0.2595418954020863
0.7603641331893221 0.5254909244334848 0.8454311328966639 0.24820010849551488
0.692484431594103 0.5851182250733693 0.19492550928264585 0.4980335535508016
0.8579313539174809 0.22689817285251923 0.5011276621126433 0.0006425845647859418
0.7468156097715305 0.7232903436406007 0.48007237941650516 0.04943571599054486
0.8090124935429058 0.9940465327979896 0.22133987888887718 0.1780369255367178
0.539034769356636 0.2529561620291517 0.9208380755216687 0.09722273043818586
0.6359531416849826 0.3001206628230104 0.7722085550574719 0.10241188091150022
0.9075771746829671 0.8044689623515844 0.33467819909108 0.2034854732616318
0.8626924936020309 0.9869074475166408 0.022950305130198245 0.8101028599576022
0.8288632510047602 0.5882769935359251 0.8042328590323096 0.3344697631082916
0.7155374287912324 0.4990831089602644 0.28839760992452224 0.34131527961926644
0.5746553017880278 0.9668756689148015 0.012866087302218242 0.4600779412177854
0.6924902311842853 0.654572347489941 0.4316311000047127 0.32490694900565087
0.8147662233477604 0.41752615175500196 0.24673408053333767 0.03295689626296738
0.6617115018095454 0.20812720196560597 0.29751550797629667 0.004880716865061974
0.7027049235795926 0.9834475241528154 0.4159024526669448 0.25119102384348535
0.9318069192801657 0.6628412070595324 0.15322044188748407 0.00120794167096272
0.5550886901569116 0.2921926391038716 0.6301660339102364 0.08401538405597453
0.9005601512846884 0.5619107550747362 0.03589379810413362 0.5561756730485032
0.6429640550094429 0.6195387426528466 0.053769087833777734 0.46977866486535236
0.5680773692216023 0.6148291079590225 0.11189534294243675 0.04670008430545125
0.6216265815775359 0.27231782860638454 0.9412210650410732 0.25959060985506993
0.8977763308233004 0.5459753750007751 0.4063802685088073 0.06305051990464325
0.573893864173207 0.9023105805415188 0.45743997421089233 0.449372925328571
0.6034058691290811 0.7126985905131882 0.6239975825337556 0.45675068643071054
0.869362199901957 0.58790309753961 0.622523584196353 0.06642064553964122
0.6916855633125731 0.7792036090425738 0.5821050777674657 0.04218734890585829
0.5260081497219848 0.43065995969091186 0.6771509493716721 0.07348191127837422
0.894476239104393 0.7977355994130559 0.48556175545882185 0.14120441264049433
0.6081878748149028 0.5462220516522565 0.14956102532155882 0.5149811482249778
0.6924969820481405 0.5978584242901954 0.626421161543746 0.004369053031303083
0.5820482714719765 0.3427006326338765 0.12038375065886336 0.07234686111007615
0.7080233210798581 0.5414579930000905 0.2308621331275411 0.36643730793071505
0.5460609513936698 0.9419313523511168 0.5135078958304338 0.9148427144205535
0.5021055106852685 0.4129922766872811 0.7731344403561557 0.04901105275799722
0.6663981854514415 0.9632998153196386 0.05938330373451706 0.025028656877729816
0.9041308186012438 0.9099156639745054 0.2052009215303494 0.13366232704288206
0.6384320994568928 0.7492137115677675 0.5490252112831866 0.4622537135827045
0.7372925374986272 0.5100851476778436 0.24481570210571846 0.4677951656437216
0.6342044451274859 0.5625580234353897 0.7109279524347429 0.2666199924417363
0.8152019144870986 0.9029292213033031 0.19187820445090864 0.37334328232434033
0.672881699975574 0.54833383305842 0.8538786445606741 0.14538286858605476
0.9064141547403413 0.45469509182162415 0.8764260939041489 0.2216107031832415
0.573813391392415 0.7994540410339115 0.16288546661457604 0.5565876142790072
0.5335322119128794 0.8167344342257206 0.24196935855500357 0.7978533209774783
0.7588018542702759 0.6629149288323042 0.54903679763484 0.005188556456393378
0.9423840422099626 0.6325716456434954 0.028714889939039496 0.4108297526658809
0.5395687782449272 0.1936900492425231 0.2189899741136987 0.1068972855806748
0.5207791244876714 0.8417579587195763 0.34826229437061773 0.4284360421964726
0.8990108344312772 0.14898883747894942 0.38291662853476205 0.13406941462729738
0.7482487681567873 0.7516008433607193 0.32870848974496525 0.3032968389140911
0.8735746194172395 0.6569067564663684 0.02685831816503992 0.44421424710511875
0.9886479214015349 0.46076597652559315 0.6770515132850374 0.43800370423599433
0.8824458072060604 0.7970967370085287 0.21390360637072003 0.22594954496881348
0.6423476550550289 0.299021231734485 0.7226436167765452 0.19270616119340733
0.7493583846929539 0.9924966219455713 0.31422386024242055 0.531557963426033
0.6561196238041549 0.4233078307371183 0.5547859526598364 0.3143313916146372
0.9928827697619262 0.6254639313153431 0.5588567882685592 0.2386660564709282
0.5148463184233165 0.6457878019075949 0.36592608407797655 0.37548006901592934
0.9245156839124894 0.7900974571534594 0.34746870348439174 0.13004996801061885
0.8333691936637667 0.91788452160552 0.2749575708475558 0.5386501358164218
0.6613442742479767 0.6541643852947787 0.35052750219198536 0.27173275581678735
0.8033861052391185 0.7949871438423959 0.03705675407287501 0.27990323165808473
0.7898605401035376 0.7798605004797836 0.6001483114368917 0.19678729795373595
0.6551281568597505 0.9843049498505652 0.4927578328797786 0.45217516869538343
0.7813944559572166 0.9769730014597924 0.3138488710410723 0.015611033861906876
0.742258262668134 0.4176501034713418 0.7152067496093408 0.10578464664937617
0.8665184815104974 0.5123294439974125 0.12855299107023743 0.13313704546876393
0.8618658852079772 0.4100554742244775 0.6106519652237963 0.2805021264358438
0.7535544631004518 0.5794643885525718 0.6065866931220927 0.006696166204797294
0.5911281345718027 0.5093479265744567 0.15981492849919182 0.2096560824792677
0.944811690576633 0.24628518186630388 0.4013090585322807 0.115130308839653
0.7141978616206163 0.5710839917089496 0.7830989781972857 0.46956245657522566
0.7593764216945285 0.5922316883870842 0.7614058032734587 0.10620024982274057
0.7873995327049723 0.9645054131159547 0.2934064051793115 0.9434843255377141
0.8823816506936377 0.9068904051148238 0.2866826064623975 0.4706545389894261
0.9737344314383747 0.7953262284592368 0.38856288434214203 0.2887311850050658
0.5221925729032044 0.5906114693273317 0.33301873681050204 0.10240990225736124
0.597097762234728 0.9776287135526608 0.025198596159513538 0.4558386326117385
0.7372839903984989 0.6690780235761025 0.0809674641114686 0.24433860366070093
0.7112675493460259 0.5939721777358558 0.44191357311665325 0.14302323237990144
0.825866937861286 0.7568686138167838 0.486303888167938 0.29121788623174766
0.9780671977265738 0.9177076478766666 0.2812383657297097 0.7080591112660919
0.6859093602324211 0.9268292226626416 0.1595728825032161 0.08046306398498537
0.8021540561438587 0.8953009534314091 0.054556641818553686 0.5568805684138768
0.5551749062080753 0.3457694344302107 0.3426931158887081 0.03192553006691545
0.5531886256590015 0.2589315093331823 0.23211028605884992 0.16592684427646454
0.798190679871127 0.5510811524465311 0.4628147315142688 0.019828397243354084
0.8891989600844239 0.7900827255601824 0.47209277204605027 0.06743438440061134
0.9353531207217554 0.6092530004183754 0.37254181419309634 0.4353406550963064
0.5289077686207706 0.8255907066721839 0.37089048890390686 0.04070230109009221
0.8268648786703033 0.7743335184366023 0.25178658784572994 0.35722715110232217
0.5289498712619861 0.9779151259888972 0.010940395546365363 0.5480971303498715
0.9844569206737157 0.911694649121813 0.2530527430631264 0.5047830126952976
0.9749500178291761 0.5408221000743421 0.5436019200105378 0.3700629387725004
0.9950891460074627 0.5576353759808085 0.28789259963570757 0.4692133167546162
0.5059606888998525 0.5419962766007986 0.2562608859717337 0.4131222864237942
0.6783870277777742 0.5060021153291676 0.255099276336481 0.4117286395305392
0.6730014132310096 0.8465539584757658 0.21086727643060144 0.23058424429658253
0.6350641488570925 0.2423182604157026 0.2732725259601465 0.24092027837112107
0.6882724596601166 0.7541376694913613 0.1554490893812568 0.14163220056195808
0.9483112051920615 0.9716416203446503 0.04527594075384378 0.5562012318053544
0.9524702259200959 0.9747055254980026 0.30230901345905004 0.2743807079320312
0.5718068381120958 0.9125640063018654 0.07770639403442559 0.3668131066190934
0.6034684683077451 0.8527946313446276 0.4624302923739763 0.4201754527165096
0.9392195223876791 0.45705469319662306 0.002682445438125569 0.3146958489817582
0.6796106088582441 0.3728322840295226 0.819430076494946 0.04845629877986468
0.7879185233367583 0.5075783620711731 0.8007556822080559 0.28189593351571346
0.868575526356171 0.5529257408291985 0.5699767229469495 0.3206259470166528
0.6954403765522776 0.8249328213524898 0.37272699743590254 0.045380656577843896
0.9658873721096035 0.8026098084345217 0.044493548420590834 0.7583256305709112
0.7915509850762247 0.4832512544012202 0.08481035965337202 0.4445778487006331
0.6407695936074207 0.9824528797624142 0.3422354572713395 0.2681021281546907
0.5077873045037188 0.9325521857579634 0.0057558002675326 0.3450252314917177
0.7584058921256234 0.6731227177431713 0.23596277884307604 0.449390036147432
0.8470030112905231 0.028715673155780053 0.3320395054752864 0.012747776281690104
0.8235599553666311 0.8368222402627106 0.2649423375606193 0.5897068717893048
0.9205363610403461 0.4931929637550856 0.8791633918019324 0.29744754244439875
0.735577833706631 0.45663783729965957 0.2608898599421394 0.38470143366812115
0.7718994528882185 0.9949718325405632 0.23605791210227434 0.033469534574612325
0.6792687897559584 0.7417593284183361 0.16909022668995605 0.21455564946337102
0.8656314634177935 0.6581711953073421 0.09358015585849078 0.07941988096911026
0.8735342714539885 0.7329969571394024 0.5419556941341025 0.5919936236713967
0.88529273668894 0.2581922053945797 0.5816093515146543 0.08264683790855054
0.7721527941469875 0.7228899523136754 0.5548826402468178 0.4232519702918288
0.8705637009021956 0.6206672812402978 0.0444294967831631 0.4465191467891363
0.7864338593625888 0.6285151152237979 0.463222206455022 0.12326829634941004
0.7259589522290422 0.345289842608981 0.1897581217970023 0.34190510324539103
0.6541471696074874 0.9553201949402972 0.1214111568220301 0.5715064253045494
0.6692001126440892 0.7664107020236335 0.06825072479074201 0.6096233817522276
0.7212366178383106 0.873077186766571 0.24237874328144127 0.2652547867320551
0.7465008960622601 0.2861829060200913 0.010572197828050633 0.019468262970057992
0.9614743275544655 0.4323055662751525 0.9962975385895378 0.043181393483010144
0.5346122338895407 0.27473962625721204 0.21139050411361104 0.04929160426081047
0.8827470260642092 0.6534975978698929 0.2803616478874673 0.4136947268955691
0.7345375460601915 0.5879536948099617 0.7288638332488917 0.4819367792345801
0.8703617614477721 0.8492620392349775 0.026724096299994338 0.1988633480283788
0.9891591678220769 0.7935419871325688 0.26620838038967776 0.11598440687998757
0.8159167037670958 0.8617637634211514 0.16457921675133935 0.7472133929897737
0.6162871977951108 0.7605269886136758 0.3249935296857984 0.3390776079862803
0.5884320050116294 0.7550414465744718 0.4094182437276449 0.19397123498272428
0.9593130266156409 0.4276599431015151 0.1504493459712235 0.053635578942818896
0.5409947779653366 0.9548605619319543 0.4111660197147473 0.32688361820791423
0.5148463184233165 0.9825815298491438 0.026281223026490608 0.7648833802982133
0.591932686129101 0.2305135260354474 0.80985929483661 0.024128648450629786
0.8576558461011636 0.217482293074577 0.9213039429376662 0.03808902873203479
0.8870200946525983 0.436445912216441 0.7773688150083409 0.2056203970047097
0.6204138847306737 0.30117977709749066 0.5549891882687747 0.07946453508823792
0.631730224504955 0.4350100489714439 0.2388434589748655 0.14163220056195835
0.8570283342808489 0.986637734902029 0.21618342977696603 0.8494201983160311
0.7541822263796762 0.4812383698127678 0.4604364859600576 0.3149060644703037
0.9384801836237511 0.7851377091870702 0.3736671403445153 0.6027006091807081
0.9234986644085267 0.38133751587298903 0.8388725710653411 0.0807284887370168
0.5000150291263843 0.8321093420991821 0.002571477996745841 0.8184298121585316
0.5411152062574538 0.9587457106911522 0.0196023499015649 0.41942506437487914
0.5510077782505038 0.8594900577658082 0.5536984894376022 0.5711429409884463
0.914911401058367 0.18481799522974995 0.8182068093225808 0.1627726598142445
0.5056863852323229 0.49564230658914177 0.04951586659936691 0.2652453487158586
0.8029066115674992 0.639617431476151 0.36945633492392815 0.20092420003071632
0.8485331643848146 0.93686612676341 0.3639778229049212 0.41329474382206305
0.7831741354233029 0.3406908053861901 0.3957678508785758 0.2357191254368498
0.9657554366614782 0.6364744479093929 0.3961551261754064 0.08037642186830674
0.6333826270617315 0.9787324995709632 0.3749160605221 0.5262625558315267
0.9190041853197553 0.876583267427339 0.4860448685932113 0.16692526894585047
0.5689597012143405 0.9810614830688869 0.02522420029878721 0.5004305013182045
0.760188665350432 0.6881687059593157 0.4566899313046715 0.3664996206318405
0.9662319775867273 0.43813459508296404 0.5015492742026733 0.2556300188446796
0.8583051875998663 0.6342756062480674 0.359751573438583 0.4883037643006034
0.5590976862838644 0.7833379482995406 0.32706271246978513 0.05050046026719146
0.5993633026954825 0.8025140536687712 0.4524804364240502 0.17610373696913295
0.783990022716257 0.5420299969678486 0.5058674311989257 0.2420815820541936
0.7787972021362979 0.8093742971431594 0.33861891118462983 0.7405687208277123
0.5225663057850598 0.9101899165756524 0.210745030605338 0.30853202726398143
0.7731401008860379 0.23305945893416585 0.5251273448725516 0.057838924179178776
0.7755795384594144 0.914832877803315 0.4300243766507008 0.8809570847756945
0.9395598719582481 0.5456507703904387 0.3778385374856792 0.13619732601605117
0.5604172882991298 0.786083697215756 0.3165989815021006 0.37432223213569915
0.8039438139059842 0.43028531645205254 0.3828638958293973 0.2903926982414209
0.8883524410423913 0.5513793917872878 0.662798541632788 0.23741818814926496
0.9155315657079124 0.5093289282200772 0.23981870450228038 0.3815573711287072
0.8162506033525156 0.9305701999940652 0.07559483513481846 0.32976689035699575
0.8046897252817446 0.12752116769590743 0.8701048737169689 0.0973013984925224
0.8276575302761966 0.7212771594250073 0.11488069566338255 0.06760125145754836
0.7649570416030436 0.6220021554015369 0.412879473001901 0.14747617710282768
0.887213446955345 0.2167552008716822 0.1586924083196486 0.11602892768780815
0.5372175443919256 0.461322485344402 0.7901570189996838 0.27418291579686027
0.7665876664065244 0.7850466745862164 0.33924605301594735 0.19416467044312802
0.9604198288297277 0.5743862417844783 0.6010340087460984 0.31133385258796764
0.776991771811524 0.4260778366743381 0.5796738349621009 0.3482076666330967
0.584923634312053 0.7433958865235977 0.4948175319968353 0.1826569289571065
0.5080034120362698 0.5012317687667693 0.1415686111823149 0.1856217933544007
0.6849500355462559 0.951291034125727 0.11383063170873217 0.6680830350448144
0.8144589151620435 0.26555725308853795 0.4020056558713936 0.1993154766506553
0.5712036692115703 0.5729842496258186 0.053037969309277955 0.286892246100159
0.6501824378101952 0.5996789789418999 0.570306776704268 0.5653055842827008
0.7287537991417796 0.8024488569438133 0.07211628394785252 0.11242097118129202
0.7608744861520149 0.6432838011751105 0.10251957391399102 0.25304077342637665
0.6578375143373127 0.7365191351925096 0.3552191909905079 0.4707878727945829
0.5642904834129685 0.7175366158507623 0.4877831352548556 0.6237121712755949
0.8244170541363536 0.4022831484699987 0.18524960701541016 0.04286991170224291
0.7777883808114048 0.6084416253134712 0.6514624300808833 0.26635457720201594
0.5827854845255916 0.49036024986193816 0.21993389461268542 0.11549731901661842
0.542743062508614 0.97845161432598 0.44555426731827374 0.4731245116069855
0.7759049294976634 0.8022813531192695 0.6182136801045317 0.2546081340002561
0.962248737178828 0.930966466700726 0.03374359526550785 0.5778471502671403
0.6526012218987304 0.5816124707298761 0.23137287776466353 0.35779784939054204
0.9779916484454163 0.7857468198588764 0.4463343296973905 0.297898648972747
0.6404940230659988 0.8364458978545981 0.2926060326081812 0.1813050667994316
0.8233746612508295 0.8627564786555013 0.5684858888128803 0.05220716257509972
0.5948497676443818 0.9265850701105371 0.2425068088353512 0.8733665086052707
0.6649687218275049 0.0911636289199369 0.4501481708585189 0.005444890168357475
0.8419279621722959 0.2886206201685998 0.020881041360144348 0.2727182599431335
0.9364014945917403 0.8550215581720728 0.3351597905939925 0.4654813454203308
0.9342053236273451 0.8106596256145642 0.2640195243194938 0.5323467478821513
0.890846377573828 0.7353928522578776 0.34409846801473165 0.5425703578784572
0.9917951542234849 0.8150060703020552 0.29231985763003543 0.7618116530185269
0.5439567964290615 0.5723906890319066 0.4649533602838269 0.16043139588303168
0.844719576630891 0.8101167121914719 0.46911570145874526 0.31622018495357496
0.6392756799919178 0.9247695908750024 0.07844691644669177 0.8021194274821037
0.9051663297885177 0.6604598340037864 0.21001032288305896 0.21194425348518742
0.9762825427196615 0.42760012016822424 0.5235586596416107 0.3083339343920506
0.6766033197120489 0.7764687338544052 0.20453906663914267 0.6084708431687362
0.7188536927563591 0.7934803332611335 0.18300308990541403 0.6275213457315827
0.7602284207043328 0.43418915417106885 0.5673871302137967 0.14627162853564968
0.74399808371438 0.7810517497489116 0.22144410139735357 0.5089974162972792
0.9005601512846884 0.12370988800829003 0.5826660969541582 0.040765814984935145
0.937336169959659 0.5668126463876132 0.8105867260600056 0.38818181857570677
0.6004128539790768 0.9542710645243973 0.3450557160440643 0.1195392099973573
0.8918401980678302 0.15178133491802992 0.7967127290198164 0.035832591333249564
0.8018460407053638 0.9495941228686374 0.4278822443176047 0.7332676765697593
0.6582865872075174 0.4031178757858731 0.17409671242761515 0.2894580449995816
0.5092475489913214 0.995379279116471 0.008914982718718944 0.5001232705660505
0.8250654656184122 0.7795036754061386 0.16651349041741703 0.7320388649497263
0.9740817680204734 0.9675571608857043 0.3004113635357144 0.2619890188303504
0.987323770664581 0.39639632371884603 0.10399606859116639 0.13700302828575972
0.8484478364053658 0.6742108875848842 0.052764931730784136 0.29363299836509205
0.8934531600723279 0.575205959017255 0.5322278679190404 0.15026181191140303
0.880400413793989 0.81715517801405 0.08403689430371841 0.4756946185348707
0.7579702973471463 0.7909125057634048 0.07292166670728406 0.20955478174012065
0.7073484912680094 0.6014265164653594 0.5529287179407127 0.29656575186969064
0.8274802436269654 0.6213252170426777 0.0040170002820808515 0.010351900999427954
0.8841361967748782 0.5000520438789715 0.7615931485912522 0.1980048041724234
0.6621812617838607 0.4255118472416548 0.1333084495074921 0.3101935757170098
0.8221564773056234 0.5053563547636717 0.07822378444167555 0.09009941836232471
0.8162835708072131 0.5164332938231722 0.2323714886062893 0.11246467601154286
0.9306819976871035 0.7579075318112607 0.4867336957283488 0.013878285171663118
0.6838142972067907 0.4985141844126737 0.7529264055855691 0.3384654440124806
0.7663289129825878 0.8210177548359529 0.5594909697333001 0.5602649614849146
0.71263581266456 0.4788517482227306 0.27413920951737314 0.2513770139983773
0.9977675638625083 0.9671726884714893 0.3716925433675726 0.2931714007833351
0.5195924969054779 0.9902751950086763 0.32393545443115457 0.8102393007443616
0.6804890675099922 0.924837449887411 0.5228697044158261 0.785652822501483
0.7290995022854199 0.6808626071042974 0.0013019744204001427 0.2812795566185011
0.7166934435349727 0.659065373430397 0.6415450893299757 0.6181043960694721
0.5381744164466102 0.9658385349803186 0.025527841135152843 0.5065971233917044
0.6379936387087862 0.7005121112272135 0.22353201697087588 0.4105035485992885
0.5130538867825548 0.09596947295898595 0.6895770921570978 0.08403893693482989
0.7002180224223602 0.9197095721305129 0.05359268353056734 0.6853322324984312
0.5910750216536301 0.63249127276393 0.3952295235525941 0.4610963556997872
0.6131653389129643 0.17637578661063644 0.8643883960876539 0.15107064559328265
0.9576555104345537 0.7857702811021321 0.4847215675927853 0.007037429108385229
0.5754944894325051 0.7214347344805713 0.4037421292248382 0.011000376708182102
0.898409190944327 0.3855790191953363 0.6961418361166118 0.05251623400854802
0.8289344406754253 0.7415677662164857 0.0743953955043759 0.6950705480604004
0.8306613305784234 0.4914625868324798 0.14480630678491302 0.1784840868838743
0.5952316624889995 0.967377349347193 0.040500380690316765 0.5266095230215121
0.8720966044980898 0.47573643625538864 0.13220096737205705 0.3826209012349988
0.7130344613420534 0.531859537277406 0.47563921137209725 0.4957599756380566
0.9896512779320306 0.5155428516047897 0.5481275404787382 0.1917831860506638
0.9245810225989817 0.9267621402101544 0.21349783086106555 0.49293334862871657
0.5268906647949549 0.7053655821312255 0.40675973964945067 0.29674729537527433
0.9672219971963507 0.9709521748966177 0.24459868007217228 0.885309994713817
0.522262353262775 0.966787592642639 0.21383401150335857 0.23180267352871967
0.6767471833873305 0.7305881724511138 0.20025589714227188 0.700216970916094
0.6447078155056285 0.49103556480011656 0.51598681534182 0.25468230461089303
0.8402118119774404 0.8846397914163426 0.19726405971742267 0.5745894020681136
0.6827252543751138 0.7726004114090492 0.14429175975487052 0.04792571357731745
0.9315456226030729 0.8721312217637516 0.4102891961393471 0.11261258320811396
0.8901001324836804 0.4571902602303446 0.8842342784576163 0.41211374985913757
0.7194373761908159 0.945180695622951 0.1539861690548019 0.42076455988708716
0.8705918270156048 0.7340348517663586 0.3769473781728605 0.32509937850020343
0.624477156122511 0.9572722157631921 0.1531539908416026 0.555580057133869
0.7683719187313107 0.243664866097272 0.31862026113396613 0.0806591451144234
0.6340375899265887 0.1856530027433072 0.9063897442973241 0.05142561686961785
0.9830055226658091 0.8404889717096431 0.30332210889988076 0.6817701628573483
0.7517153109861685 0.8627071922495445 0.29148588174606793 0.12236464102615052
0.6252387169527782 0.814841559095064 0.3269132072578207 0.37480229910098917
0.9288750755930797 0.6782257385790267 0.5468802969760347 0.4824216432693208
0.8346699985091719 0.669919195813049 0.6500994022888005 0.15256654150995627
0.564777126990178 0.5153751718258271 0.3093692725882278 0.10757594353042294
0.8690286507883402 0.5906225605695625 0.4498344298542031 0.4601496140177015
0.758908939209318 0.8165056415695506 0.030102003887967577 0.1866986050048336
0.5728638847445611 0.7982803047058658 0.46715815524388216 0.6050295437176701
0.5091476927567191 0.2407200213562355 0.7418223953391672 0.10793622959554305
0.5694196467648467 0.872916956632945 0.1749351696698298 0.7580128028370439
0.8057209649527031 0.1696186060814055 0.42716815283233633 0.14192945856829775
0.6151329572223141 0.5104205791858478 0.3588772534925422 0.017341225650128522
0.8652353016233798 0.4151329125333554 0.3494381143976229 0.14298802491686224
0.5378196564223723 0.6695552222252912 0.5702311565423588 0.42421041789364977
0.7277794582475657 0.5912964713165798 0.13505231876629153 0.011000376708182102
0.6836231544002939 0.6889710275772849 0.5070047788009407 0.37607331073500117
0.9353667301467049 0.6744857341429444 0.30317411851783405 0.23520199839456168
0.7179520531685071 0.7370408139361709 0.06690088121385182 0.34488636025861297
0.7997866596893086 0.13054919407317467 0.2970034387686361 0.03330617404408809
0.7685554795817664 0.8166074067110998 0.4361805518926083 0.1472251728558558
0.5930961297948674 0.48080553150730854 0.5997292074991114 0.11089277151778276
0.800994551513579 0.4323341384670403 0.3283451299976612 0.16966264677101967
0.5869454078768808 0.9413116819540974 0.4546505523854303 0.7229207561723554
0.9939924992124355 0.48177773754729003 0.22749055957797992 0.2304120863726255
0.6871448687403499 0.4641555772887759 0.36555114867782884 0.010383018945261835
0.9771003343173854 0.8569359059791944 0.15414895689987462 0.27472676838643517
0.7069300083894131 0.9968253234730549 0.137649291851701 0.6905524989253251
0.8941716648624644 0.9757013846369766 0.282265971691531 0.2344556307786081
0.8518533881341793 0.8770694151711427 0.5243273942815208 0.5135500868112322
0.7880335947030135 0.7582683900406576 0.5551662810433324 0.5825238504714569
0.6710542120725383 0.21419348240538483 0.5183893972898943 0.11911152687365223
0.9596306328462738 0.5969537414430297 0.7296051174373308 0.5645900026773575
0.6078327628935076 0.5164756530619585 0.23304709220321773 0.46575387332484636
0.52280434665846 0.75760593031784 0.19099614267101828 0.7229700831652036
0.9502956866316171 0.5852391682353577 0.7573813979165855 0.5344449424859772
0.6748715319622232 0.5283373766640427 0.7049496378663318 0.16911744433705866
0.7220835064295825 0.44753206110442423 0.5723174550388711 0.08845568344844068
0.677062056631372 0.45645822583353857 0.8063182488309306 0.17459372821090602
0.8417673446190292 0.7526884622850067 0.4407958140431818 0.12537104254964881
0.9293988028902579 0.6757455497912055 0.6527091275134511 0.06989127594461948
0.9010992571085273 0.7051368084235428 0.5821181221866072 0.5623260215586792
0.9205316284562428 0.8971968759588773 0.2778679656439418 0.16104876936461943
0.890798222783304 0.13815449239518596 0.42154478809873197 0.10364380846204124
0.5269257614889584 0.2223524874942968 0.582906887931177 0.17760848747338526
0.7833082939820433 0.8131510570873139 0.5570243619810071 0.7233530581239265
0.5000150291263843 0.6225261767444201 0.002571477996745841 0.07125157733601428
0.8565803462319316 0.5225405131341914 0.14242555020869674 0.4958057850153281
0.8040910025355585 0.6184904805060111 0.042730632003921465 0.5530071739618592
0.881418602804453 0.58174109747844 0.3986639814133781 0.15383097054916633
0.7509906811111791 0.5192563125015025 0.0716035927043163 0.33830978775657766
0.6899731429430923 0.7531105802489666 0.14294534552296412 0.6838927052845898
0.836308296504515 0.8067938012762266 0.4578727954756294 0.23522031932503173
0.9764082273380983 0.7519014230254832 0.6395775744293299 0.07595182555528313
0.6392384927834227 0.7785247671645799 0.5864332818423779 0.42915108365236776
0.687708633859087 0.8819085058862016 0.1308412339508802 0.15473065428624322
0.8415402407077863 0.9586090043911495 0.4083704803052379 0.2812617947058662
0.6644555937014971 0.8612377476455395 0.45243809555277714 0.16930400550638502
0.9265574206498273 0.9426230959826967 0.21341590030898416 0.6586661190492318
0.9663910296980636 0.3391350729518443 0.8883252309623124 0.1783039308090848
0.994426161532656 0.610538388099511 0.24832064256466202 0.37550920012067035
0.5165351449207802 0.9442855719308345 0.002161744073585537 0.38010925615731406
0.9754976127129389 0.9253971505196255 0.16442938224458992 0.7612751696130744
0.5252438376703326 0.9007425257808421 0.16962371202567716 0.5566804861907855
0.9047818692999456 0.7346272472969961 0.008895388255510284 0.011198121610977552
0.9637531686192858 0.5596933800099863 0.2706039822421471 0.15133229448375607
0.5060048354913432 0.8291322640069401 0.2815659129418968 0.04126660217594136
0.8832432004619832 0.703764164471453 0.26424242874266923 0.5423253961171628
0.9362832151720126 0.4774220303632308 0.16394762686319186 0.032352698806074276
0.692484431594103 0.6415131816051076 0.19492550928264407 0.47491562481604094
0.7902339693136086 0.48548835375823174 0.8536776572070701 0.23322679374661703
0.8260466343100346 0.9757431022715544 0.4842382860157164 0.5027840591804615
0.9710524807130891 0.3722684557563687 0.27212156057034975 0.21311941492942488
0.5563018154133347 0.689125955168528 0.6377163943421547 0.15249912524823586
0.6130904066765339 0.7561732116443841 0.29446991970781333 0.5270782607670768
0.5247183240118236 0.8729061238286882 0.2767189005223753 0.27086492082934654
0.6826856474156963 0.19881722000630386 0.3710468070758992 0.13109007167439746
0.7931431772149465 0.6819086399918932 0.1898725362979352 0.3739709025302105
0.6668132302638528 0.6067425795880315 0.8144666832979421 0.06834457433997787
0.8122533590951235 0.45075208844979886 0.30328467455470687 0.06309424884683779
0.7895915198235719 0.1434119451913388 0.9678933796971946 0.06407366397642589
0.6211989787094016 0.983573908582744 0.387223255434487 0.45422688179929366
0.5332684634406808 0.16942205937864727 0.38284833358838855 0.06184332306440243
0.5412563877267345 0.6985444153721265 0.06497990383956065 0.3495609435942686
0.789075366498631 0.9540376858330823 0.11268005343077725 0.7289876420620349
0.5474822656257443 0.8397293389383909 0.4732561775691293 0.18422408301517024
0.7651119863174692 0.43162046960237 0.8700360016290181 0.011927913023577208
0.793432507465903 0.66222443361222 0.3025230801432386 0.2717785342207506
0.598949404744432 0.2521219769102565 0.9983137934565214 0.13206851563563582
0.9445883888537274 0.3167749636312631 0.4586436288741531 0.27005215847888664
0.7900977053971654 0.8265512234823453 0.10328018876491434 0.4915816824743189
0.557724094841503 0.7378736206546046 0.19104204217962728 0.047851643645899444
0.5462381095319522 0.9521002678094437 0.10582907093559069 0.07206554532600884
0.9664554193595132 0.2602015259234731 0.8896637018978356 0.14484002049965072
0.965343364134515 0.9289225126788598 0.1784955658389634 0.18877884496711592
0.7950004202641363 0.39189330648466925 0.8237150413225951 0.1678812584119107
0.5387378576774822 0.5720788301900027 0.01849279241294388 0.12126136287102263
0.6161396772043095 0.5106198045024766 0.636847239309708 0.12838194063752353
0.6013425579409819 0.7349809630137771 0.5761188114396512 0.27407566363888014
0.6490374139236184 0.923419783427231 0.5223990126100257 0.47099696834095195
0.7021674628412315 0.988515097696157 0.31135718845026017 0.7907801997070738
0.8399169830298598 0.6045728611144268 0.20708440122234517 0.07554040850290245
0.9453128344908324 0.9046522338027846 0.5401694915225121 0.18757235996001898
0.6634270635819335 0.33378385506116093 0.8849263940968147 0.24144087284818352
0.5914219374525111 0.7804688518520435 0.4660921472933326 0.5924147553540036
0.7323125105758805 0.4443614881329683 0.10369816854224823 0.01341613549255527
0.9979265197585008 0.8600134747598354 0.09091525158901703 0.549762004138054
0.5647661755794218 0.6846898488190512 0.5748575759127956 0.3924209284960014
0.6908466066590643 0.2600995101543102 0.3052315494850655 0.1892147189525346
0.8448818773208293 0.2097443025414234 0.535942731625485 0.011000376708182102
0.8156027498581822 0.8920264604675445 0.5108871858390192 0.17346212451440202
0.7627787257502947 0.8353632798794155 0.2532382178604391 0.3710306938472536
0.5710931343313117 0.7387053453004473 0.34090496337389986 0.39427281628667626
0.7331700236037691 0.8054940196076172 0.3033899544494678 0.009454424561246705
0.7098119177200962 0.6213274021966226 0.3948781949941038 0.6020809821663189
0.5307687400028054 0.2902718766562651 0.8571166296335071 0.2875209489999828
0.7339992830506663 0.545417263648537 0.6840251783667874 0.5303261818985773
0.9350214885202344 0.22134148646358076 0.8926364710853537 0.006294870006409603
0.6547529278042361 0.30492132740301126 0.9363519831164591 0.021380467342798415
0.8894965679023505 0.9108430434292414 0.4858616502943356 0.4480966835258533
0.7612011084099572 0.4261786767644557 0.577623209705072 0.36549716951948064
0.6111416030322978 0.42927500203274693 0.03811562780636191 0.12327794549476323
0.887250679821018 0.7827460081224786 0.5703005002568414 0.36977309328209795
0.5703128698198817 0.5767511052061742 0.779367949978699 0.17225168891567644
0.7900379356081597 0.5721988171957514 0.453018774110548 0.08773069809817335
0.6419110596506106 0.7681947489847347 0.1360629392400443 0.3496972547399846
0.609363169036444 0.5085305499466206 0.4663281758474471 0.24956188651642686
0.7906019343590729 0.05105449051080502 0.5865142691240126 0.011014395048347225
0.8517591416607091 0.6884190161651631 0.33655413922131344 0.3453587175451486
0.8358214246496153 0.6610754608429201 0.2629170554722795 0.24064039692937295
0.891070779239059 0.631893796525808 0.16104488979057605 0.1637114375139065
0.9751402144389922 0.25100271810270847 0.18666304799192446 0.2286969635648861
0.8268075598254285 0.43543994624080345 0.5399464572166932 0.3915063882375329
0.8931298729447641 0.9251149687223226 0.21949767539383858 0.7519489923695454
0.9351540693869147 0.7206545632742749 0.30389175423727083 0.6709755047738235
0.7759049294976599 0.29815100600273986 0.6182136801045317 0.1629753071272395
0.6397722135560437 0.13643887424430745 0.30710442125660853 0.04242068827747136
0.5592491196073213 0.8648339806456171 0.516657115562041 0.845027491407192
0.8670655504514428 0.8940069142890528 0.19703654749892152 0.6793729835538571
0.5334708738046634 0.517701557448186 0.8182539469063403 0.24650606156093602
0.7142415297546931 0.35515520734381956 0.6542446165720008 0.3312214222231755
0.5648020874713047 0.8906608446605482 0.21195166552725284 0.6946841648775425
0.975210339156511 0.24176612419028523 0.12228476761158019 0.21111669665536353
0.926518434898508 0.8532819324789624 0.49481873847527214 0.7717624735881918
0.6289391761418333 0.6179528011419748 0.07211971625601166 0.08662529821636222
0.6765862617532203 0.5873996439162494 0.31270596073490964 0.18545499956638034
0.8837192129756961 0.044594264779508785 0.6337751863389993 0.03543245915905402
0.6997933620464778 0.24172417357185236 0.7836721787956085 0.23543580717292237
0.7529221509248236 0.6886624443758236 0.658751063086342 0.027219886016888323
0.7413513243093091 0.850091175705147 0.019766588276622254 0.4249689821645617
0.8659614149857293 0.5904161092432192 0.5628961790973285 0.11641618063578818
0.5824235405076406 0.3738986147120045 0.10325037520873659 0.03838047921071963
0.7355716900349445 0.647238987283992 0.09631568292389758 0.6016208677413606
0.9902048787673993 0.548757902145121 0.317280217514401 0.3713110918274183
0.5349197407131145 0.5940542274445992 0.7892527614222701 0.12993399183665488
0.9970463332908985 0.5914981806059422 0.020478359796946677 0.20029051094855468
0.6401985191636022 0.5733513818378655 0.4556935867904204 0.5079189753452678
0.9930591530773619 0.16272606508097076 0.02462690024552039 0.051282684512800714
0.6713727702315899 0.15012118680107808 0.8326696577064769 0.08584815324266293
0.5509775784050441 0.48789600030927094 0.24809503262223487 0.29059808776905277
0.7896063745710687 0.8769884669177133 0.0916373023452195 0.3389216533515942
0.6042614861802402 0.8405885355405591 0.07360632353552887 0.3457722993991062
0.532781850946045 0.9867406432626797 0.011416160507939208 0.5545815958391027
0.9860244964494189 0.777561817813486 0.5427134334577848 0.4480603873456497
0.9054603716286636 0.5751213896235452 0.28825031422787184 0.3521133636172376
0.7311429144256809 0.7853985162662946 0.2618056557126831 0.18445692295643762
0.6403993415698697 0.9238531289726228 0.29864270815341953 0.26077897560119445
0.7432566590375931 0.6058465446837551 0.05793830761643193 0.42596661493053095
0.5648927490258799 0.32530648601563594 0.5547323667237589 0.051694838941047205
0.8721479654102244 0.4303137728215365 0.2627758560923432 0.3079007257009852
0.7812601228693562 0.9883984129448963 0.2888564212855975 0.2586844781667601
0.8506291477507285 0.7831524767410531 0.31882329931140774 0.11207793345572148
0.6617115018095454 0.6755925077375116 0.6102904262866315 0.06883329806765337
0.5631204729815074 0.7307914024308122 0.045390665498057814 0.3918530515533689
0.9143637253482333 0.7603171237395628 0.5316277351553627 0.011690499652162512
0.9041881455504873 0.6567924544994934 0.07372866505907183 0.4371998197296194
0.7986393784374054 0.08889156252957237 0.8611263317519406 0.08462422032223893
0.5386390335394167 0.8654090403760305 0.45664808480899044 0.5168715863526914
0.8082225987625616 0.37982363693720933 0.1591802985911892 0.04589022153350708
0.664782914174235 0.7035486766331233 0.6421433225699147 0.2242492361130503
0.8439194834970598 0.9893015377754489 0.43057036903475 0.5855908386765818
0.9656755869929992 0.5767853232815836 0.4923196441252191 0.19372529893527357
0.7053196577226877 0.8966988656177998 0.23218887900397636 0.6869965690375719
0.504259154217074 0.2489240097107807 0.7284669929386034 0.03335413142562338
0.9137748351141298 0.9953219928655608 0.2281989492546912 0.6227536769400304
0.7269424018976292 0.2606344404217502 0.9136295322937091 0.09924734188414619
0.7518894514133825 0.6599138950284695 0.4298190475740684 0.2740889652070701
0.7225392828485999 0.47916164379293924 0.5019420940751234 0.3862408385127072
0.8743357841772523 0.42208633789713734 0.572679244143135 0.11321118943247152
0.534540174675822 0.9778884039425323 0.5045541592507785 0.28745676948633636
0.9606328402574489 0.31417961312358766 0.6664422196890474 0.2851548794351161
0.5007999625512554 0.5906255755282572 0.013771127924544047 0.21189273179390228
0.7783232487277384 0.8721609262724926 0.3692868317235152 0.5462335100926422
0.5748681495434174 0.5714781897268049 0.19806412549995045 0.2930475226595638
0.8054364677263726 0.8082140091170387 0.48105757785822334 0.20877754935105663
0.6612356452119892 0.8491750110544783 0.3729619474892185 0.10560053638339328
0.9395966173604633 0.3734648542226773 0.5823447794038481 0.10560969921460983
0.6085850308633527 0.8298476118666864 0.31283773006086213 0.7232891897983249
0.8569287506394466 0.9004314609607564 0.17259162622132607 0.2023233308800492
0.7517365797827379 0.16609498662194255 0.1990385620996411 0.12774517227466387
0.6654892029458823 0.559189482872231 0.28582157913239714 0.511281537973352
0.6407980778519873 0.9774259665792133 0.2680088354510333 0.1721411836442135
0.5932035435131605 0.8449534939731098 0.5176935854132312 0.7783232829500786
0.9995533487990209 0.7173980091038032 0.2834130684830036 0.31780440283687517
0.7385878150920249 0.9793548555944223 0.2488003513004846 0.3468338256150377
0.7785052962088423 0.3240946598640919 0.47020080033764966 0.17026396108661768
0.556745730374586 0.8519245274176752 0.21446619218691332 0.48468333663111446
0.6673604784265876 0.5152603344982971 0.9577061547375669 0.4932430221408639
0.8016513763687302 0.43713704419819166 0.5187049708242579 0.25723797443712115
0.91952940294984 0.9928656707681884 0.473285774819594 0.21871721945889677
0.7547421288920655 0.8701170460129122 0.4032933619522423 0.053388832464863256
0.8462990432291151 0.44376539832771233 0.36162942748705973 0.19463323742319533
0.65301435217303 0.7046001573019504 0.3806109432174978 0.6930914497725205
0.5477584896603098 0.808643548685948 0.07332063615210727 0.25120668410752794
0.9458147156224008 0.880100037348436 0.5530937729076086 0.6028904864980029
0.9327299195174903 0.6416185156029515 0.020566517430030462 0.5128289961938832
0.6491717397828949 0.9722776947283167 0.4423381025770028 0.2711951391379108
0.7101530169346693 0.9956210913231873 0.4230735793748045 0.6311674144771091
0.7462844113054591 0.6462210334501233 0.3943501226516427 0.3339351584148762
0.9036441163608955 0.8265618425370356 0.21855257644147041 0.5834302508457183
0.6262347272776563 0.6276565225714674 0.31571273576903214 0.2525382369920526
0.938874055444672 0.3634389028062037 0.2102657096526812 0.27118534846406916
0.8492514942026634 0.5691687751050907 0.44786291890292507 0.0725920128993924
0.6040652605116273 0.4668314451221618 0.3479904015987465 0.45614536066834077
0.5125092900864048 0.6338434754940288 0.23429711740078468 0.39828175180082814
0.7277918515075334 0.6311619210129837 0.08272930559301273 0.47318879378713474
0.6535045602484889 0.8613865297585234 0.0014843287184405293 0.13370771381139485
0.9820402023831857 0.7340495758962574 0.3332027677447398 0.41690504530067907
0.6183783532323814 0.7264997038457377 0.3950340059604973 0.7178260102829075
0.7653749301797257 0.8986665668500748 0.5325257447558552 0.5271189234616918
0.7234727054865978 0.5038653477151186 0.8798501670328113 0.4853160641442803
0.7148037631309059 0.9813389842016291 0.5086155092160607 0.3302460296826293
0.5099988650932117 0.4425218875601882 0.9330418292169007 0.19574871884292833
0.9780449032010716 0.369086806680043 0.6365137333078648 0.3065809680824976
0.7465965103147277 0.9352042561214233 0.28312995145870246 0.4622537135827027
0.7480465001050467 0.8682970920075627 0.13152688722657757 0.02767870363900693
0.8539265450862834 0.5108363532240241 0.369620168282097 0.042574583868393745
0.9801867168657417 0.24105606517839467 0.376555897397715 0.09017587942002336
0.7534106056502508 0.29089221226192574 0.7192398345968698 0.1364591524903871
0.9275343593071428 0.5037134875704217 0.3757132624876336 0.38644533819839144
0.6962776831261551 0.9875679653070966 0.4858494744289724 0.33840052794538367
0.7907192481975827 0.6282441147542607 0.2359924196446208 0.43796519819443175
0.9706285331845255 0.3673030993713817 0.20656125539763998 0.003552728741997413
0.6385738338061198 0.5708321596667121 0.17339943408345704 0.3513652189149816
0.5576424191109353 0.4105425286880795 0.5116854974610057 0.36948926209025956
0.6164466043192096 0.9839841740453908 0.20326815368908235 0.6822646533177954
0.6056850257078827 0.6719495378899395 0.15349928907871302 0.40965842159169147
0.743543751158352 0.13189689487195722 0.242669181863008 0.11762857997277365
0.8609944142106638 0.6093023759271269 0.7133870482916524 0.016947627180410763
0.6719003443846172 0.3857810378845734 0.8118058894128802 0.17403776269263105
0.9766937234170487 0.5996245879552219 0.001955990991702331 0.06909104438201594
0.6775508698287798 0.22973657878228781 0.8407458195822108 0.12784813592644895
0.7104204430729014 0.9233509615397253 0.12828207501829425 0.3548008892041262
0.8726283834354241 0.666317359071126 0.046411372380334326 0.26191760860214375
0.9938085370154575 0.10327573792782196 0.27582602848959725 0.034528576763638276
0.7789200341861136 0.7291624826145835 0.16892160869978312 0.3516274818368821
0.6285397290289683 0.3213897965113812 0.1355452329107898 0.3151739119021659
0.6633710723753482 0.5997243860050382 0.012361835702858093 0.1126464309237285
0.9742567801325546 0.1310778509542747 0.12523824618684454 0.09853418640768297
0.852420674470002 0.49689646410343663 0.05114275069772489 0.07278274271186369
0.5944600993938263 0.9841013883446073 0.010448755235536398 0.4788802314282017
0.6252967218836636 0.6828463077613165 0.15132641544041459 0.6426152116300254
0.7516201969195899 0.5912755350653018 0.3812181778671574 0.521570282093335
0.5333570083696327 0.8209318593932915 0.5676389690570431 0.5622740317792477
0.9521595292528053 0.697318086144086 0.0916686055099305 0.09021246710629005
0.9096219445101075 0.5072576598599112 0.3783623370849333 0.3529319821340309
0.6458749491772805 0.9271081811941555 0.5246469298905958 0.30828141995918124
0.8206147002220217 0.5872202239954607 0.35933399906089747 0.16841196828189395
0.7056453313245163 0.6454178761676734 0.05410906359638368 0.491279551706282
0.9298499478815581 0.7236102432310334 0.14733109876889422 0.030475594196796574
0.5159048713651903 0.14359064296046853 0.004314777010987925 0.11586199627914873
0.8068548974874323 0.5626138707246451 0.5800887540232644 0.23704673283521416
0.6051092188326762 0.717112991637908 0.28723743510029537 0.6784772543232994
0.9403905971272366 0.6596630570383728 0.2348164836487141 0.17086802530339362
0.7926811932927048 0.6249174699900181 0.724306523738462 0.13942046402787664
0.5115220382234607 0.8043256158275192 0.3449607160466819 0.05966551686653665
0.6839927014687017 0.9352575101466948 0.22083389558536481 0.8477368640151631
0.830106435512211 0.7160135261109698 0.0062323385244731355 0.3197725134499958
0.9194335273854668 0.9895527823160863 0.12961162655873304 0.18105066991278917
0.5810230177850428 0.40004195728556535 0.29878744338265095 0.3739795608506544
0.6011248589189362 0.5942042889431166 0.7955456052371687 0.5415820500494206
0.8446395734554042 0.15931755782496992 0.24725658637854941 0.11317611158481355
0.6535460258883787 0.88319997348553 0.4294733551298697 0.014524822653011749
0.8041490682595225 0.4338481752233976 0.015469835904641516 0.21237802955566998
0.8081524044725233 0.28713194379905893 0.723157989768421 0.08348554332582658
0.5684130074709123 0.8064214299068643 0.128977267295605 0.6449151665330639
0.974695399273324 0.35216854631324696 0.6240700538128827 0.1690336337813143
0.5216972188718504 0.9612289073684481 0.2868218538945199 0.4300636856010507
0.6985155477593645 0.395840442382867 0.12479505547215852 0.12281023096508825
0.5797300849816056 0.9610762430821254 0.08675060422916481 0.7480042073746895
0.5901974161884577 0.8917515307045496 0.5486024146848223 0.4148864778610877
0.7585339415082303 0.9437383861900939 0.1766885194204093 0.1239769364091805
0.9291543039895473 0.676078829153429 0.019306520403953975 0.3209046801961435
0.9090429048619981 0.14359064296046853 0.43126568861037207 0.11586199627914873
0.5634719386450431 0.3462297167277666 0.08593306700408121 0.24465296670356462
0.9748563765454217 0.6725706285230366 0.022741181613525452 0.3970454218567834
0.6024796927712721 0.9671366633516376 0.08260210958264169 0.9559318612142331
0.7901511212602697 0.566456250743615 0.21551474440990115 0.28676767520902535
0.6582315225310617 0.7219839754740282 0.6401693619373147 0.20215113206931257
0.5123934504979761 0.8014263950028983 0.2848883803765787 0.39863362246632716
0.7301457857470692 0.5222953094130469 0.668656715305682 0.049507452753560166
0.5178022706873353 0.6812658757909063 0.23553904222979738 0.2538994567739633
0.6177102572487474 0.506331115041621 0.1886130221230395 0.198837304135131
0.9032459175332548 0.8989341896149091 0.4888839909494429 0.3186254552110188
0.7446852122193834 0.7354245929453067 0.058205037671275495 0.10485193132816611
0.8946672634518702 0.47549296220647413 0.057820836607106685 0.022950575597105782
0.9282921089334449 0.6454531020263319 0.18112831671735385 0.41919658137263155
0.7988709754422619 0.381804278503717 0.4382377019152699 0.29390055317105634
0.9032428757919279 0.9912190025498897 0.2927920956735566 0.4298261243928678
0.9802848362607993 0.39447616544859265 0.4178246892139601 0.31812067174599257
0.8439326467929229 0.720864801096615 0.19796275456918228 0.029144660768494424
0.660043781504386 0.4783727439053962 0.7408577882819711 0.0408350046193644
0.9748531021122318 0.45423596675423994 0.1880565057355484 0.2586264113271711
0.9190335298632466 0.7603435968764093 0.19874852138092614 0.13910324699253618
0.9497093245174977 0.4780156933769877 0.8898524499703602 0.24407805430071675
0.7093100403018804 0.5834539079255121 0.439084914826236 0.16527403064216983
0.5417956575834708 0.6604485660204293 0.4602731697496999 0.22884621856809687
0.9502131717091642 0.4727347459324225 0.43410185102698406 0.3684204107267526
0.5801422977618262 0.6492282575527213 0.4461800629338513 0.18468124982596734
0.6883910075375408 0.9973118729123875 0.4514804091680925 0.9725525025820421
0.7534289250554618 0.7400469263107166 0.5319601501480673 0.25247272372470997
0.5971045691865229 0.6437075859837478 0.47010214896091607 0.42752539998185707
0.5365745359758372 0.9601198747466667 0.03476213584695675 0.509303571053511
0.9663402491199455 0.7133613966685679 0.6989428476887529 0.2960022907441964
0.7117830860483888 0.9642652607191486 0.09442456913559044 0.8765568932879333
0.6190722552745486 0.09213087015406418 0.17266016947686147 0.08832210634568938
0.8795417735977518 0.692374046364716 0.4159024526669448 0.19834102384808153
0.7312674839436561 0.5685641324544788 0.39764253439469743 0.06655049750629871
0.7788896989266565 0.7891711044394198 0.0001964644882241906 0.7570969325932382
0.7141433871848454 0.5587811678928469 0.5504993218266518 0.25124571349415414
0.765972972019207 0.46159468070610554 0.9649029318650146 0.1121083593701504
0.9328208730230323 0.32112394958721335 0.4406219915962801 0.23634533596594443
0.5134916106262619 0.4417146135210994 0.10752924683142595 0.11586786321566556
0.5799640225245355 0.9552009480993697 0.2314784081219763 0.36025094571099225
0.7106426325422226 0.07757408736040039 0.13537366334304746 0.07068103393965686
0.5895650380234767 0.25100064087280516 0.5295024765886401 0.2448204638968967
0.9928319887841655 0.4816022407060726 0.5925173717212294 0.003927026033702181
0.9554446185039254 0.5883434784345032 0.4862894522360794 0.006860361348391153
0.7999888737311278 0.19471212074716404 0.08171417516531365 0.06460514759625102
0.6925924122095202 0.8187024871621342 0.21486720628690434 0.6313403341514909
0.7082284962148808 0.7720950097916208 0.5390574295390929 0.5340466426818102
0.6618606768953268 0.4110510301656504 0.9255948387385715 0.23434838087239873
0.714608963951961 0.21770709509393116 0.1909968942606053 0.005874382443238346
0.8817090204159653 0.39366657452881976 0.2602032074541756 0.22623192940351444
0.7364726937799289 0.7823999196232381 0.10076766374207431 0.019882010801314097
0.9409782396015363 0.5268609169775527 0.46229066311074046 0.16679422234576968
0.816737719666289 0.15237985924831 0.23636175104742385 0.016597066267582283
0.9582465141535668 0.4255231935569672 0.6933126399153284 0.2963092905806909
0.502107506473255 0.9815197175035895 0.1395844448098007 0.18037783237787508
0.9551286790561686 0.9569130814183122 0.05795225122854486 0.813535965571492
0.8486018992402116 0.6306144937519422 0.6388080324136075 0.46551326286341776
0.7405108408658974 0.18832347891277834 0.691424282251333 0.13393063360365448
0.8709568262898923 0.43432915028171143 0.9172755828756864 0.00573263132994839
0.8587061473652606 0.45316382739936323 0.37031782163780375 0.4233425387320402
0.6703656944181411 0.7265681748897261 0.364864955364979 0.2621792832102289
0.68583408088541 0.7626786736313953 0.366292056904145 0.6218980646525711
0.6957310339849592 0.7359933489775994 0.24784765013785431 0.6020235843597344
0.6152400760355343 0.4567925554880744 0.6291278375743472 0.33926992514791365
0.8012589551817408 0.8624809906060952 0.32418953417664653 0.3997878248243083
0.5603675329477578 0.30189720667873665 0.743119065113246 0.08956455680060227
0.5246719082527067 0.7106385779651078 0.5049599294854632 0.2578271984111069
0.6732196788572854 0.3699631918999329 0.8266498512031504 0.3222023432985648
0.9982773384716879 0.5261949612261342 0.08335170101690359 0.06391633353465652
0.5803009744611116 0.6656810868873437 0.23940845401827965 0.638583492793467
0.769989986416741 0.787173728002811 0.1601073925747384 0.09000313583375075
0.7732042977920894 0.27182698975376995 0.9474602521866622 0.13842712210194602
0.9540043933681854 0.4216325922496446 0.6121529431276866 0.3317074470895047
0.7977178846727679 0.2031329206061627 0.163215959367502 0.15888158335437585
0.5030939192583785 0.28508818319944895 0.01209850428333481 0.044113638243522324
0.5025434345464608 0.9906594593487382 0.006810230272064259 0.5007728237365677
0.9907779482057938 0.5340718408218459 0.1043286530091847 0.05436013286238066
0.9681951223195338 0.658492383796375 0.37235316836291155 0.039828820046530766
0.934048096738958 0.9056046783969147 0.21595051236091506 0.9009478225652816
0.7785357518132656 0.296284059620211 0.7225553608792006 0.1351415534984972
0.8831062633052668 0.43855200818914497 0.6476966362580665 0.36637776764069674
0.7229461173541569 0.6721499526164827 0.29378547218769935 0.09314437667694575
0.5165560897741921 0.8225367595647484 0.3354125381596571 0.62027231694721
0.7482097871922657 0.5168892664951414 0.916650068163342 0.32912686146923864
0.9913601380911503 0.8235458061697729 0.5317979072078034 0.7790696075973003
0.9307822064441069 0.9644250835655244 0.2780615596825129 0.6364992739545152
0.5605379819240905 0.32197548542026944 0.10115644263127155 0.024582684842152425
0.6162484978169508 0.4506954268955033 0.44534865560480474 0.09076359448203616
0.6468421020472448 0.6188492291805993 0.7346457074761359 0.1356286828774343
0.5144288173053333 0.804055915699765 0.3864044690469868 0.385151135741852
0.5443882672672881 0.54833383305842 0.48315800160727757 0.38086871430816804
0.7500844418496833 0.520343335718005 0.7153785894713743 0.15914799568775706
0.6040771046874056 0.4623789487976051 0.9258009088506928 0.15283573253113225
0.5803194822036604 0.8195859304499251 0.22246014764827748 0.6716877208923375
0.591152807834785 0.8401573835190177 0.25630823436781114 0.5232865956482882
0.7721033088420235 0.9848879611407888 0.4504901600771828 0.26020252663625865
0.9403440108983454 0.4632688866606207 0.22935072372978382 0.40379476640452017
0.7469980135539984 0.5183030472153822 0.9353425441109509 0.09545979838872043
0.9628175762910711 0.3745125302156671 0.3768920343986668 0.22023427409864382
0.7018035251538448 0.6813169145490048 0.6529161422941681 0.5098771697496601
0.6706000958338514 0.5747549778766139 0.39685311099382276 0.07539075889732727
0.7349687675645442 0.5168892664951379 0.11810745655429289 0.19578879187874776
0.6916103032531529 0.2502690643278065 0.7925233872527064 0.003637923333233317
0.6576892023158255 0.8398170664545028 0.14179047305537384 0.7186276283219746
0.628211142763087 0.8079524386937367 0.27002162526670037 0.3233388766635246
0.6673760897797294 0.2362732042669844 0.5848317588046166 0.15414222112159948
0.6827662148072153 0.829928304489485 0.23563228132869513 0.6883449303895832
0.8807188169359765 0.6352407660945207 0.3569436300015898 0.32225425707598293
0.7797347568702369 0.8410679309093332 0.03925553063607168 0.7206373646373782
0.8831472253637376 0.9396204875675024 0.2872360234895659 0.8090616169091324
0.5380575931004259 0.9230650391091246 0.27698043598140654 0.22070617112570384
0.639888512282561 0.36201157818727214 0.07033938028797593 0.13159830455981614
0.5172167028304954 0.33327856593689426 0.9457003410276075 0.030106038256482393
0.9595519930651294 0.4988480134235509 0.21119359359899548 0.4230196039436871
0.9522086287785664 0.9562848072253757 0.35312075024647527 0.30213940703031383
0.825841985790332 0.640956007896585 0.07139726815315228 0.3531018815546603
0.7318629419168197 0.4482664095076702 0.0724121301110443 0.13128717094573977
0.5825487265472464 0.9850281594219261 0.21595736467052262 0.9033982030648137
0.6010458128783454 0.32510512853380447 0.14885860881019042 0.04038718478193282
0.7274634868699037 0.5132261964153437 0.005863747279003739 0.06794402721826337
0.6172990435086865 0.6982464652279419 0.2830102993220365 0.39731809284086994
0.9897006033544091 0.3499629271897092 0.06470723734957229 0.26156302951058574
0.9982281741689718 0.8414527850429228 0.34647695631092557 0.2360150643112089
0.9859584063609681 0.5060494867564541 0.42959859681066703 0.2993050628732661
0.5903278317220026 0.21817691052274357 0.5193256242992483 0.004822649145332036
0.6279471602032662 0.7648483229856242 0.07200907558165426 0.3059033768678887
0.6283183598545248 0.4203528195198807 0.6417780400990036 0.37324846092581865
0.7240381872818817 0.6814046666802405 0.6749786670825566 0.09438621358248778
0.9530493959939699 0.44889188912129985 0.43114447770613973 0.34795969758602174
0.5965642547565095 0.6465498898649713 0.7178607091002718 0.6375353890600521
0.7087998875095667 0.3537961921380317 0.7291108935763093 0.20775173904401978
0.9621998416019828 0.35087291634980033 0.5837197816880852 0.183523988935562
0.9394624626403627 0.6636187019140957 0.2588840719791561 0.3841784698146866
0.7949363250393138 0.6128799056390659 0.43970391943216214 0.3381991631919017
0.503057654350296 0.9766363509593177 0.17755876383980418 0.41410628326940824
0.6863822174654578 0.5378597643749294 0.06740683176322193 0.2796198259793723
0.7015236581523681 0.8716272856502196 0.4791933121385128 0.11309910878672458
0.9933796396175474 0.7944068716094908 0.15867829248374754 0.779092668308466
0.8845900479760346 0.8686503974705693 0.1763595053753107 0.7996077999059704
0.5617830787903269 0.24119149469541562 0.4102240005973674 0.06079242421791253
0.6268880584148366 0.5806744901220684 0.3055856559849417 0.4339917038344952
0.6898744188169115 0.2874369145793718 0.331892390931538 0.19567315865543922
0.5527562354805033 0.5088858737463089 0.08028410779984751 0.10982373840161919
0.9137157854672058 0.6721499526164827 0.29378547218769935 0.09314437667694553
0.8594564158134284 0.11228953987661669 0.010909280447049197 0.02026633357404073
0.510546641958717 0.7868126715992829 0.18421017694818254 0.46070823488993895
0.7565927701711583 0.9358592125764655 0.11268005343077725 0.16882386237446428
0.752660002790466 0.7040989734509893 0.6321925564109936 0.6855058647967844
0.8739761168459679 0.8111037376307957 0.042927804137092185 0.14155838469138143
0.8502788449035841 0.3030512697974599 0.06406113545024261 0.08004038776975131
0.6209278588066547 0.08311789132187286 0.381595618069527 0.027322763499386227
0.7773547480601515 0.960500799826657 0.23020427238011543 0.16935740813143416
0.7305032619646559 0.5735908436079423 0.7633890657602573 0.32898794287117883
0.8308945186038206 0.8224689935217997 0.0013985655923818285 0.0740848879053857
0.8039695064074746 0.8030364796249219 0.1902307944773476 0.1407267293997827
0.6216194825213712 0.6684679932313555 0.5707744048809423 0.5906457377994521
0.9182966021675827 0.9620587124759483 0.24077109294197196 0.3414996661895213
0.6539793365460203 0.7384022025424468 0.0111960125074968 0.04746912803484449
0.8445648351769189 0.6140815405864677 0.2793500982663452 0.45838182297976626
0.798109474406852 0.9791902352555919 0.5042042483079392 0.9519753733585852
0.7720148976017174 0.6090376866590705 0.19733276370654995 0.5101618447993019
0.9315092152111326 0.4603198614354266 0.39819951258512987 0.08621245051807018
0.9859789760916831 0.3669286481722409 0.2739061229021216 0.2908659605904571
0.9801781882760717 0.11096937593546041 0.08296832560822348 0.03863362864622211
0.9550353178725337 0.9791590324661179 0.0825850526958476 0.39815238547030063
0.626013203141565 0.9867735659956061 0.42470953060510275 0.45384914479697436
0.5874710533651273 0.3899296985845968 0.3492621724274708 0.21599366937903008
0.6040208045291493 0.7030684494062405 0.6422856521462914 0.03634236350738451
0.6611954809396652 0.7446958002735461 0.19548508766669348 0.6602496340442795
0.6902563572399529 0.21908481527378054 0.6430568902681664 0.13397786055295524
0.8674117733973186 0.3024520250739986 0.46149508435251513 0.15109284539113244
0.9520385812852434 0.7096848250792467 0.6280486560441967 0.41435067385344126
0.8170288159555193 0.6523375070052226 0.4666031167576783 0.4411115280130009
0.5650133917625375 0.9380055790628901 0.179199499302663 0.10541852007272035
0.6869754264112039 0.7225318850302533 0.3617395204262621 0.5913268201512859
0.9146290314602483 0.6114324290647435 0.542246447119946 0.4053982823539303
0.7458611071523769 0.8516338458082822 0.10757065729103976 0.15795550284723436
0.7718289193065768 0.6368248851617124 0.06597877101042826 0.452614243567444
0.5776041582096205 0.6606785259340475 0.40456477622628384 0.04322332092134179
0.8390227084810802 0.5496220978311733 0.09999448828074073 0.013484556885064294
0.9761044574439968 0.44662431289271 0.3847175535327114 0.21010045173893444
0.6147082949803746 0.5155491004193724 0.07362340388990238 0.26453259733655443
0.5261263407969814 0.44827711833279427 0.8889428398625296 0.03487897973298448
0.7365152318391734 0.9788419965498338 0.2889502116283694 0.36404232392657354
0.6980901501858083 0.7774267709027809 0.41716394084445685 0.5664819610096918
0.6517535346083925 0.5877799132685503 0.6400458334293297 0.13237432137894478
0.9556876479167592 0.3522304411369319 0.06685020636178246 0.16360498067984608
0.9226449238886767 0.8996491366450279 0.5212367429364342 0.8434139197032025
0.5091789625470898 0.9831052074265538 0.011940884814200555 0.5077730876310623
0.746366183900276 0.183152123297738 0.3547676129164832 0.1602543183248718
0.5738828362194001 0.3253296659291057 0.08320847702556344 0.23015544506716168
0.6759147146013618 0.5986733233312336 0.7403848902093377 0.00998471869593498
0.5402522380771325 0.6323758861488145 0.7580948950311738 0.03573557136883998
0.626243209533217 0.26485460553047263 0.8979431664650761 0.2042265049301799
0.8894748190166792 0.7597130456364316 0.3466703355976686 0.5383644401516232
0.9403934269351621 0.7108399077521046 0.009551196616983226 0.28435368403565314
0.8322654346339524 0.4371310832403294 0.22790930187086111 0.02043137370869097
0.8359584798828976 0.38209061118103815 0.21551409443566405 0.057229162105489007
0.6911533514530763 0.3430065715437056 0.9939063337716957 0.152927268733003
0.5088144746774756 0.28943375489173273 0.7183926729600043 0.04313282564771992
0.6411174329255509 0.6827340286236272 0.11437714617329718 0.25660532088542687
0.7401376777435824 0.8955942987567629 0.3209177011874642 0.877091040910753
0.5695739266349686 0.5588196378663184 0.16328095762597705 0.13693005537444647
0.5018690704140769 0.9451638989620162 0.002582091513814737 0.43135923149176186
0.9900518979507621 0.32054262655819926 0.9259089512800647 0.03675804103291158
0.6941484404175156 0.7835247256853106 0.2434857983627472 0.09139535287298894
0.5379204812203899 0.4531676475476805 0.596095467392086 0.10888565459368371
0.9295748024307818 0.8432275972494915 0.2769332164154257 0.6730315862631093
0.7483438672083618 0.08426669123883812 0.0683321930200509 0.024786794957229574
0.9469449677086292 0.6704107156908867 0.40183854597359225 0.21437731423257045
0.7579746745510957 0.5005445202214394 0.5036880915097641 0.19591095945396875
0.7407428767343353 0.15497704808659268 0.6028472780588595 0.024714331666475076
0.8591329559419153 0.6264400415074549 0.06759365081012803 0.08706733111887788
0.5824708215974379 0.2516327907332876 0.651584133407261 0.18290259136814363
0.7789397283699454 0.8547249002650612 0.38979959975983736 0.19518802403609814
0.7624110932800326 0.7308961752566431 0.04376927908073757 0.6039480185205685
0.6597837114505011 0.5484523762034448 0.27077153340978555 0.07336411610021898
0.9840156416292456 0.38368685351972154 0.8241939939220988 0.21173416372389964
0.575586572439867 0.5972726644281301 0.020953842196110628 0.35643643559333427
0.7541408371986549 0.5242187687401767 0.12551660401976328 0.09593242754624276
0.5750199324864786 0.27574860169581594 0.680684752073144 0.01279105635535105
0.7765042797785181 0.8220474328261211 0.4280047011644399 0.7709735999162877
0.5931605423552636 0.22425547349050817 0.8877096272783689 0.0439331823322604
0.7043266842676621 0.8392750875088417 0.15735215166638117 0.4810464796246163
0.6156907690708873 0.6319190099298542 0.7184342924403591 0.6315995844750958
0.6043681466511662 0.9772312970661581 0.2962362631613361 0.3941379020698397
0.6723147431417086 0.7632830927193982 0.19226108774544212 0.6695988618737186
0.8269981776075346 0.43984864892553904 0.8109090168107258 0.3900004050540389
0.5937937441557566 0.46426168134645746 0.4793510867615902 0.21728409130370263
0.6111969441826458 0.9482886737325137 0.02264122148315908 0.48418263670308415
0.7689068587037919 0.5538880079308424 0.45972551911790616 0.4774094009152652
0.9804551278115419 0.6101412048391159 0.5513491358632692 0.09050474988290486
0.5014524267460968 0.8783616350428847 0.0034580637132405837 0.35214326549856495
0.9785636417907853 0.2207569097552884 0.49537833529443986 0.003430677093291701
0.7255161651887887 0.538434861986361 0.13313039355082434 0.22463875474256115
0.8534865995875953 0.513225681683176 0.3725063562088371 0.45408652375330355
0.5668994865268768 0.3023410835681616 0.575619495456511 0.05678585171439643
0.5521488458172996 0.6731867675890797 0.26344253729647715 0.25461621027843595
0.8746688671830398 0.9219569142603959 0.303580932199063 0.7593589106594197
0.9722991589817602 0.6863420814945407 0.31312788177638395 0.224985710034185
0.7901058872005029 0.8576380276006095 0.17671132113758414 0.05073544188928704
0.897341817760072 0.4357507372687859 0.8223991034752949 0.3270555766303982
0.5757234641846147 0.6512185525033887 0.1129219689712726 0.39476829973554795
0.7833648850156 0.8839874524986706 0.1444948231511063 0.1506744369196178
0.6495264847133022 0.1918652795284359 0.27409324183300354 0.11431805994195443
0.9681469803030911 0.5899451862317238 0.008365086568630886 0.5129054450383042
0.9646907823586992 0.172987558344322 0.36318083771198584 0.053317453533305414
0.7147939797773678 0.7243571301708661 0.18800664676676643 0.45105769173306115
0.6853646659322008 0.6799995602181594 0.64325434727084 0.31550668448957353
0.7356677413199462 0.9750923788936781 0.4198446399800011 0.0304400279664363
0.6912237358942281 0.8066057305692365 0.3299348112992946 0.27604766083506516
0.8824904377369287 0.5004154978065231 0.20889363746627776 0.14626939293801178
0.9614743275544657 0.4323055662751525 0.9962975385895378 0.2459821470092296
0.7641989477949238 0.44744068027410644 0.8827601921647152 0.4190386273973581
0.9635053140697751 0.4400369905299586 0.9624946847443843 0.21023409891790418
0.9487818200325235 0.6087808241950103 0.18303960627757832 0.5409065026977272
0.5372175443919218 0.7747737448427454 0.2000310057903731 0.02351317575145906
0.5578582963714753 0.7381225055029297 0.5729308796769388 0.47859909292249725
0.8815613977288308 0.6392500509404249 0.5399197169955077 0.37660547630138175
0.7681199124633915 0.862897753900316 0.17013850025531774 0.5318122825928542
0.8288931084224942 0.798827913181237 0.2435164248257724 0.45390575355336027
0.5738869296562872 0.9920563493184613 0.30014724980036833 0.5716130457577121
0.9279446432185408 0.7824297926008694 0.4919793403867305 0.017056248389894363
0.7773219327164889 0.5911820996676207 0.5714638517403485 0.13318302599312215
0.8423606922955114 0.6670709080934023 0.38070106712629403 0.3969706702811884
0.7165742511590455 0.8495019993440085 0.010215727755344517 0.15276895273450286
0.5986295616019945 0.5016726000272549 0.2700436320298243 0.19829518790708534
0.5192338414992927 0.6163580157376707 0.74738648097809 0.002756953140045759
0.5216793909715989 0.4248467945420178 0.023738029035255792 0.11611224330136594
0.6895602490713806 0.5051993690884249 0.6176643658915624 0.3002694132986701
0.7878364613678401 0.32569751578022466 0.2893212714490842 0.08958335317262112
0.7485381183437951 0.17395107053623082 0.8116537283360122 0.11343766080174289
0.5291162092690231 0.9109772081176466 0.45412973424782094 0.4588956966254716
0.5331902781829394 0.7863851247393601 0.07291683773551005 0.2147801443418415
0.8067052301414643 0.8880306089775245 0.27848295123121325 0.6835507646441417
0.7384869985875127 0.6846019996832391 0.5496438454454607 0.05859840526238508
0.7868489841366404 0.8910190672306992 0.5337478705613836 0.06500202336443905
0.9345858349803307 0.5022463423574848 0.7676497237884772 0.1630215713610652
0.5178696749814662 0.7656351568439608 0.41317608915852055 0.21319662477939325
0.8751892256209459 0.8346924509178165 0.3415199991451494 0.8236995261235114
0.5028700900612315 0.5163515934294151 0.18146089375994656 0.389880552406872
0.615756507934906 0.3156549468141939 0.746961880442253 0.12297617038601016
0.7497404242510178 0.9801622954864477 0.3498136210903874 0.3493755642016396
0.5847522080136205 0.5936054989521085 0.509104122710383 0.47439045556077736
0.9678309934734513 0.4070533275696748 0.5276253530234021 0.1708846451174501
0.8173758191489222 0.6885151540216219 0.18060848627201587 0.1997287294682192
0.6156217660381208 0.9621460386901761 0.17069780185856587 0.03854448908894881
0.8550613925676642 0.9117803379627007 0.15203381586845105 0.2048913592589432
0.6866673069967169 0.09820730858671878 0.35566941140286434 0.04327455026766103
0.8362210716166903 0.5299011666948635 0.1693245978118202 0.1564067072410055
0.9257383777008454 0.2520170229121188 0.05228183601988923 0.24547477142874885
0.6856207375182386 0.8107588680573874 0.3342104215284376 0.02770376048338008
0.5843465813752018 0.7797212902038586 0.368266941533685 0.36435103260130736
0.6541573885739824 0.5327818260414503 0.7551751922747623 0.2600598902364002
0.698055670524556 0.4637895375624912 0.8058578701607422 0.07072446903969909
0.8194581905025835 0.39242904772096066 0.337246018230708 0.17702185185992247
0.5901227652805706 0.7668497759133783 0.5001567843223422 0.2300557804646557
0.9996789342819492 0.9640899242761948 0.13917412659093387 0.2247307983649901
0.8348477893961928 0.4660720806430674 0.9350731412276636 0.43988902285544373
0.9468723551689142 0.9746713355826735 0.06783555071027347 0.44143648370645017
0.7112621825210934 0.14471522095708034 0.21786867121379672 0.013799039864983875
0.9210905984200576 0.9301630274802699 0.38171769633052266 0.6358017861556333
0.5767851911757989 0.21007542504534404 0.0894953483179215 0.14504364238601042
0.5169246499614406 0.784753371907624 0.48448936901770884 0.29003523659827923
0.6625802573758688 0.6480962279721392 0.5488637106607603 0.037148708743521996
0.9968762682869831 0.8953360198452298 0.5055795526424003 0.6536572823392959
0.7017193719858493 0.5872153871642709 0.023690466547808597 0.2965702524002151
0.7987919708383164 0.41368159782766756 0.447981863089165 0.10973044344183219
0.785743803159855 0.8273530111367383 0.21668626008766267 0.2518106636054456
0.7824909380436367 0.47957798482336267 0.7549591802630662 0.03695661332073996
0.9181812052451956 0.18244833680475653 0.09455875813659631 0.1432329040967284
0.7813609354248372 0.6204276647198199 0.10849581293946155 0.07747237191047063
0.9725549410508392 0.9045744823370763 0.09001964732107659 0.24750464130594008
0.8629793553120743 0.5340667891032016 0.37078888537918253 0.14353743015770526
0.7310157536054525 0.9879845014914146 0.283226218433417 0.8211397877635425
0.8519062813121168 0.6834676340600643 0.30283563298302774 0.6084235682955912
0.6473902561605223 0.171424571667814 0.8953198521536695 0.04934677537579901
0.5047418763083559 0.7991385294228524 0.10139733772814785 0.27321315847666305
0.8085103628548032 0.9219458946888484 0.5015777635634029 0.4192776894765682
0.9542365203942424 0.7795200432131031 0.22938280459878402 0.7589023828832335
0.7675419403881119 0.4271754671421917 0.6310091239643114 0.32759662596263156
0.6872185200100218 0.7680873118448077 0.16565555125356246 0.4609804681863566
0.7376412523144003 0.06261439297835802 0.11337419957695044 0.042476846158470805
0.7712619837212671 0.94947883891523 0.5113716442685465 0.847353318542968
0.8498363547985344 0.857106109076847 0.05814458782843879 0.518777186510199
0.7035861147239764 0.4066683482810713 0.18234237022167665 0.06626552803218999
0.5954770779127023 0.6340095004621978 0.38176875513601644 0.2995467305372697
0.5003470260407904 0.9984908863915171 0.0017495272471876608 0.5010823800154353
0.696487852544244 0.58016958498152 0.6138144710660449 0.07338126331261119
0.5010777284326176 0.9215944594882375 0.36602151055159915 0.2870961705466235
0.849269966024606 0.4847626029336922 0.6409809733387739 0.18140234387229093
0.6301084584024393 0.8635166920283037 0.12029006768822192 0.5697715451121108
0.5898725192267267 0.4413508570198794 0.25588864508092923 0.3516636630191837
0.7355769293324195 0.719488813859693 0.491181842678486 0.6589975989908847
0.8088925614084008 0.5212305814547502 0.48805256826469035 0.3940487101509569
0.67359442404112 0.5300041206339441 0.6498840824301428 0.19012331381945735
0.7192406429380611 0.45084674505032973 0.16386176999954416 0.039675348800418675
0.5654878227277554 0.16206083561405493 0.32939865897189957 0.04792638064581389
0.5176091212692313 0.7581881052638733 0.351322123605724 0.18120628425839402
0.9094579611898083 0.904376634564759 0.345902801809558 0.8485872754138676
0.514455995190965 0.890331151467794 0.19562134086880098 0.7621099145764518
0.7425799181905242 0.7098464687869015 0.4454474337044948 0.6494440052946127
0.6779036453590996 0.8000112065371456 0.2814633145784202 0.042342987190254644
0.6630439010473275 0.848916508176487 0.17583226911857253 0.4995025263947702
0.693294095783422 0.6336183192134025 0.7584249617209945 0.15609507394298106
0.9431243478765197 0.7459557884215107 0.3706869765339107 0.3421085278555631
0.587070891596535 0.7712811411718885 0.45871820348040515 0.6705319682457671
0.9264892848860611 0.8975255569097635 0.12828224241685482 0.5914252715185948
0.6691637878666827 0.43100247583388107 0.5198212856493862 0.25743119379205837
0.9877041195544345 0.8098830934438004 0.4489519926094596 0.8002089894226425
0.9712546841552198 0.2407200213562355 0.7909746036109917 0.04489052929051496
0.9259541164825464 0.9462870116669161 0.07949255967570723 0.23411552242648526
0.6037951146423701 0.22998297560242414 0.19656924197119263 0.1908824051748219
0.7590251814134781 0.8020271822566785 0.1855537555966792 0.4782307775353132
0.7889090645571186 0.9473251485426712 0.06390424722370369 0.23023115474817146
0.514682022862555 0.9636801840105025 0.24706058709457412 0.361764041627971
0.7872278743541301 0.45694867321126775 0.15275711061267483 0.0011621826111509748
0.6790481773391466 0.4862322528182726 0.31309726044718644 0.09195013332451918
0.8059596939574671 0.597408731793253 0.21963709884732563 0.5131285256924887
0.5202280043452365 0.7437976146591319 0.4523076453805537 0.15664310951084204
0.5455033835474081 0.5328879314369681 0.4706573007227788 0.36402011981756033
0.5319477995592887 0.6496453102115402 0.06108236944512768 0.09056654730634328
0.706709408869997 0.5804945828732291 0.1035489533570334 0.3210219625320887
0.7788267104080164 0.980162295486446 0.11479549311524373 0.5483393328256483
0.7284212955532299 0.37299593300317135 0.840467986115303 0.2537209314140392
0.9931795762852567 0.8496718716349014 0.21297836704473205 0.0664368731548165
0.8372357153804098 0.5137498182495801 0.10677860730441213 0.3450029658885976
0.9482343330934899 0.5214955087141782 0.7972667382972207 0.1143642161433629
0.7233358493748034 0.4727861847373116 0.6398560780961214 0.37552862143316806
0.7070627111095464 0.5491311968121309 0.1109555300301258 0.45047849447166133
0.6264874712774522 0.8433610130149374 0.18779878661672988 0.4556475992528678
0.6370923180814164 0.7843031805585627 0.16734664052228965 0.4317218264174675
0.7590965474752186 0.428091746248668 0.13198384011294806 0.26523389321138247
0.9813532474455073 0.2592275016335639 0.32148832688180673 0.045261104286260734
0.6885916612884418 0.5600463790438981 0.4597744761492393 0.22112049489624575
0.8593884388251842 0.7053324198298707 0.24046759636060777 0.26162548559384885
0.6084938502769628 0.9523629273544745 0.13803388612615408 0.7147384872290949
0.5646617966554928 0.7383800317774438 0.06279163972043245 0.41250867539168123
0.7831718579458691 0.8141052065992547 0.231178317043657 0.2502989411602168
0.9725633220816687 0.8825626269132352 0.13724333937688815 0.5947430694437867
0.8299654021410889 0.12935008221020894 0.9905660595454915 0.10402863183122513
0.799234727516468 0.3284981399122455 0.5677968381295027 0.26661999244173273
0.9791094802617768 0.6496837361584991 0.5416331945295862 0.3744671399403984
0.6064934451329105 0.4904147102097349 0.6131067529451603 0.3768639464855772
0.8819344453658715 0.5274108391199318 0.34373703032867553 0.4334358724934483
0.8011030557108958 0.2529373102058292 0.12913536941877235 0.08255301289408479
0.8375975160535378 0.49431214308077825 0.885884741355643 0.2698826218953885
0.7660013148249705 0.5952574806193762 0.5249696009227705 0.2831028629422252
0.9774823188411295 0.25932718986241987 0.377873551288991 0.09001958542238059
0.9993823597271807 0.6707499306083374 0.4556100125227035 0.3851760355806557
0.7644777960366218 0.5928364390458176 0.5858343964286754 0.5454650992133478
0.9625955587323693 0.9108859778196478 0.015591372759379052 0.291000020776903
0.7388001134851809 0.5563000280827519 0.585972914368809 0.17123093713051452
0.881787980989901 0.8589722799903344 0.17820591999520374 0.33446908986334445
0.8522531872029089 0.27709606722218183 0.3706611717115643 0.20584126949871795
0.9535828037970404 0.13440951687827735 0.4090785681473328 0.07115392591860892
0.6724266523522164 0.7563539465919136 0.5695117995859963 0.3494531930516409
0.7412228929281133 0.6432517669984703 0.5136483217744896 0.4300371607799448
0.8621776431090065 0.8228390786441626 0.13075950093710334 0.4614553619862636
0.7804717141314745 0.46448800486480446 0.11990202587396526 0.1655726528275414
0.8677378362793265 0.6162876804869892 0.41881566526890934 0.6145184895163376
0.90345508861485 0.9029699269757809 0.3648738186007972 0.7777287405347959
0.9971081168063232 0.7961827059736308 0.33087558590721494 0.6623401951713865
