0.07062892469936778 0.24358201827460824 0.5169452068132558 0.035795262786902815
0.047378888306583114 0.21361693796760986 0.5718746255528594 0.036824478823894766
0.2151836931985709 0.03438983200573259 0.5450104929315778 0.029520851361305306
0.07113142067384193 0.1465977075259191 0.5128456315435608 0.02868892292564232
0.32085441913871054 0.03806745357585963 0.5715714715540194 0.04397117567034925
0.15785566808760604 0.19830880556341593 0.5830618211670109 0.04578765727479109
0.14806477910900046 0.02168638721686561 0.6656682768985714 0.020054865271682633
0.045620436787288686 0.1760716444696421 0.643130797594925 0.025092848120321753
0.0347294116498006 0.23848180470317148 0.6152325878587754 0.035460513381972834
0.23479314644685972 0.14385316552486502 0.5028858648265833 0.046900573460404514
0.3266292414055968 0.09428639710128073 0.5128415448870073 0.05383782753463661
0.11074484703046095 0.04928863611330325 0.8008236758959977 0.021752301741757078
0.22142578049259276 0.03859891055365727 0.5454312211507117 0.027680628655261913
0.18705541669571502 0.06817598971986134 0.5018801921126768 0.028996661955138635
0.07810575953371413 0.1713966295112403 0.5121605493032115 0.03605193579179078
0.11305796928880565 0.10358633343121598 0.5161459269895368 0.02797627749130324
0.2686713971254505 0.08673591005020875 0.5562680442396136 0.04223476429531278
0.13125926291327922 0.04921146344613862 0.7428683396228152 0.026990004817599555
0.1872286837604179 0.033383692917208656 0.6931918200639458 0.024478222427508873
0.022577390977646716 0.1607841080867981 0.7087925383547002 0.02207056918107993
0.10914761722376679 0.12894087394401665 0.6293731583302096 0.030969280100064993
0.28352863995330757 0.11795801526578498 0.5311613472000278 0.04898266191864516
0.3428854486378379 0.030060182619099304 0.5059777162596067 0.055640836113495365
0.24929291338863246 0.06674273904422734 0.5674041493849941 0.04274365199110976
0.08236733233829396 0.260576863928451 0.571069534864989 0.036227880285773256
0.2245976525190703 0.10757744264792499 0.5110711781022583 0.03604725785281376
0.028821619603306075 0.27373162980022236 0.5357428894396672 0.035623693828193026
0.1194247749641249 0.07735898577323835 0.5313916933756619 0.024015776307708594
0.2388380759067391 0.06097069241047881 0.6553613207966758 0.03836278413172367
0.03312534180170157 0.15365364867308873 0.6306845413947282 0.020847973258948046
0.0501375726544242 0.06712722090317325 0.8405528826452218 0.017007284968576675
0.2942557038507736 0.1251025666749801 0.5127547032591592 0.04656511965434895
0.10655434174145222 0.14408013157259147 0.5487239423771137 0.029112611762717636
0.030442220228914962 0.2883813932822875 0.57457030309925 0.04094879987089838
0.0352958026587068 0.26336347179810776 0.5233317584926881 0.04422603871303066
0.1548919923613403 0.1314822557657952 0.5262734222477179 0.03543067170522547
0.04023964225100296 0.1549578139400886 0.7553705471385748 0.026935880034228137
0.23322291873462708 0.039261774947116246 0.5418249570428563 0.040625044778759174
0.030494916220572633 0.3089775179715641 0.5695229282758133 0.04387336311712242
0.20941095820912814 0.03757009367095865 0.6690055520173275 0.028790408619909412
0.1646040749366225 0.05951747646000752 0.5994226434160508 0.029621730642314936
0.13721990053187688 0.17215697811592712 0.5253389180283605 0.0421470875062768
0.10114052627656323 0.2042226633526214 0.5874922777457792 0.04121987215946736
0.01651183136298806 0.2290520601011287 0.5296421428542122 0.027833624576151628
0.016660931135645596 0.1386196745649788 0.5407675265527576 0.016337018924248728
0.1377577067007048 0.10073328084589528 0.5752723905122098 0.035635142104390935
0.19304395999645954 0.010325243644933618 0.7392059512444489 0.027601019923175457
0.04062650916353814 0.2050092467211767 0.5970886330360136 0.025021300353645918
0.1348319123662619 0.10790430328673689 0.714124528289394 0.03353447850844392
0.21651088325914306 0.08047981946738852 0.5334765984092167 0.03654282893862354
0.317517794206399 0.10304444859450182 0.5127196314321503 0.0422974939319657
0.09750737399856589 0.04943446357666109 0.6567987900861185 0.016143491048198892
0.11030926626759374 0.2751980705152324 0.5510632843121802 0.04400883592418819
0.037785462966053895 0.1929997203624061 0.580406887156146 0.030622431755144848
0.10215473281807402 0.2392868758322131 0.5908108388902147 0.03857030139879764
0.12935028185313768 0.21385614436724518 0.5541952380448608 0.04350669030976852
0.2025998274459604 0.1438936813224605 0.5475247169867419 0.04128996902522841
0.03969306953363676 0.10045644644578453 0.7897140134292606 0.016144084975855694
0.1348628429091429 0.1358141312065634 0.6100119936464309 0.03125181144214041
0.029905159310368582 0.30690305386757716 0.5164277076380097 0.04042543438452272
0.16271944023398827 0.22372448792255314 0.5155662284719464 0.051127854702458196
0.011380920925452065 0.23837755677313205 0.6405687184606714 0.03181475780153259
0.04750797814830165 0.1343534247669616 0.5729467359291428 0.02544261734307138
0.20025781099297024 0.09844155599879101 0.5712796045022701 0.035402909903213514
0.04759886905797199 0.094268131466865 0.7247883613720758 0.017951222043361654
0.3712384228624494 0.03368462027717277 0.5188905681364911 0.042778165225265445
0.20331989692824298 0.13216698729238668 0.5626612666069564 0.0489250941548519
0.3033899692546347 0.12202121319355017 0.5130249161649294 0.048003957276836935
0.28413648280529247 0.020710022795049975 0.5279952896974435 0.03431679218265914
0.02814159111801051 0.2935764066258953 0.5411362024912464 0.032296387084565156
0.002049584419673376 0.0319778829860244 0.868556717908171 0.0045498696278842565
0.08008484492695261 0.029974902074076604 0.8726213073588165 0.012114400745701207
0.09926927780886063 0.11948749740357939 0.6385213699293542 0.023484969708761877
0.13023185769394052 0.17981212188808215 0.6216942460298003 0.038249624702800744
0.14118428772779867 0.10640098523265692 0.5125774742479074 0.02860436973050262
0.09759302223951376 0.23341646856010223 0.5398896538753056 0.04502861265293576
0.06657801391815354 0.2804162000175284 0.5056276513703288 0.03604458817393011
0.02152770790123859 0.17556137306273545 0.6554502547336245 0.02451678031991851
0.35855496394035435 0.06741137191170024 0.5042806743905381 0.04743824613565474
0.004884141857647739 0.11883440826227687 0.6134531683552653 0.015421114545737996
0.13953495957758566 0.12511321817860516 0.5616586414183831 0.038465318379483485
0.21915871191589198 0.10692586903765555 0.5020895160299325 0.04756280749209474
0.006391747799140424 0.20651258089769142 0.5487234358883181 0.027904539902068322
0.08588542985202506 0.12549535770130094 0.5905342794980186 0.025227253264429962
0.06350346579485022 0.12321870273229207 0.6652745337552823 0.0215453864410042
0.12557776891857103 0.20695815504127674 0.5717897753646484 0.04871379549346024
0.2384902548618781 0.004012767590656885 0.6882935554578644 0.02426460047617618
0.1654409657256828 0.034760875019097005 0.5185457045816178 0.026800711035998362
0.17318911220780364 0.15459308850922776 0.580785615143661 0.04468781644941737
0.1823065504839636 0.05450822189541882 0.507107446163162 0.024012777859200196
0.19299092839797727 0.08937983531010324 0.5029253075370264 0.040097384073562725
0.0897998864817478 0.01532102247125594 0.6321186738569037 0.010527046963528103
0.20965834423866458 0.16957105311209464 0.5429185591646325 0.05201166706358321
0.1000936758488018 0.15077147481458475 0.7123992711235831 0.0261955450843335
0.04291771899062359 0.31070827202014695 0.5154581746798592 0.04652279851195581
0.20124513706467043 0.13027994622459915 0.5377047150717345 0.039322911448900044
0.045590643656612445 0.1023574401470374 0.6691179035310219 0.017046717594902876
0.03539923566338038 0.15596464358480694 0.5690852206074597 0.024019563705487246
0.24914329512201025 0.1573724734283317 0.5062338232415442 0.04264178732584247
0.25027317872877763 0.06713339687734021 0.5780347991806618 0.04745626306088979
0.09367135759235637 0.3105469088711744 0.5063055917452923 0.043540436847160406
0.014028921475439493 0.15237775431119727 0.7656818218078444 0.023531888076019303
0.16895493180296495 0.2318390651390274 0.5071987640427964 0.05789191468086548
0.10563741758546347 0.07850156336515951 0.5285191286347333 0.024220453854097775
0.07270406838353966 0.2663034452755124 0.5262868000009763 0.033980124250852714
0.1551527877984279 0.24979864269792673 0.5119382563812231 0.048420684554824504
0.2436111488068633 0.058480144396376235 0.5271790158018341 0.037342847289030895
0.27355030160885857 0.0476422473620457 0.6019452579825462 0.04224061492847554
0.09980873061015563 0.01479413774821034 0.8457007924822278 0.01461942175539413
0.2828056924199611 0.028718893633025357 0.6214052172769665 0.034380207841035446
0.18863735778502322 0.13718717305442146 0.5411408546754051 0.04011366879015855
0.22155751838158946 0.09401342520845235 0.5393456557521412 0.036802233281041735
0.022471339120642364 0.2706583389908638 0.5325961271149748 0.04152012023556575
0.22610096958010928 0.14142811379878092 0.530479584239455 0.039831469160162
0.2973660636852857 0.0636324067042744 0.5006565624884858 0.03872579539023706
0.18409536133326393 0.09930801348283214 0.6671518693375322 0.0369023633552983
0.015300154476840487 0.15792388586410702 0.6199725849823579 0.02556941702886426
0.11364310793100814 0.26587779544063034 0.5430579985631172 0.04447636980787875
0.1810012926515121 0.20390789897492162 0.5390051997753754 0.0431773669365574
0.08690609860183701 0.005347315567265254 0.7410298789093211 0.011103982529766222
0.21140628416011162 0.06817034354337106 0.6301438476986208 0.03497113092955312
0.22315667113471738 0.14771554700642175 0.5419598385901296 0.04211280055174353
0.2816257707423534 0.06756026141958921 0.5944242398649305 0.043272158966774416
0.17182335722195385 0.055246649943228254 0.6143264757590949 0.0267394296625149
0.1096808364423702 0.11055462244442857 0.7124613839131404 0.03015579642714107
0.08161934567646956 0.31516337949001577 0.5325562627632415 0.05261496475524095
0.20478871637078766 0.17602772840394848 0.5744936453475696 0.04369073937323292
0.03698562876026479 0.15476051039757635 0.5256825758545116 0.02150808016149923
0.3086807644150823 0.08394599410380967 0.5039192969449138 0.05746073103741989
0.3110528696582744 0.00963242439211805 0.5566146722394134 0.040930611963331046
0.20166861049231544 0.12501108917998682 0.5846990072135873 0.048955482725810046
0.32343427354683785 0.0331141822867031 0.5412556212770392 0.0489232381109497
0.2412384000502235 0.1329682494379428 0.5164158554799712 0.04527491279002977
0.1958999768864056 0.15848775996514858 0.5948048362651105 0.04784065294218348
0.08966198528838328 0.2471724592699944 0.5292020437462097 0.04339774759612571
0.05692112226188384 0.15669568782900065 0.653448733592388 0.028011022866923606
0.13075399114019215 0.08850670673472513 0.5297466424819818 0.022908164045725876
0.014029309635284037 0.1959813694585607 0.6242361931716918 0.025262237424019885
0.20416035304252395 0.20089383516698178 0.5083729131589819 0.04907055177293821
0.017932151811597935 0.07398570962938514 0.7527324688878809 0.013494951303441896
0.2369970030177252 0.0993307510740864 0.6064813217622431 0.03675759033254139
0.2337732628208875 0.0031975487650429124 0.5349041915349463 0.026333500539125615
0.0718023628797676 0.15745608803357874 0.5038755381239322 0.030077270585934533
0.3120252263699584 0.0899695207391081 0.5210582822287353 0.05947857411614251
0.23831674581896123 0.11572978177763305 0.5158262006402833 0.0440898378202543
0.1083047939087953 0.17833441858722593 0.6536477685610282 0.040017142458956406
0.08648625560316059 0.12189365091362626 0.5189290286874702 0.027298646023613288
0.0059283901587205146 0.12589575770404535 0.6987478900420432 0.01593931398013998
0.19477250045547 0.21281006393117752 0.5198415074996952 0.043807666795637606
0.09083844955956254 0.2827719289540991 0.5320285386395609 0.04414257738918842
0.1117230227481103 0.06712844939172902 0.6040184703986711 0.019685881459595878
0.09514838716009921 0.09330157438634473 0.7489160610113073 0.020133387945027857
0.08546983441845224 0.061944897450514735 0.733721595724884 0.014775197855005646
0.27177295000803026 0.12910105031601093 0.5104313355481049 0.048825484355676685
0.2809621985188187 0.026010841554153945 0.5361146918251786 0.03431679218265914
0.11397131903540547 0.021422789921161686 0.622375052858515 0.01952255780091153
0.25840547531852043 0.0425266844741129 0.617847737263411 0.03897761053180343
0.03376199682941977 0.12242616501188197 0.6490752892749587 0.020558579453829606
0.23295309998519037 0.04009561315076626 0.5183227900317299 0.03370892753779238
0.02531277563744544 0.21011830942037424 0.6649668771930473 0.029713054919788262
0.004598443559965058 0.34578036698763676 0.5110977728626549 0.0497518431817894
0.0477579761325555 0.050899290467044 0.7760995588097506 0.01089467413071711
0.20102101264765976 0.018294476376842006 0.660087687948736 0.030787299088322673
0.22242441312838301 0.16480161924768705 0.5516553004288883 0.047059642743097305
0.11858676763951435 0.07009938563322288 0.6327914759281287 0.0213441467516542
0.16225085691884636 0.08588447425623363 0.50686262245458 0.02915652846640941
0.06537853531825022 0.2408013822414905 0.6347388298889032 0.04495516100354749
0.20349416730659936 0.1505513374141895 0.5056416161137246 0.044235663118069014
0.2772405217192891 0.08669308225600603 0.506291936199948 0.051353371866313766
0.18484897573001202 0.06141327003301306 0.6484554413482893 0.035729236942619425
0.19540320441102987 0.10796392656750253 0.538647602963819 0.045237086983288176
0.12165621077280653 0.23791214040077513 0.5723669473222285 0.039243408431833736
0.04081177222513077 0.0055444519091412126 0.6746740650388018 0.006422785858432367
0.24831530397083612 0.11994379767749641 0.5729027916509601 0.048748530633925646
0.2601433185588813 0.020054293904294418 0.6607954950703379 0.034303069111024875
0.23048457316709992 0.10996981674276385 0.5917545668019399 0.04307280613902538
0.2431230952619729 0.09554947917730638 0.5374480389227191 0.03393210179229432
0.10966069588527239 0.10198863483498521 0.5953927154261532 0.02571472560392926
0.29035059181609185 0.09358993350425122 0.5417901597890685 0.03887214462549051
0.04044931337139715 0.18751652190196477 0.5001534797020328 0.028188852052223073
0.252083306591112 0.09081637085823252 0.5411345086739745 0.045662439972948
0.03171766338830567 0.20819659336666696 0.6167096949337196 0.028680744835002936
0.09685084412940642 0.28807464934645843 0.5466618469707544 0.04762285872300251
0.2616415280140121 0.06442146731043163 0.5206245868717021 0.03617219699749937
0.18636417881361678 0.12852852587777808 0.5221296069346681 0.04312569995085669
0.06006162402733922 0.030398956135002764 0.8431610567438679 0.010334764660899436
0.1005865867075554 0.1459463075188881 0.6083745341716069 0.03030341161160359
0.07337670652935618 0.22550632767189516 0.6098418370224099 0.04151314025246966
0.23112122698755197 0.058036264149312636 0.6509933850466714 0.031263420453086735
0.16313519161030096 0.08325471125714326 0.5757943507290508 0.02716439316677765
0.09009174590029267 0.06244226236616007 0.5510204922293691 0.01995355297948212
0.15681087701850913 0.01966426893744838 0.5656185122416237 0.023434110017626283
0.09944989433377882 0.10865875034956296 0.5984578495330074 0.024472105466248034
0.09073079450172372 0.20967403956312616 0.6447720430130581 0.03248411904451057
0.14705969672956465 0.031853750035292006 0.6414224689676895 0.01882851319260785
0.20913271609023648 0.05458794394085581 0.5518447361355325 0.03376982405713658
0.14861511439218178 0.10755352194357773 0.5831804161658678 0.030735809999938652
0.15866687797027745 0.05600755845028923 0.6459379851756433 0.02574394220323041
0.07243161928849484 0.13170595339088664 0.7239101099621438 0.024840109332376
0.10923002906501245 0.20693156013370406 0.6184459371079228 0.03210389278457502
0.0531341109794643 0.2039963705281278 0.5692289783567495 0.03659588301934662
0.05087187854051117 0.10661724832642974 0.7565884615540395 0.02007977064397814
0.05029593330345772 0.17839362773382955 0.717648416500247 0.03391630985589964
0.1212121438645345 0.1390438927099122 0.5752446536622579 0.029389691495430012
0.03747696888392171 0.13160274918392179 0.7653188390652477 0.016983027535115155
0.17636654969647012 0.039713264508972 0.6282936353636221 0.02583470711158197
0.278421837748807 0.018587266401849156 0.5882447244166845 0.03598641640203805
0.22234446310336758 0.10692985504794607 0.5039199332818592 0.04423296162166965
0.21124064194994124 0.11147370453722746 0.5307434386501413 0.04140191582796793
0.0492357746611487 0.1943363351191681 0.6315631273250707 0.03210405369724574
0.1261155899598979 0.1495905476377395 0.6021556814980498 0.028355851960596843
0.24190113465800558 0.03532119357407654 0.5332475545708328 0.038232129065432885
0.13088076618968514 0.21791396359643533 0.5407087088341209 0.04928012493981753
0.15526593201568106 0.12100577064644803 0.5136768069197554 0.03390190027187602
0.17640791827232802 0.22907350976447374 0.5043575919019979 0.057226349864819684
0.024211218437219188 0.3763951168230116 0.5105527524695552 0.04857989931069512
0.31566183058427755 0.014072452182541051 0.5921666941948713 0.047962853155993135
0.31960096294877394 0.06584397197338047 0.5339124076017487 0.04384380850275221
0.3072536777794656 0.12714416475249776 0.509857489540151 0.05096880142703032
0.09657564578184685 0.12827685345649564 0.6962137124130178 0.03312696502146864
0.14618019652614866 0.11211864861475362 0.6779706634398733 0.0312778849198831
0.28590076377251794 0.139366432188484 0.5089483443759647 0.06188135878796992
0.23023020020397456 0.08978938774575818 0.6118953166522645 0.03327827743006467
0.0010208552872343346 0.3480090104935765 0.5810113290546322 0.04417963136073648
0.22224337390416402 0.04718361539633875 0.6804576675036139 0.02695739405909585
0.05327591384146074 0.3484443688717172 0.5056783035123036 0.05396325032893938
0.2690605088339937 0.02830605073633552 0.5953221728981516 0.03280123298244975
0.011616969267621985 0.24626626647859817 0.6521921095781626 0.03621564104323374
0.011755676094394204 0.37959910867867075 0.5319165315209848 0.047417040957679006
0.21770667777627584 0.11834194072886883 0.5267825974988196 0.04211969571510232
0.010217603820086268 0.26135558017521365 0.6374036213805432 0.03275326107093643
0.11009656212801544 0.16486051543092328 0.6312448622407774 0.03322997792833963
0.2441455859598991 0.0956147497582689 0.5115181523621781 0.044159108890049675
0.12425312497160856 0.17232318525291723 0.5755743766566505 0.03712371624436306
0.1026472119436369 0.039713852160881524 0.5501861743643315 0.015970089854895383
0.26487088293527683 0.02735509043854268 0.5344640470667547 0.038308250290339574
0.019928596900699886 0.12234834755562746 0.7997696098679952 0.017137830915379564
0.05251601537382422 0.0924954507267716 0.7010862752032521 0.018138918805472623
0.25954646233127937 0.06508392044063033 0.5911751923875068 0.037399215269432295
0.16926886347033865 0.1304104264303501 0.6166023101056803 0.03174392320177616
0.052595833878048115 0.05559986999118161 0.6978690689628775 0.016112666542468373
0.0475466436162133 0.18030683780949386 0.5764486432792251 0.02472318662601508
0.13834492493063033 0.2277763902636547 0.5734230069360331 0.045152915375374025
0.05109889968536052 0.1851738983771692 0.6039355543765359 0.02391412576989231
0.11912617365182354 0.23356353199564317 0.5628301464113796 0.050977563209230504
0.06851931835728618 0.08172591372515003 0.7928613708506009 0.019592272816361427
0.04497529227646546 0.2512814132877397 0.554795230435378 0.039332967751308415
0.028691926729338166 0.23655002603037556 0.7007962375146328 0.030095160860874028
0.05009074053104634 0.28398913264850045 0.6030168386359673 0.0452404200766596
0.27794581829483167 0.026116854834881326 0.5602167952612886 0.038883440812517406
0.11046507841152403 0.18794460568164817 0.66754149161634 0.03166869634772529
0.1184645211549478 0.04583171212007218 0.7297197785143533 0.02438520264125854
0.1495201842133816 0.22637080633752735 0.5541658591816825 0.052870652415745345
0.2704222189266926 0.08464561104843024 0.5813821530055536 0.03894149000445579
0.0034915913375996536 0.26812053142721 0.5615031184429908 0.035841517749832956
0.020927783781983025 0.19060977658147335 0.5761366269493262 0.0274969783287881
0.09846240456487187 0.11593684045469554 0.5991090528451704 0.029501014038367565
0.1317692640603364 0.03133103151974298 0.5300867928964288 0.023272649971555114
0.08652878720097656 0.20841059079113977 0.6432092189750318 0.03134096216142893
0.09460842228346167 0.10824424502871989 0.6652998781252661 0.02079126127155445
0.20759822036907577 0.07764284598294369 0.5046854310482571 0.03383947117651899
0.16081392960263097 0.01667692143146577 0.6406270105592333 0.02404410433829854
0.18198115000228277 0.07521986193267083 0.6639244344593619 0.0306142907227352
0.14387685996456043 0.07632923370527271 0.7245006300787744 0.022583199634715737
0.05595153796089433 0.36764189679251547 0.5089158011000445 0.04659799729338471
0.104140804544116 0.24761949801966832 0.532909381998063 0.05197289530006374
0.20295441750680093 0.1438612677972767 0.5964482215980033 0.035171358374328866
0.21665026650710523 0.045847747530570665 0.5446490461881953 0.02659044485334746
0.22398788898297603 0.08926837036763652 0.5934084728490852 0.04190393343576587
0.04545480984961037 0.29779452272662277 0.5681583465103144 0.047132763214419754
0.25046775071413707 0.07061628985382976 0.5500673964820725 0.04102965822154075
0.18330661244510266 0.01917086865189538 0.6630117996506433 0.02743899385641857
0.048602929612160756 0.25289848618059696 0.5208900215647139 0.036670079877252404
0.1521288852255993 0.019030830671113996 0.6208131188198984 0.024251498773905998
0.272192527611507 0.11510624942267146 0.5474530642276929 0.046487468989658554
0.29923286245431135 0.06429628570637091 0.5416739241243577 0.0381873215043641
0.13969179609170146 0.16182784393407518 0.5778217164058947 0.04476729356930401
0.06292049215181326 0.28550121476707413 0.5437030825731319 0.04029606063683727
0.0971876128769602 0.19963850787010923 0.5128181697910621 0.03886741281912106
0.06036810491615348 0.02197235061220626 0.8013009864136457 0.012331731574643234
0.27893433322337396 0.0612635507934135 0.590577296502687 0.04074155980157934
0.165321158876772 0.15175377239221843 0.6222282386543625 0.03781420251398458
0.013135757366618678 0.2584071024435617 0.5732383249883872 0.03326543467056583
0.13159937230085392 0.15127293923661808 0.6071565577213993 0.03200390585323848
0.25171502629470943 0.10013488839740001 0.5116096143216404 0.05176456932880427
0.20883768436557906 0.03116813124829232 0.541022838904961 0.028511455927250212
0.13697449901528136 0.0796689250903486 0.5028700264300022 0.0293421566193106
0.28243263583401124 0.08396665013818927 0.5634662895352305 0.036665070932554805
0.15241490488619558 0.06316714865504486 0.5353623861067667 0.030422402612610047
0.26036359343493704 0.00010017089763586246 0.5344376699576746 0.027411766039677377
0.05642313426022563 0.14721996642630802 0.6640738847639329 0.023196590356582503
0.18510944685060582 0.21738482543747237 0.5045098727047425 0.041023334100298424
0.20252118182196138 0.005996188569015737 0.6723614179374973 0.021476085586118056
0.053028840880687864 0.2454466118818024 0.6264226176505456 0.038771550030198554
0.32278658688374084 0.047311418010408446 0.5665515598085145 0.03950712798575703
0.25256047506428936 0.07286320474152086 0.5993285282890172 0.037207161509604375
0.004725001982623315 0.32947915505067005 0.6252222998322354 0.03415335725138839
0.12863041144418985 0.21317924447883252 0.5242721114380833 0.04626451365179339
0.28060056588660276 0.06772692273481593 0.5740217116898783 0.037845655965979566
0.23702164254557231 0.049093616822538926 0.5470452546426965 0.03810860963008445
0.027804246347927497 0.24827403562206243 0.5758288751569912 0.03803244113334395
0.08187011565748625 0.11043036518149918 0.5661684732243636 0.025439786611746645
0.1608243455076241 0.1478745323098697 0.5127930018946696 0.03512950707639548
0.29605881211252516 0.14236436289748516 0.5086678928332345 0.04818481824574571
0.2758900473198689 0.06972547618774483 0.546298458610179 0.05036912411889931
0.18529559674686996 0.04957819450165682 0.5496655839804295 0.026904549767375732
0.04408485669175791 0.3188283735914286 0.5731466077107408 0.047748519210207716
0.11232039861359366 0.25300812653651955 0.5492723204572094 0.04312308141394221
0.14745505337138698 0.04602630296765883 0.7543863375930246 0.021978719895870705
0.14126255454759518 0.09954653410572196 0.6135876242888167 0.03268510001339819
0.051063426008299384 0.19200409065631852 0.5058807454803976 0.028389290003294865
0.16654516708644865 0.08267091845255503 0.5200659981915742 0.03569567933619516
0.03292885470367628 0.24698771293075525 0.5982695206072861 0.03947326546932292
0.10958604841503228 0.2855342542107904 0.5377306002474596 0.04864449621119132
0.3933742030481713 0.05259412953381343 0.5014083302279364 0.04876667283036054
0.3651246754914038 0.037553468804925105 0.502854691236885 0.05461601920566085
0.2687149764575024 0.03934545661353701 0.6082811031066431 0.03939555017180743
0.18059613533251717 0.12065454109405893 0.5593726009186456 0.0404825844197067
0.2627241517441672 0.15053255475179486 0.5300950380260905 0.04325302356956767
0.030830088165831854 0.33352851540730294 0.5689894942809497 0.04627970120368319
0.28167596006293605 0.01638236492701839 0.5694564909341788 0.039423237458911985
0.06844230938033519 0.2334411503891809 0.5555138563338585 0.03612285796612738
0.0034446820907078346 0.21451058437591894 0.7440664548540168 0.030670983153634562
0.005812002186628584 0.10030906468291312 0.6745743584522835 0.015586563613896126
0.15729840302088297 0.1528230050552628 0.5742704070613924 0.04121019375406729
0.0776596007269621 0.0501959580701834 0.65466518985739 0.015983219554294534
0.005694816308240758 0.16482988931153023 0.6581001423142444 0.01765392480963557
0.18147202610332475 0.05053347691190663 0.5203841693620634 0.033746175988786854
0.028659231816517083 0.17365038679591957 0.7259016947591586 0.021192627646895515
0.1607275388820026 0.1639429660056826 0.5253513594976824 0.04629068731724296
0.047163764671034336 0.18204426094441573 0.6526966042410768 0.025458475768609184
0.15093221491522568 0.16079934662610798 0.6168985781883077 0.040830447901858094
0.09936664270248208 0.19363929355882714 0.5494900793658939 0.032785578762249856
0.13914609568272984 0.04936807091129728 0.6598450632896262 0.025259522030688004
0.04985042348416391 0.17949805294266327 0.735918501598386 0.030707815982191355
0.12411394877591247 0.17188544071576634 0.5412403797390989 0.03792762206481674
0.005661749447689213 0.3055444744268175 0.5686506342792851 0.034734954715093413
0.14197525597923966 0.06700752782959041 0.7395221687879934 0.031310132294528545
0.10887558115385226 0.13349696652834653 0.5560020750338224 0.034095549010689334
0.12546006796588405 0.11633189932790644 0.6532284102239094 0.03564092035973525
0.28188640665212134 0.0665932694959484 0.5448811426856432 0.05160366671742155
0.38739535155593924 0.018715209065146676 0.5109907511087645 0.048407359628693726
0.057018801472463417 0.2271284779106908 0.5042003883233368 0.04035376668230357
0.18272003063970502 0.14669666110324092 0.5805864745396829 0.03633301899004207
0.10748834645699201 0.21485766763070965 0.5003713872860832 0.039826725471451954
0.011947151837509606 0.12842963266124907 0.7861648558570806 0.019920032005401225
0.016904108321951883 0.14596617260354972 0.5423570825222561 0.02277606092537525
0.2416999046866019 0.1299408972253923 0.5131111617965456 0.044279736469508335
0.05173337921274536 0.29981214877935003 0.58348985597795 0.042092280120952896
0.05132905601926599 0.26651790907643885 0.5780505127837487 0.04055997475393212
0.009327838770796015 0.34398991541630347 0.5755753613379988 0.037284714001748834
0.10867772334774897 0.2128942192507178 0.6363916913412213 0.035293234464204584
0.20799469105443502 0.15969127123466975 0.5095176978374378 0.050740408117833986
0.28861144107492703 0.11947251761341576 0.5184022110903448 0.0448111926560761
0.002567029962879006 0.33268460962154023 0.5081242246882864 0.039360952449427986
0.22300170832135804 0.00712799960980004 0.5395028581415575 0.031507755082266595
0.0536516630498396 0.11754053436035383 0.7394034631467141 0.017307824721951
0.010832117685791509 0.3864058875124512 0.5071145412950463 0.045480561160799904
0.41581025570359187 0.00041671851525104664 0.5233406911600113 0.05359389092535369
0.029225649203984932 0.21835836273230375 0.5119266019909782 0.034734954715093386
0.16107237649621275 0.14354662743665034 0.5767820602117779 0.0356728063031615
0.07078266498770353 0.2280178259127619 0.5059695862046014 0.03497506582854171
0.03624099315226781 0.15949256969383444 0.6323454741591483 0.02070132872279019
0.1321357619269773 0.14643679243221588 0.5620773890834456 0.04064728140024548
0.1160557087915635 0.27049245162637947 0.5465737787126269 0.041827251463759874
0.19243429322052985 0.02068204415173658 0.5200505127965863 0.025070080610077206
0.019186694368855006 0.3127715165054027 0.5008223389013466 0.049190274711518184
0.0047436647085339345 0.27996874002635475 0.6726418819998075 0.034965142283177944
0.08916401356034426 0.04481752891652102 0.7314033112476537 0.01928907277629656
0.32124236489036606 0.0583868014224419 0.5209902594021443 0.04656607900654717
0.09730034352896727 0.05449470886615193 0.7672077016000763 0.01949049798564841
0.2674284363575272 0.004534370403755483 0.5382682043088445 0.03037357093918415
0.13275249310613363 0.18613765993225773 0.5491571696843637 0.03584027909633164
0.07194181035038752 0.24209338864218521 0.557848669232281 0.042363376005929106
0.013476688113679497 0.17576432863646507 0.6295185913656463 0.02395177366520304
0.09435850307617838 0.3042826124992549 0.5482090024671089 0.04469812378875283
0.19858280515406074 0.06163829677952712 0.5778466596243989 0.030598506782584432
0.27184634832966037 0.03969808727398322 0.5044961437298632 0.04280025730462536
0.12053723330954474 0.11332678880867393 0.6333280341070959 0.028001456192973916
0.2582893297667772 0.05742818401587613 0.514554290285776 0.04720726549153523
0.11088398788048012 0.24231642690976946 0.5177291445945946 0.03825109737838556
0.0160383797890018 0.2501480736542425 0.6698825300351116 0.02849186713606773
0.04750830632031497 0.22498301866348508 0.653133242126219 0.03417583725991116
0.034490946341634236 0.28112989967808266 0.5974336632818709 0.03383850129776703
0.22015334868091674 0.1071632222410338 0.6214466705739712 0.04206190168560847
0.19117528111015336 0.16634484053454562 0.5300532375720003 0.039280844146525856
0.1789220664398361 0.03646219918402093 0.6208037496513255 0.03098633077677787
0.15276296548010507 0.10007250763928627 0.6194466088367582 0.030291650049361983
0.27174526194911275 0.013422817124606357 0.6131090364353654 0.04146058202513753
0.15527121886888162 0.08891006073829376 0.6254743283842799 0.029069674374529824
0.12461432321833418 0.12778512733759428 0.5518480508905169 0.03604230594399736
0.1420990920608377 0.13497053666773767 0.5526229454979847 0.030757887991457955
0.2433743587372635 0.009686186890050796 0.5435824354743612 0.03740906104168315
0.22720748567467333 0.02946772942559983 0.6852064551460927 0.034931619313279205
0.1260724350891092 0.0675314015328504 0.6657250261745111 0.02473588833839896
0.07469519451758708 0.16123344389981545 0.5648510043635895 0.03350184869958889
0.06082499087130899 0.1202126378656424 0.6177751544742649 0.025900430568542784
0.1750721357812414 0.024551291470133574 0.5620205336350691 0.025831276962302058
0.1548001388239424 0.22320652610943476 0.5127779811176507 0.038150366804393765
0.20674916561338819 0.0834381827584516 0.5454880260221757 0.0303105672407173
0.08802894188009544 0.23442397723738587 0.61900757853161 0.0389359482938898
0.04293903327011228 0.23660183204087898 0.6183950049596266 0.033433183207450846
0.20779167468209503 0.19781877357709512 0.5059337380154274 0.04617957999089922
0.33711616092499574 0.08909511905338072 0.5100896628656795 0.060017836419041196
0.1272731059742398 0.06793497719458563 0.6172600744922798 0.026040198273573067
0.11288926858961526 0.17732694080472822 0.6270598272357002 0.03601090460376882
0.05067220210830892 0.04092642825298662 0.8504112191714923 0.011793204134617262
0.15889527782771762 0.12005165360794083 0.5369045714220944 0.03236465381453302
0.26907941923115897 0.16830205775029372 0.5031154451950594 0.04397853123080128
0.19051569535057739 0.1987856305268177 0.5288086457657295 0.051279455116601945
0.17208898688931765 0.19893216994057422 0.5262285777975303 0.04365999498042769
0.04507389253170013 0.21390170044792411 0.6586859629791946 0.03630890281477366
0.16096558106053926 0.0025528722071898047 0.7710200647632811 0.021843764252496782
0.1024085518811764 0.1888056735379877 0.5410495789032668 0.04042313485535234
0.18770759591660435 0.15953247222708167 0.522967944242275 0.046355524627736226
0.10061566822932233 0.14817820941062962 0.5919313863702035 0.03655988349160184
0.19239003713201563 0.0007888413246558978 0.6817196402965613 0.02292639435378821
0.057092112227314515 0.21831421410785445 0.5097248726184105 0.031248440030917923
0.3751036541170613 0.042147256962519086 0.5172565744360302 0.05554589614079089
0.10096576816136538 0.09534723755577956 0.7258308149958461 0.025274781153396136
0.014299950303132206 0.2387602307446965 0.5382180399311634 0.035398072756050385
0.08743813017999899 0.2017044469272466 0.6164701280179281 0.03685967697695364
0.24128264868078858 0.15366366440482324 0.505910014741366 0.04198985486921478
0.2707350098397195 0.07049502640686178 0.5811589501806247 0.045880409258973465
0.31031629985769904 0.10414557457456342 0.5129433702764494 0.04447983084938572
0.19802187370265187 0.04548767444754365 0.6417345336187918 0.0324624647881796
0.13700609357127366 0.2058848996668576 0.5127270972881273 0.04703599430995942
0.06517948617032551 0.28323897550228133 0.5481535800222979 0.04006678316124966
0.05258604070229067 0.27605623931422185 0.5929692231496713 0.03376926222175209
0.07015402277350391 0.19077619742372728 0.6940644743210378 0.02971710881037197
0.021600009167988876 0.24618008847486073 0.5304018874397096 0.02751777091111128
0.015835135325546146 0.09143951026411978 0.5005186430394998 0.011285760442557542
0.17116278055172887 0.04871412525673169 0.5462598465586429 0.02857212583329038
0.2959851783218778 0.11479939097240179 0.512111541656012 0.061319189203841426
0.0697040052989058 0.3098732648191236 0.5608083027943881 0.04723968933307354
0.031152672572466233 0.2411136829870268 0.6004735997117294 0.03763801640550833
0.293787080364085 0.14057004417924457 0.5062546315958836 0.05898280362440326
0.003971592994316375 0.22017109589943717 0.7259596433248213 0.031314472938734
0.08872355750346822 0.2520763091959788 0.5441154951128796 0.04651490689307922
0.04275115604715264 0.2655574916044679 0.5187635043766294 0.04390204619019622
0.04462084378194115 0.18484708918852788 0.5080015939981759 0.033614068715714734
0.18810594696037758 0.11422478277693515 0.5545996844676659 0.044301036151694284
0.027999206197432017 0.04704529676974195 0.662356962426096 0.009540254125298013
0.12104977215951902 0.23011801935548037 0.5489742469328998 0.0488112369321608
0.17479201158539426 0.036803820271477244 0.6540625319456363 0.030570697683275194
0.3682518488763311 0.017387583769307935 0.5552214726293675 0.04348044182457251
0.29687084669530034 0.05023569943434692 0.5235543089804096 0.050708689729493675
0.18026270202674688 0.10909852640369164 0.5042870970968689 0.029372232682021344
0.16406505090575224 0.10664888540943018 0.6363583200325855 0.032736303582849936
0.17517472092462083 0.022350111757833822 0.5932600893334568 0.028741089543449058
0.017443540628074405 0.10181939527468059 0.5864050403826947 0.01567473537223973
0.025609995815669695 0.15789944006756984 0.6443855849308928 0.025972808635937792
0.2527226498952571 0.0704007531227425 0.5959534278654898 0.040774711010131276
0.27703984998052134 0.02614635025266021 0.587249564841243 0.03157864187662944
0.1541744248447836 0.09771885431444405 0.6914484495077395 0.03763637355791019
0.07482683698889381 0.22470686729688277 0.5094333409393622 0.03504953004677487
0.08520175556764864 0.09463670688939646 0.6127752699024958 0.023413855081724874
0.09863188093908053 0.0946691260841459 0.712418337816457 0.025334836080695654
0.026116058971693168 0.2088922576682141 0.5259913199842194 0.032678805695003366
0.1970674280993723 0.008791887787012564 0.6090240212828624 0.03024984350561501
0.33656020177944623 0.06850296528991406 0.50282166590747 0.04956902585536216
0.019260101110373018 0.2831132204753381 0.6217143803651926 0.038236812038044514
0.022415801467726426 0.2784272417958012 0.5086092980883853 0.03480756819210959
0.1022764803296946 0.25217798905830635 0.5549181332648587 0.04776867238359582
0.06941094390195768 0.13491210787561403 0.5401583227770235 0.02144174270319904
0.19219078805450196 0.10715386674695603 0.5819562595036054 0.03632912699145731
0.3451660265911819 0.0069862738928379575 0.5188075374742374 0.04934428517436324
0.1654305359526187 0.044881816921873534 0.6146979892683408 0.029078789354322142
0.15405453126691995 0.15664627056947092 0.5467986450374573 0.03863050273162952
0.20725649839227467 0.09238619506631252 0.5213909292206007 0.04160784379640214
0.07735547161601244 0.21542896177683274 0.6224091385788195 0.03349517113147045
0.3415349463575013 0.02686020461722044 0.5236643108350512 0.048916102079188395
0.11298198805017073 0.14522412495414624 0.5845293998565088 0.033784344111160984
0.19721246667226583 0.07564314412153365 0.5816206929974773 0.031186992739273806
0.0795618890578819 0.134999143411214 0.7273317773594153 0.02468563670752394
0.15486921945412646 0.18042560359834536 0.5905770722344529 0.0398535744125087
0.20882221006076096 0.19423711397476695 0.5235005812490169 0.04747087357035054
0.11220652408966769 0.02463314649127235 0.5091963058893715 0.014737214452661573
0.08388675048582525 0.23689816821336543 0.5272795695001625 0.04162945278322305
0.0775260717565928 0.30127567199927974 0.5259719190470178 0.04911275574545446
0.167020327239082 0.16108042949746731 0.5403228179656359 0.03484630564644377
0.07149736834873371 0.28643541338403633 0.517799126896493 0.03872864494921202
0.16715673997861613 0.0886616728214924 0.6551249154845941 0.03339125679958968
0.028084565080164103 0.3523163348950219 0.513815874917396 0.05435172130616317
0.03455600254465552 0.3550791243025043 0.5275729886770114 0.04142613546971511
0.21814905490735192 0.177643455634649 0.5021195140406551 0.04098797844658908
0.24382012173341744 0.01965169517102921 0.6827757305202748 0.02857413614555972
0.06871755599987914 0.3516716865217313 0.5270649749046948 0.04307433987260164
0.21736040142200716 0.10153387972682434 0.6212863318539201 0.043566976988134776
0.03883278297542064 0.3347289074907582 0.5026185982168541 0.04729779884357214
0.2727333724480773 0.07317452078826946 0.5122292673182491 0.044238352591016154
0.17413442019238956 0.060927235431219806 0.5418811290619343 0.025971600643182432
0.23231771110290286 0.15554293260472002 0.5047544922276177 0.03944503689447433
0.05984071871132257 0.11774152023921647 0.6666563443521156 0.026627414629493945
0.00856312799081893 0.1297156845822091 0.6309787845182967 0.020082369610388645
0.1421415744980942 0.07893803854840697 0.5660016171784353 0.03072817766720804
0.3347334529109151 0.04105609372235075 0.5285114440835481 0.04482068176686801
0.2311443681131733 0.11045040111187518 0.5202580265625216 0.0374348894077735
0.1495201842133816 0.22637080633752735 0.5541658591816825 0.052870652415745345
0.21029574006790538 0.14976114669283974 0.5686120353801656 0.0424139265001476
0.16255917844632078 0.07953323628216169 0.5867798593189752 0.031711281062860974
0.2926560572087614 0.10981618123225491 0.518113554618651 0.04974048486254982
0.25870598503550524 0.03260345353393798 0.5238305222960356 0.034524580468046295
0.1171783085133572 0.0409378263974563 0.5659686919793665 0.019500271556955162
0.0445121784631442 0.1775987163249571 0.6244275622068582 0.028478470664951423
0.07710838874719728 0.031563656791591344 0.7078845537041064 0.015624233393677425
0.12208578912263146 0.1284732235263658 0.5321166745677605 0.025832540988591224
0.04712577780750746 0.288255676314791 0.5624920615542208 0.042198281596364545
0.14675870451100453 0.1583761712747586 0.6139964308479144 0.03111942605011117
0.06000601134011774 0.3157185480841041 0.5262562290719028 0.044061733802565214
0.04050900894526772 0.055108018985737126 0.7465226777039877 0.011719253569688934
0.03592949003744553 0.29478836366375505 0.5128892715061529 0.0413577426695097
0.35881576848582064 0.0038572365751436966 0.5019702190340585 0.04357583247493802
0.13461956297538996 0.046148636738893745 0.5839071423502334 0.026749818936534848
0.1834423069134522 0.07830052534747933 0.519927714534719 0.038570863424066605
0.12080381623038017 0.03380882278431721 0.7853915847284096 0.022063805533583843
0.2861823361294964 0.14207759717926072 0.5089138772533598 0.058867988586225654
0.18908202040057248 0.1079777866275328 0.5165550899351761 0.03722902369052805
0.11596386558570464 0.2765717781344254 0.5200069031095808 0.047987287133259324
0.1068581187345361 0.05939626127916181 0.6429118430644627 0.019585886610686207
0.0983174556045498 0.11931044710128791 0.5772217791805089 0.027732460352911936
0.05231415222084551 0.25775786747135987 0.589224265918378 0.04150381647328776
0.033918772372663386 0.28780666902439966 0.5564955792124486 0.041580082663459556
0.02342912814862206 0.33949870042485975 0.5269116327484009 0.05203751893201787
0.10005179156269915 0.05803430381664465 0.7601116501218166 0.02086048620759913
0.060855545983282244 0.08217105177939998 0.8140470108502601 0.019516474771924225
0.048327219992536155 0.2539704251293137 0.616087978845875 0.033220256307997464
0.0011868919102602585 0.15907946266806772 0.5472197838301973 0.02240832833860528
0.0535034629225838 0.33736626851239626 0.538178133842765 0.04642956018164683
0.13590895396801878 0.15231084445922816 0.5036385422859216 0.03457743627134727
0.10015460988360572 0.1195575687661744 0.6693711703284838 0.023011532442224966
0.06885003003254542 0.10231932269068833 0.5219092660061309 0.02047790692493609
0.012771290866805562 0.09788556837220261 0.6227128817191074 0.014529384295224837
0.14705256812288386 0.13222010048758526 0.6578550268230166 0.03697503990569777
0.10246351629378252 0.12848573637480065 0.6513334398914706 0.02453335748619477
0.1312244555538582 0.07318391035033112 0.6812933578975154 0.02663477381620721
0.19923860377702832 0.12277308277319965 0.5785779090716385 0.03627947883537559
0.2586856652538444 0.045358027385258015 0.5788637369292633 0.044765556505756116
0.040778321193598366 0.17809180093811608 0.6107363280076996 0.025632986786208803
0.07353661999855932 0.2918485123547364 0.5127103748201827 0.04034416184293377
0.10739846335715861 0.08812507531827854 0.6055218394147412 0.02131349377438918
0.07809509365731548 0.12798517639846574 0.762724536372158 0.02559513470681796
0.13153080665141528 0.25226740989663904 0.5334829030342618 0.04630121749743735
0.2690596597795877 0.04555940628376785 0.5578729408895287 0.03625232324946115
0.06617995461005811 0.18018020761453146 0.5444275883995243 0.03414930861963309
0.09907276826721656 0.06533538084507223 0.5845831626414697 0.01947111414024782
0.14513647448868572 0.11990181211713558 0.5171971573059272 0.039033319684626644
0.1493268970101197 0.005278761057355363 0.5717390981877053 0.02087249777383305
0.13151333157146006 0.11454475316940141 0.5461126287398752 0.03495010826762501
0.028872505403191973 0.17857759042368382 0.7289525653111341 0.026684474339954495
0.1611613628199092 0.09904388657443164 0.672547521780771 0.02723740961217473
0.027065614961335804 0.14806402216448658 0.689765135448636 0.021746889888168548
0.13624783067755594 0.137092357127528 0.6398033427350481 0.040388731678035694
0.03908735685327849 0.208661048816287 0.6983258898511164 0.03149269124583315
0.09354881188651917 0.026781193370085943 0.7927397286176809 0.016439429555477336
0.2769161523078003 0.06434484615072047 0.5950001651619857 0.03899571395939474
0.14362308153151218 0.2721181955366703 0.5269627930236505 0.04231449573898856
0.1881505078297218 0.1555080462599708 0.6021020546842856 0.042156339259841344
0.10890349588488271 0.16737831449203489 0.6293661192241867 0.03449671045321333
0.04472030299947022 0.3357539458771976 0.5188690865646328 0.045901323631351944
0.06723048638769921 0.30486466830910314 0.5530883206744281 0.03778367470325641
0.29522056328314816 0.0685513808724204 0.5807842191841626 0.051497095004652854
0.20476972166856566 0.02728481583974407 0.5258701237468637 0.02619732643550704
0.07466857143373562 0.04242447554248624 0.5316982035147237 0.015654379769925994
0.22812806877650205 0.16732032070524827 0.5035094111018412 0.055218079640299025
0.05205761844110168 0.34056989470440935 0.514465678832126 0.04620578515160839
0.10763906828382686 0.1294054294845366 0.5449961083946766 0.028929967808637935
0.049147043894882586 0.3202034159819753 0.5349009000898448 0.041201657346790266
0.082019457743445 0.11112662146311916 0.6972754016754877 0.024035058334786728
0.3043807831711387 0.05475493365927797 0.5025597044219217 0.04470585087941026
0.24105195594384554 0.0008683613420775605 0.6349944107669034 0.03343915522452369
0.28453115384749117 0.14242838673709737 0.5121662525537829 0.04550683415589313
0.04809485045021822 0.12159888896021309 0.7217565697785341 0.023490526522590482
0.10330841286295894 0.21292458739947087 0.5459162704530095 0.04113309727063956
0.08284442558853584 0.14817196431673924 0.5000118019134492 0.024969339880973523
0.2713450080001665 0.08686108816005336 0.5579866870781269 0.043869612879333914
0.22086654458487193 0.04896647448111949 0.616343395255784 0.03099335709568271
0.06367149774543773 0.259093643346781 0.5145097436393775 0.042635936598472424
0.07513411272933057 0.18353587538051425 0.6520773353560553 0.0343003130744685
0.15905590132689268 0.09121338336389456 0.6511435083100311 0.037420687213148396
0.2447722940521793 0.018196034357992746 0.6848450156029302 0.03364559400350185
0.17305649997789496 0.16540454220365627 0.5239016004041304 0.04835657521394787
0.056709682132363964 0.15812308528178895 0.618473586304777 0.027961617603839004
0.2601047991973724 0.03181002923811849 0.5095098509947792 0.031072467734660436
0.025216742475494505 0.2665312367200946 0.5728433279095422 0.04372151587214748
0.19078863332017987 0.18543667443798234 0.5110439334789745 0.04932496990386378
0.17097268063081322 0.10746697788448803 0.5261301549665369 0.029397192204222582
0.05126699865720408 0.30863231091426163 0.5132941935555098 0.037367463937480715
0.04689708293351613 0.1952953339468473 0.6730274146704263 0.03487750955648553
0.13733006874008377 0.20138000628708697 0.5148734777936943 0.044721983494038234
0.11389060369361181 0.1875584899209941 0.6372422559556765 0.0316942922303856
0.045470340807351795 0.3294150445306814 0.5552148305848987 0.04950670740916785
0.2486826417290855 0.002476738824217506 0.5579874296195403 0.03203701342870495
0.2711822178037238 0.11702289685113304 0.5449179352822138 0.041142174811537896
0.2203875427052599 0.04540066785937469 0.5002302430293872 0.0269423354008672
0.11734334507001618 0.03716702938441485 0.570801783866893 0.021271914768786482
4.3114963752477475e-05 0.3421441601757917 0.50135312236061 0.04976134002061197
0.18349595002831642 0.11289581343089217 0.5003462564628127 0.0384658536202952
0.08986034620469904 0.08704830070051926 0.5578275393161232 0.022154724697247163
0.18822480447740333 0.1541835608655826 0.5178332258600581 0.035720044566277295
0.2443721141703085 0.02353538770142806 0.5205163120014906 0.03227209307847839
0.2746709384407394 0.06682046404034181 0.507939407294396 0.048309297207333804
0.003863719517088915 0.2032433455867692 0.5524789551803804 0.028401958312727047
0.03963472503884055 0.2178779304015065 0.6569909050765375 0.02731516558388323
0.147219725202063 0.06410875996663574 0.6512532275018619 0.024246170546158533
0.14564196988071237 0.16786760891088492 0.627232752722179 0.0369033512743244
0.2467936873391513 0.1199777001863237 0.5707746084831662 0.0412468210915024
0.24007091526043342 0.09703172576257568 0.6104981434016294 0.041331901780175706
0.15598733434930412 0.13083618499716976 0.6090475534261497 0.038365216094337115
0.16198030866265276 0.1138573167811287 0.5468467519807274 0.04117293619035335
0.13554836716874658 0.10540647290365263 0.5874324871453744 0.02513791211578395
0.06095165929556967 0.05723426513542706 0.509676903445889 0.012750187872529684
0.06698766237761815 0.26366686922701 0.549902171298648 0.04439786887448263
0.19924356127203738 0.1657107970559311 0.5297616930378146 0.04924178449272011
0.23271937523973163 0.035102377894926304 0.5535571612151415 0.0298186887740714
0.17437139906129687 0.15926100634563975 0.530394242321176 0.04113342747304428
0.07994612935005707 0.1319861255213508 0.5115669367323123 0.021761813812482076
0.2015349798202871 0.04818066282376726 0.7136386623699678 0.029476260090752666
0.04838189583824004 0.2134490282947723 0.5144744364776563 0.031027863727307866
0.13320630828930255 0.12412381970650438 0.5376457873476956 0.02886011272631678
0.10120680406072557 0.337046914516502 0.5119382563812236 0.04945354302607234
0.24523476832605592 0.10647580980638982 0.5518307495103401 0.03869519687364113
0.2527975258272495 0.0787330661281053 0.5335473881502039 0.04839869254854651
0.05179952690561259 0.14606501521031534 0.6960666090115923 0.02497759660581375
0.1855616605592706 0.014547658496532723 0.5277745584591572 0.020073569068492364
0.015386895530601907 0.285701537868185 0.6518053487717779 0.03617232627874539
0.11856797862824092 0.27937856255574856 0.5195244600589857 0.047061266027213895
0.0052743843113334625 0.26638062351796343 0.5625949739590185 0.04040965562931524
0.2792188419837012 0.07963925057617677 0.5500605809112664 0.04034177722589809
0.027384175655188303 0.35000758540627486 0.5369154521042505 0.04072902988305266
0.007985424971457822 0.28008478984451635 0.5053599670840206 0.036176891610685116
0.20756353857194476 0.08961423080671674 0.6223970973186099 0.04397950947249346
0.3417204351464881 0.03505572400981338 0.5813463322687124 0.03898387047745122
0.013455562558587375 0.1636791120326902 0.5324149772462059 0.01831060167101628
0.09601017611502288 0.052411869779292825 0.7738536652876244 0.021946166866312285
0.08020668079120397 0.14145344501250712 0.6149160404285207 0.028874360136599164
0.305485516488897 0.05677521593699128 0.5723141429378578 0.03828504179923635
0.16630743573950257 0.20776548273764522 0.5270124490168456 0.04981322698973786
0.15704038291640804 0.029650069887594888 0.658244813888621 0.019751919146593425
0.04824777373968364 0.21488258764910562 0.6422062252750796 0.037097096169491195
0.06751843614666408 0.06998670677309204 0.5006648569437968 0.01969499570326548
0.036960608003617966 0.26739462836060524 0.501348728024559 0.040786321716948695
0.2978154588376851 0.034223542417523234 0.6077865909419612 0.04597380409288149
0.06893642230611385 0.25511622436789183 0.5045847772193405 0.048455994277843625
0.2580500122535082 0.06378266752000186 0.5909680001393975 0.04227248473606634
0.13260492349795627 0.19526558480202014 0.5472169747737368 0.04249619301219772
0.2111567349439949 0.13758374463045991 0.5107143845737955 0.05212092675542668
0.0391681697824206 0.20937321828344313 0.6921343989135036 0.03284712289589591
0.21264904871009632 0.11698287583751199 0.5369888890020855 0.04043177452381201
0.13876334907966806 0.15399875730781698 0.6066378605843051 0.03761953452471105
0.004064505957182607 0.3034668037990869 0.597074601745577 0.042921277581563826
0.01647371215365928 0.13930436475752966 0.5401300403957757 0.020077127457266586
0.17886394113552495 0.05236585782639632 0.6049239602432391 0.027490424899763326
0.03473768257037732 0.22091451035957127 0.5569566479724497 0.03219804717262506
0.04208347898240816 0.15377430844335357 0.7112598918298242 0.02403655798441662
0.15247652734775688 0.09008256618667637 0.6853866339580448 0.02488599872963221
0.02597859968327748 0.1420178603001261 0.7125950469572286 0.01874374362168052
0.009550243681333115 0.26215102941774493 0.657664185368759 0.03328118731149889
0.25945521410593897 0.05555174348236569 0.5485672107560955 0.03745067838288246
0.14554336240609872 0.2811894909042316 0.5035885842307051 0.04277651469362867
0.05532249686873654 0.33628996941846356 0.5139764997962314 0.04453080353563184
0.1787076045001914 0.11248603766959131 0.5892884093068526 0.03104858074108393
0.06183606564412036 0.31236793116961487 0.5490348332892965 0.043512892218031826
0.019362066828330356 0.10308908620187163 0.58744303665314 0.017041129184678372
0.010609852631448521 0.1871631288988801 0.7077649756201108 0.02035794701572034
0.3347804697494136 0.01855868581951632 0.5163048189909992 0.046584636848836944
0.056099031472905604 0.11807523002080117 0.6179050062364597 0.021003437280863343
0.15241490488619558 0.12071452003531384 0.5183112430152093 0.02865609122935603
0.07619569859316253 0.25148855020432337 0.532688954743159 0.04869221503257873
0.036401978606691275 0.15762207807875273 0.5273398668185938 0.028874360136599168
0.08055386399592618 0.18505424692669226 0.584632136037451 0.02880818496077739
0.09230616668948613 0.13042673706371424 0.5880054686701981 0.03305552530543954
0.161049988611615 0.17703587761240702 0.5479253395871888 0.04334636836208087
0.23269897227698436 0.17684107516350056 0.5144845878092643 0.049410033842008885
0.05603258500442092 0.2532059053375442 0.5605404912900599 0.0341063133813085
0.2684654964972066 0.13851536159303843 0.5081680376375793 0.042970971646391645
0.07758388884232768 0.1450164071681625 0.6502577826076235 0.031917708840578984
0.16733705296079354 0.16556690509298572 0.5123189346157779 0.041655417287433105
0.023544821269183724 0.23795700582338297 0.6665210581628596 0.030429177037358618
0.3461360970666723 0.04781518098631519 0.5596371849541797 0.040871156886255
0.10318055580522592 0.010182861844910185 0.7630709566890455 0.011434173990731024
0.07656308610274443 0.17817931871075798 0.5730270161456752 0.03533110918225821
0.049016309781683656 0.3485469186476805 0.5074098341678956 0.04833694261290852
0.1777170457888779 0.14006948471543976 0.6008019354497305 0.0372134716614894
0.19675638357236114 0.14662990164106404 0.5585308729493075 0.050642645536748486
0.13069448850563986 0.19263889901335193 0.5745546759093506 0.037538669866968466
0.16652754416964133 0.17918485149777486 0.5881194704015575 0.03706066498041851
0.12301796764751727 0.13345349433803255 0.5575792696214359 0.033844682174609786
0.026078789797616797 0.2479747569629292 0.5480772497698232 0.03473495471509336
0.07727273214741666 0.2734918574311069 0.5236554922740502 0.03976200060961249
0.17647466898553343 0.14903195898390154 0.6319419982299725 0.0335380273017884
0.2591190333804812 0.04021768334364561 0.6276392811822966 0.040894453858414864
0.09179649705987603 0.24252713737230835 0.5855992647877938 0.04199060103778637
0.2276193248442794 0.15114196075145553 0.5507923032052122 0.05313033043985538
0.1047021637698285 0.037892433491637734 0.795667438692959 0.016358434540937855
0.19296071338670476 0.030512597259421237 0.6167712127064503 0.03158289161835119
0.002389211904994748 0.364944987495156 0.5293484447391693 0.04125232900460807
0.14850225370434922 0.2097963084791427 0.5178276151282226 0.03749959653365595
0.1667059127032264 0.1418941507296169 0.5009986188658366 0.03532669673156354
0.10311453023393741 0.178703825786668 0.5305373710120066 0.033445407976981846
0.2844440201769994 0.1441099503003412 0.5061899846930141 0.06138749743176515
0.002716756242688856 0.04902794718003857 0.784194391496033 0.007614985307809054
0.09893284612981201 0.1073956871427888 0.6970522956837428 0.028681483332558627
0.08391803376251161 0.057489508166149034 0.6751983678131713 0.01958588661068611
0.2636032524855526 0.07298495375993205 0.5892171839532456 0.046644141878815576
0.381227611053799 0.027990405250587935 0.5355267366294661 0.04252860796484323
0.063696683882078 0.3624007177170339 0.5097355363089524 0.046221922486173836
0.1337909192836223 0.15853548735799688 0.5359819604720952 0.04215621908787577
0.07538132495031948 0.1674942975847018 0.6931944592481032 0.024589980742943662
0.21337258678748236 0.04821809026279883 0.6535025040698977 0.02812377808662543
0.127290792408989 0.2207936719118884 0.5339045578545315 0.03876763147741136
0.057375428884216415 0.20198794228209316 0.6385409038648188 0.035627841828640476
0.1670412088322157 0.06129701645556174 0.5815118492884044 0.02748149881888794
0.11834429486719134 0.19928963990816606 0.6468416029081967 0.03260883388079858
0.1234019598388334 0.15712521496852339 0.6060727828159822 0.03754024044139767
0.2779066930354152 0.08188461977737427 0.5153778060079991 0.03865879822538133
0.057758965240714916 0.18695682092623192 0.6965819846204333 0.024931533656957643
0.03733471797118143 0.1711943064261816 0.5372472391312151 0.02901129129592242
0.11843846393554322 0.025713986172233694 0.5260928478724296 0.019295771565461348
0.06223528820802693 0.30927975928209017 0.5511391781456245 0.0547158208637113
0.17896423227151814 0.10677759369120343 0.6369528081381151 0.031649100724481335
0.14477159410026508 0.17849920138847464 0.5542575447208646 0.03650481413622867
0.06325630164245592 0.034369695596047745 0.7218874054681337 0.012773689256500534
0.09233128669475238 0.27506193674439733 0.5564955792124482 0.04188468263428659
0.13037166997791677 0.012135279405710186 0.6208014919937738 0.018685314375812972
0.12386443489658108 0.12689623821109897 0.6316286643009836 0.029377815545557878
0.22427544076933814 0.05130235972034217 0.6636784069125099 0.033862575262051366
0.09158137915581538 0.12501941837908945 0.6920007746833328 0.02679766901119404
0.12216639627956294 0.048589008559843716 0.6736976512903208 0.02019323397425274
0.08009382653793146 0.050242359632549895 0.6056531337251623 0.016379894582980337
0.12416115818041856 0.0006475945970078056 0.6086993604269164 0.016461112363516158
0.0996108705081839 0.09501298027314084 0.6840605610305905 0.028536905905073018
0.2871231413780187 0.11501665479348233 0.530608734794062 0.05623432916570696
0.020536855011472413 0.3516451772017226 0.5176141277686728 0.0435903775818003
0.18197890409032647 0.08870481486991338 0.6242472078995265 0.029724306957585954
0.2902322862598498 0.1445786601660486 0.505940209519009 0.04812424187945005
0.15351998320351307 0.11315547994331743 0.6103600720903335 0.0370178651434238
0.12119765352988165 0.12420208794944199 0.6735387918153728 0.0316554434065759
0.1266414584588593 0.28534281783677873 0.5078768876715105 0.0605379139134376
0.05856281732627637 0.3270080253145179 0.5603824841658023 0.0456740157774701
0.2712299193487908 0.11081238235191154 0.5569679864999714 0.0556790519174874
0.18593739199657222 0.1477513474309311 0.5386319484914797 0.04326490375256879
0.30484932361431827 0.0038629452324254188 0.5598998592403446 0.03653511389497549
0.2711808787961608 0.16215225793827476 0.5097878410339942 0.05094184283036211
0.12383991054259622 0.14837408092644813 0.6117474340220134 0.03730966935745873
0.1022636777517254 0.047612268807967706 0.5961194486867631 0.01609159786943961
0.22669367805416352 0.16473072266356345 0.5103287796895462 0.05545364318107916
0.07269874876527849 0.12510702914091693 0.716594644275751 0.02899554568465043
0.025362595891224915 0.32077804265188165 0.5732978234603736 0.041017629393117684
0.10580937655005673 0.08811931563630906 0.5832241618483197 0.021352386315209616
0.2434144601473667 0.14703866066684323 0.5049602639902527 0.047823984545241546
0.1559783940320382 0.04489190730385051 0.7673270866506772 0.02838349407410355
0.3124081004435119 0.054465928835008004 0.5406274216513576 0.03749949534097824
0.18965313872693718 0.04738834141969345 0.6728107014338089 0.03084849516162752
0.20036465990363345 0.16081562915706082 0.5536178598884772 0.05118743039625273
0.04744598941223924 0.30492661793256803 0.5376567355372138 0.04812723062847196
0.00840228336856081 0.015518528406809208 0.8970756022750006 0.0029274921124091483
0.18972793153476594 0.12560445417005714 0.5840766648403348 0.04708150988687968
0.019364844928626335 0.35781398653746505 0.5755689491371943 0.04510307222757942
0.06543302286395153 0.2579984781336345 0.595531389597157 0.03390382884690117
0.09677041657266552 0.09412921900029834 0.5347360669252876 0.021879432869826576
0.1105733823770525 0.09325539177884767 0.6975087391924562 0.030524800578070888
0.1442013018008358 0.0646021348029624 0.7422434773193912 0.024508858492391393
0.2904850849061199 0.09692820673114193 0.5170299999771626 0.042480802913690836
0.12346982792049319 0.03025703733835801 0.6351735552790176 0.018543753417077213
0.10298872946447127 0.20072778343410613 0.5034347421390679 0.030398278245428345
0.1612518477169131 0.15130008658419986 0.5100034863932228 0.03506188070896141
0.044233349801034084 0.2262065043438668 0.5470902492433489 0.03543400792452613
0.015656144146536693 0.33139973848363274 0.5616687215719252 0.04937945229801384
0.24690450081937576 0.12880748553859123 0.5057800163939667 0.0400190263502159
0.1763436416269619 0.14151064739963418 0.6260493035236018 0.038020273638692426
0.2690605088339937 0.02830605073633552 0.6234019819337924 0.03666521182787618
0.1542886115578248 0.02941029520618199 0.7108757719238397 0.021755137026291595
0.24145892241710917 0.010392094943151298 0.531228650122278 0.030848495161627465
0.33894966298973384 0.03177694450855961 0.5410529082263384 0.04110429644290447
0.07193893690787483 0.08839253178516213 0.7801691491988061 0.02394313414511027
0.28412806452022027 0.11639986664539537 0.5037585472930539 0.04466035080691527
0.11723623523929183 0.25256211661697103 0.5278214581969031 0.041753725882308884
0.001209773084362764 0.2577566184808547 0.6382375320890011 0.03456022373327264
0.0917853714579806 0.2609939350080629 0.5866825824996529 0.04709487667267366
0.3569295880882063 0.005294568310730163 0.5410467401404404 0.041629934650054656
0.07419633382948149 0.15781258169219742 0.6369152208442475 0.030290376182825648
0.18306233487754936 0.0800160989037288 0.6928286020385882 0.03196817501919388
0.21046411571865575 0.19629931074390167 0.5082220443765133 0.05223222350106807
0.1659035850342216 0.0325072118465371 0.6691310191015649 0.028154122799810607
0.12254899141129072 0.25780256630196985 0.5091795990453449 0.05038168829885499
0.05751001448271385 0.2502627784162955 0.6238084821179442 0.038935711799382836
0.00586349863084662 0.3434377970505875 0.5250223440051195 0.05043402966460206
0.17483994318702312 0.18955028354286646 0.5265212327156119 0.04686619344878451
0.1703696368705669 0.15137897453701316 0.6246006266099737 0.041684537320162834
0.04544116750572404 0.2851913263336088 0.5440607923063463 0.044121000508420626
0.3076098219576651 0.005294568310730163 0.5483916060408341 0.03429818033671071
0.05411929706055983 0.16043763280431456 0.5649670414417151 0.02414217129527413
0.16131708658769162 0.18364749515483594 0.5303668958736217 0.040771454416897744
0.04156670665254014 0.36136062166332844 0.5261911179601949 0.05953385502571765
0.16291222648045411 0.11483075213779026 0.6871878686279685 0.033940594141533026
0.23112122673274266 0.041980494762750564 0.6271571406637684 0.0381204394428681
0.2907965225636054 0.0027736877718563813 0.5046279112266645 0.04011887580901146
0.2991034717427188 0.07254658701344008 0.5155658560067341 0.04142729443839136
0.27143218784793777 0.10142154425270164 0.5297034955802777 0.0378316776528958
0.12279468167155017 0.10199307166821325 0.5250482161146584 0.02267470343191924
0.01060985263144852 0.1871631288988801 0.7228169288365813 0.020357947015720343
0.2511403567768632 0.04476986374070174 0.5747657891469083 0.03988861720147283
0.03277076579565927 0.17698549241857453 0.5493211812602419 0.02541040763666462
0.1520702027359342 0.24913281615110694 0.5394760611001138 0.041964694990469904
0.00964958640932223 0.255964581263834 0.6552119127497396 0.031970007050292286
0.05855891862954363 0.24873104478735467 0.6393387598548076 0.03650259816451391
0.091988944838642 0.19497352554058042 0.6484572698547248 0.039762000609612436
0.19381195687840613 0.06255245656070793 0.5882280154485182 0.03774248097483303
0.17919705662049829 0.08483499422239302 0.6009804081258763 0.03776995106993517
0.25646675433241817 0.08353728575048669 0.5579484844037871 0.0421034514384056
0.10468176386156204 0.056391595339138775 0.7361359267880306 0.023615807762792217
0.25159357759646594 0.060332063655086796 0.6033126535028979 0.04071412781880694
0.07206831924869855 0.2097817714648107 0.5346886700331518 0.03551693916413572
0.23918091079567438 0.08573862361316331 0.6165430092744368 0.036998769318355135
0.15546314501095138 0.039710428072197324 0.6486253469714529 0.029273503862633297
0.053679176554911834 0.35783833727738606 0.5132335497560077 0.058528877587068553
0.26981667945919874 0.01007383777796328 0.6407514094616116 0.031930997823442886
0.24302363997138632 0.0616670615803816 0.5622604201982773 0.04001317558406124
0.1023793137091284 0.07413483295181716 0.5624262755159832 0.02399707055267241
0.31605472658272515 0.001978780846296657 0.5354045010093822 0.036445686438101615
0.13280116282138998 0.16500160657666685 0.6375164983981993 0.030933363830533384
0.18973563309835972 0.028168620454628784 0.5285571477201225 0.029549168994955882
0.25335785705292 0.015479074274264093 0.6601090302512969 0.030361005365693854
0.14257158637537715 0.08573223490289106 0.6960195937921059 0.027137639496407257
0.10069347258092973 0.20941068207840421 0.6528901845071639 0.031670614364027905
0.2455315960381227 0.12203412485947594 0.5311857287019275 0.042782239982915915
0.17580263623521875 0.09893320514968229 0.6397445685203539 0.03198012093265437
0.25478090257620906 0.030808914710532376 0.6100722751920588 0.029892872205111144
0.03519761249622455 0.11651849478962467 0.6512748482192543 0.021644676698851915
0.035698432128980176 0.3963606865844451 0.5007227768277862 0.0642168030019489
0.13038632092230473 0.008402888602289216 0.5186127293910947 0.01919741704636061
0.14335527086606314 0.21057561408139272 0.5523044952280327 0.037927572391225524
0.1125912177431494 0.04294121523584176 0.5985661285626735 0.019398778259105076
0.2476317475009801 0.09618186855224486 0.5608171087705687 0.034883790743212684
0.23381494627436608 0.059995006149647256 0.6438109927598057 0.038509761803513155
0.010063445331148002 0.09143951026411978 0.6417164928465384 0.011626206065377911
0.032539461940140346 0.18743368571410046 0.5672847021646259 0.03038522605782272
0.15551154731219846 0.10207448705764266 0.6394983650870943 0.03688374365113738
0.06886826692409441 0.1216440762810192 0.6564198453820189 0.022774096152163616
0.06770278158111953 0.20206639003924642 0.5153227655244895 0.036688171643204724
0.08290687421002912 0.15794501283634682 0.6861763497716824 0.033707586768814135
0.015624497247172499 0.15340881707081758 0.5700252235500457 0.024169728703789785
0.13835333316505374 0.10583962631105814 0.5162376080054054 0.028686494735133627
0.007985461106772777 0.31280683520656294 0.5824851037113625 0.04240364489844492
0.12120350199108065 0.04947990072027969 0.6642812444552133 0.02545287361443027
0.05254905112315966 0.15942688280821904 0.5174275328951098 0.027987156802220747
0.17160056474766883 0.009697629893901551 0.5450029472467458 0.024711272295786624
0.2231368420301072 0.12627288729556468 0.5595588394289117 0.04267444868331021
0.0522995132332304 0.27518051376545827 0.5834197494127064 0.034819141709379345
0.2630755672817994 0.06062512353381855 0.5883588172598607 0.03900101845168317
0.024768727981407723 0.2471298270583222 0.616704583469862 0.037809600874670654
0.22054085917528166 0.14725143941848795 0.5709404515051745 0.04808312974066428
0.042932985091596654 0.19889542036777463 0.5240897974984198 0.03355345751421179
0.212716489562861 0.014686499089791916 0.520539906643515 0.024727052753954322
0.047554032347188385 0.2780457134926906 0.5291993732746438 0.0388246795643257
0.0882486192662394 0.05870254390688526 0.6743802333168727 0.01835845691827037
0.1979442229412185 0.04197552267168479 0.7291551219515608 0.02888602924211306
0.09216154815125455 0.16282050596681485 0.58908800262608 0.03400867334293533
0.2748735510292249 0.11025025983823816 0.5101367106948818 0.04413883529476967
0.08580017725160805 0.14193491701195346 0.5043670076039655 0.024857805592566694
0.22935277645481555 0.13186404476761274 0.503725343933362 0.04811842652702537
0.06890395328926283 0.036104968897206824 0.7337879565387702 0.011409619576417535
0.15328803294928411 0.0325794758211746 0.5817643869550295 0.022022549884895853
0.05390896736949502 0.2695061657221562 0.5107517407086138 0.03573528398707669
0.1071414127791751 0.16728822239393598 0.6317998056908013 0.0322579071080871
0.06090929400628912 0.22711914243729342 0.6603118031865433 0.03138414364685632
0.277951744304338 0.033561031402452146 0.5201962668363709 0.03829589020826181
0.1113275973821561 0.1958768730797935 0.5868552560225648 0.03653864835127574
0.02311397677641791 0.19815201471036226 0.5756853597663648 0.03271764045170928
0.15849382437484283 0.21660860138257432 0.5021631827977252 0.05115741157495278
0.18706865190601893 0.20574733663426 0.5008157975975989 0.05484867210759481
0.13787876084732908 0.19270395822408673 0.5988125378938238 0.043494479580582515
0.20712266704651694 0.13632000050483506 0.5334261354557303 0.043551927066682455
0.0318576527397354 0.2445884959432244 0.6556864701325797 0.030960180207291806
0.1301683113681279 0.06360127014725081 0.7314497386429837 0.019456768327763593
0.25603725173834646 0.11238444317892671 0.5711436067653026 0.046041642954013584
0.09582227934515208 0.23100711228853266 0.5817410682523769 0.04087750155388753
0.008341680065771961 0.2950738081990938 0.6245171436351825 0.04406252660857401
0.04174749391328492 0.09038782296586795 0.527674678885476 0.019606802035534183
0.30006572948885124 0.001722651339379655 0.5010488106730284 0.031494025358339936
0.14521748986715088 0.11202938298180996 0.6677377417928332 0.03530504497493937
0.25836641641088803 0.048097619052544144 0.6538648393947644 0.031023354525506506
0.12491474130770178 0.09243907656242281 0.5249537968493256 0.03241166329473541
0.12117528822509695 0.12504086337838674 0.6055587945467369 0.03171364904177924
0.35768991285318863 0.02991445706885705 0.5183611052452362 0.047708596754635346
0.22062144452861726 0.11053054120206576 0.5671596287353076 0.04348845527201932
0.2360613034285372 0.03821369432435018 0.5128632691391667 0.03188354911488128
0.21245483574613733 0.031190465763568452 0.6332456533799393 0.027157887203840186
0.2911534897108856 0.07980113138272474 0.5488545612715827 0.0477637272644683
0.08666908259602657 0.21054216470930837 0.6324241617047753 0.03419426672354364
0.11161022915896349 0.13819563028121257 0.6900854625148503 0.03215782746594388
0.028395534943618184 0.1165225410452429 0.8050927306496538 0.01970450980959903
0.017771453141237292 0.23459520001346382 0.6555446890403087 0.03465485360663084
0.154170274257521 0.024980164784838443 0.56363592004353 0.02180541595523519
0.17324083403040638 0.18068249819679383 0.5372075657581062 0.043928280246352674
0.11916104556854812 0.039098007556640134 0.6628743644663148 0.02126623343920188
0.03097063199565347 0.27631408135901747 0.6043145594476398 0.042339599775466114
0.099636440189601 0.2646556502572812 0.5595400423231297 0.04123056696625399
0.1516427719730285 0.10654540659064587 0.6142205881015566 0.026884777921905287
0.07950793760097644 0.2145819649691581 0.5854660524335584 0.0429789879098451
0.15967128229303473 0.16293589103975437 0.5701542579096204 0.04104114245444079
0.1367610998062148 0.15533858467946646 0.5907114275281595 0.03326666391436962
0.16878033692915909 0.24171520332115348 0.5123813382775877 0.050593754902127884
0.06870933963457096 0.14347272027776573 0.5357843323684942 0.030905290442835714
0.04270653496055335 0.09793627079676444 0.6141636632097401 0.016967183598682392
0.12276871290150179 0.1630353950338055 0.5981708886370262 0.0370757509179665
0.12066182077887719 0.09431775886480621 0.560395932680736 0.026313770807599567
0.13209223753753752 0.10933043754678184 0.575718745737917 0.03352226967324575
0.011884422224873495 0.19860066143793323 0.5260531791203835 0.029349999948167182
0.22310063064177119 0.1331589250812627 0.5527531687140376 0.04083251914385447
0.2639072746211739 0.05728973728129505 0.558558093254303 0.04367453759289304
0.05274849809348975 0.29425724208300197 0.5772384746256547 0.0483670758720989
0.20712266704651694 0.13632000050483528 0.5681182934928023 0.05135726051383737
0.0916009263281854 0.10094726883146232 0.5889987920298363 0.024194405449944945
0.09142931370189712 0.022597195559331908 0.6934434999212147 0.012224850378090209
0.13134431652342948 0.13690101948150668 0.5668043177073242 0.03477567865683528
0.02093372112451916 0.14318891692501085 0.6443033113559595 0.022188043754616422
0.03407650583124722 0.1874991001881421 0.5866905751558598 0.022923379236111107
0.1355396997485777 0.1408493235850251 0.5070591756394702 0.027784645290613547
0.14913962281451543 0.09756422724840802 0.5068258568324997 0.02522747985205471
0.0579575393926196 0.2213607723836435 0.6711257082901839 0.041107246889348525
0.12888678639954845 0.18225910900975484 0.5966125886998561 0.03412940082761037
0.06918728667667558 0.2748358414449683 0.5452465837935265 0.04359363641891366
0.10217957305662254 0.1668680267432876 0.667844269419449 0.027198599201853108
0.19803634982900786 0.19701517134724747 0.5025395911152026 0.04455581602476122
0.07311490918597519 0.04435493962862447 0.8163244736095757 0.01615283054701261
0.1217720741888797 0.1620514516578344 0.5436718891552531 0.03855258895938754
0.19017784527003612 0.047615707641662175 0.6181554371927822 0.03056806531654911
0.1366686326535016 0.008864364979993766 0.8309031408446661 0.017306959878129552
0.026607773264278656 0.19648616791753443 0.5598686796814367 0.02351440633742634
0.00288182044125887 0.25653267969110105 0.5661017077289022 0.037170946576542754
0.21837254315758997 0.040524021779456465 0.578413671131138 0.03527984295120156
0.1286467020169291 0.04086306404051287 0.7995125336001162 0.024575893231154843
0.0382810048604178 0.1663875259943245 0.7036358389978656 0.020790809836567215
0.14682423781768117 0.2301553631923392 0.5028960251338663 0.040502930951304084
0.012116499362250899 0.2273697170644297 0.6324721342411823 0.034419004282505467
0.22390092233847492 0.04472916976079496 0.5681794419090633 0.03578898467139887
0.3150896963242837 0.046034329969119714 0.5517204894988144 0.04053758395019896
0.16796483030219866 0.09721687004887074 0.5354142983455656 0.03901944115692696
0.2536376723422024 0.1361372805498322 0.5542605678254253 0.04595792744024396
0.22749979064391224 0.08209806459050847 0.6117607868232934 0.03392838968778429
0.1410353151191811 0.16116944664410549 0.5276046209852847 0.03894803918180656
0.2346445303341459 0.10237164620074199 0.5014512249660631 0.04742942549442265
0.2768383497036324 0.037298665147964205 0.637814745329484 0.03542181747559223
0.07917602059323632 0.06384648887974353 0.6249529649410386 0.019486747165136084
0.26669035350324566 0.023202939915015975 0.5841933990400885 0.042266685822285655
0.07538951922159011 0.2280017332397677 0.5854529279712315 0.042814654852881426
0.1335033918505517 0.10934364418623321 0.6775215226316524 0.03470995768286639
0.1722157513124915 0.015572486782770012 0.6812280338098962 0.02757753137746894
0.25341746877793936 0.0816355618157591 0.6090937578382407 0.03400358604550198
0.06669352934318744 0.16964222139612767 0.6381629017519556 0.030652943118234882
0.11547267651884217 0.15600911571297318 0.6113695626300625 0.027906055717353134
0.23902814704864367 0.07717844341483049 0.5684446736204005 0.04211360451475279
0.0992539790795818 0.251717034572512 0.5011554325891385 0.03622692530262902
0.11884073249207053 0.131260902862827 0.5064792659133144 0.026023924413078707
0.09891423048656467 0.053957655109889806 0.7012655762369702 0.015633053296006144
0.23998201715124484 0.1625554068176206 0.5350675573308852 0.054755067444362926
0.25046775071413796 0.07528843920892805 0.6214784759673634 0.035262590348911646
0.020013410089093908 0.24243087971276206 0.5833912951628126 0.03616805788771774
0.22013243542035799 0.07044775479371967 0.5025315300243007 0.03526174364429241
0.11208740188237785 0.24040305373135107 0.6028554492899396 0.04431071970648136
0.06554725369608977 0.11158583559776346 0.5388772755520516 0.02613157251361714
0.15924615537299724 0.12708974397004286 0.6466510501757007 0.03390314005004189
0.044614444367059636 0.12164407628101914 0.7685794850148377 0.022774096152163602
0.19959291354423023 0.0200607571270503 0.5464094188929369 0.026293742318216174
0.06153522482830031 0.24048505363428774 0.5341348973193663 0.040523079820139085
0.339520921556815 0.0004514341931249749 0.5122050803164195 0.044997700315504235
0.20773226810319567 0.08187505120272176 0.576733185581785 0.04222030693626083
0.18766995719009685 0.16199590377901102 0.5136102563741582 0.03549358506619511
0.001970786415344483 0.3202541980268487 0.5483960679186466 0.0331380257689578
0.2311791291319762 0.14896229126707763 0.5094680139116896 0.05251168980209802
0.010758186228436023 0.30215606912764365 0.5487429308179508 0.04164126250984268
0.16519392636530789 0.07884475032360472 0.6936858559888364 0.02505654491495571
0.10887038912471253 0.1313962905356325 0.7083876318849727 0.03133341018214153
0.05340718852916143 0.11261614832861505 0.6534245199913079 0.020181684885791626
0.08810883777994566 0.30078126841512554 0.5445700613703167 0.052378158022054165
0.13944587161778382 0.14228275300277565 0.6443033113559591 0.03441263367384432
0.0631506653522036 0.3462353636080515 0.5301159734397702 0.04309145005656969
0.19581966383007982 0.1537262289888805 0.532027292480363 0.04685550986339144
0.12329178487553638 0.27532376616268245 0.5418659106915815 0.05704156460488987
0.000589705856251177 0.24808781844501934 0.5092448129548237 0.03092296353431779
0.18803687712164807 0.11289098788342505 0.5799588586360811 0.03358162336424966
0.06634938684219031 0.08282704852211545 0.7601116501218166 0.02086048620759913
0.14646442359720702 0.061179204214583706 0.534716312697026 0.021337671873401243
0.0052853229969575255 0.2526929987516093 0.5123744183955522 0.03819049873924407
0.08791712443839753 0.19307029745791676 0.58322615521487 0.033180367463734095
0.2909696335327712 0.07953568844207012 0.5075529458773613 0.040812257878876775
0.0114466188550887 0.3563515372845646 0.5804832096155428 0.04922618298598372
0.04181566317131783 0.21478557430502998 0.68447829702033 0.026567790105948216
0.3122835518379521 0.021006805881495838 0.5034643308704485 0.03873156910719874
0.0835452112004528 0.1998720329761335 0.6349444116497405 0.03493643930770014
0.022090942539809477 0.17818302512395556 0.733024883457505 0.025168007841189166
0.07561277652513365 0.1256386479238792 0.6908173798164594 0.026508512488991
0.11083484057701294 0.019081963603587715 0.8211042719552075 0.015578828848615459
0.05289820858977994 0.27331733798312186 0.5634329882167917 0.041852829044461526
0.1836024902312995 0.06948343649230161 0.5933928298417473 0.03717602837275781
0.2731124349927574 0.13127125817447508 0.5251807017441306 0.05222249306092776
0.18419651200157205 0.05613252256417012 0.5526951335142304 0.025952186768344362
0.1932136985602102 0.05393850452840545 0.5260580228883459 0.029429861279963054
