0.40451843792707365 0.2709234648799268
0.2677069609305782 0.34193365385875324
0.084340844216208 0.47409087745777256
0.34670550300853 0.2089378459211736
0.16500255833846625 0.0896145397568114
0.12386632054213342 0.16121218801596005
0.10788722746674306 0.3793828993142459
0.039995139828879644 0.4202892003400866
0.07967686320599074 0.0426926522594826
0.7389230448357704 0.06364701322715863
0.6596409889647992 0.19000537949462326
0.48055680586269833 0.4890780961680844
0.8556576506529259 0.09436975270223869
0.06403321358321179 0.012104776018107222
0.4153027480725384 0.2026786247198702
0.7516452968222787 0.1570783820139068
0.060957636314313834 0.675116587727317
0.1973806966338243 0.2692028570395468
0.1445148054287948 0.46695233191556323
0.38446633853920664 0.37251782632843466
0.2617137899746522 0.597311248567515
0.011572288151607601 0.5237696863890988
0.16796858844922902 0.22907418927166212
0.05412006536125258 0.6914834202491951
0.05072547722269549 0.21140228568858
0.2100866250457114 0.20377468174671326
0.5444068416630786 0.20924846138738928
0.6312882493831797 0.2670255045732945
0.781359494916985 0.07788099343046828
0.25250386855777407 0.296819086085561
0.19510876928130205 0.39926707586811283
0.44116603764804163 0.16163680907779598
0.42945168256870625 0.38555016817683985
0.06435170098851821 0.10190946903918352
0.8170501512727021 0.04169094798590223
0.11517482021754688 0.521887799381601
0.3510849767159875 0.2698746686958362
0.4596753163668223 0.25536392787490314
0.13876228651075084 0.34846841751337365
0.7562068934255552 0.23867750806602794
0.3911011180787962 0.07254338342360621
0.3553243640411665 0.21303544860605259
0.12113161413041418 0.13258138916713855
0.49112883742543545 0.457872149103776
0.24070209486258265 0.08036141121877982
0.29112776708228694 0.3770532173965563
0.3969204914310855 0.1463109647855645
0.3838011216235864 0.18148786588359744
0.04588311399999534 0.23729425772316848
0.598304497213713 0.3235893704097972
0.14052021057175956 0.15786977892564852
0.42292072971221284 0.22628276649102186
0.19011527252160154 0.29505697815935505
0.22992793308709097 0.10319505434313925
0.07995793524679057 0.610954714023688
0.11418156009585254 0.29023279481165165
0.3348865110432847 0.18247552934654138
0.13292175860754485 0.389940901456753
0.527762323742734 0.3283694342514983
0.008186010139503708 0.03355142367292285
0.4765635413921944 0.4713324056454913
0.09778170977003686 0.7217926057192467
0.06213347534356917 0.16664410751914177
0.0718638521292494 0.43072741790128183
0.034159080483806434 0.028610308680605132
0.19698674992231469 0.4488311959138409
0.1020200559840081 0.13512037865361695
0.7810994389207314 0.10466432971517392
0.32064869314787603 0.5448276693239631
0.13755781523451038 0.5026028666819717
0.34023241366791557 0.204094999855295
0.1472648691492832 0.045327719591080395
0.854912843554565 0.13750586164181655
0.43591097006054724 0.1819830536018561
0.2117467723523241 0.4604886383998303
0.6497226162519342 0.28135808306922705
0.5195851626094651 0.16805060977938346
0.6629436602065688 0.21342131752469692
0.05477074718187827 0.18216581721565195
0.12371033842147372 0.6429813822231256
0.3178400706865025 0.23813894982320716
0.19354372132915482 0.20244958372112976
0.3391258992039514 0.10301752840627769
0.4163140981443062 0.531380437122682
0.0896907611210942 0.1655759841159821
0.10943676964342719 0.03261747257276992
0.15181196335767844 0.30201559672857375
0.5572678043348271 0.12794896984817328
0.08016615308943541 0.3536427149522442
0.09678956388515594 0.3220914304695688
0.09094101005453303 0.17630448411293598
0.4815341791924387 0.2448583280696438
0.26699288361107537 0.020537099780047807
0.21742564265165254 0.15373099005272461
0.26630330518888345 0.06715606092175899
0.06292825984560627 0.5501157077947343
0.39672869360384055 0.1853617325329186
0.5814409378540307 0.24474152520025427
0.20894941233843412 0.6115917386751479
0.04423049536840651 0.2467085767423315
0.5991684380537506 0.07408798816151446
0.049045562626217176 0.14164254775931626
0.13613243009191267 0.7320141190948275
0.23777556788048967 0.29021475374172917
0.37391582739407436 0.3403879596439561
0.3552029038882543 0.1818620433397804
0.2916654428754223 0.2600516110549762
0.34010971744616825 0.5139454165431866
0.05251896982107063 0.6876594523219175
0.14177683623857673 0.43630328503430027
0.39486439053964706 0.5731049863062432
0.03337197898762141 0.05467514378315208
0.014892186136362007 0.41581719364368974
0.3463057053120021 0.21498007727575086
0.1929118813486177 0.6499264642836512
0.4741737311098211 0.0293448102265797
0.6493819047910465 0.17874744869461978
0.08880150268251796 0.7269472335981295
0.1298274607593476 0.30034915008424434
0.5404768763344292 0.45950239592909714
0.3034275372682735 0.25687272280089957
0.19230867562856346 0.21410819029903688
0.16197577248398365 0.6178734112257168
0.08498536918228083 0.5007446973710685
0.1852913982421449 0.016858749192090627
0.1772246794713779 0.1323704414925157
0.1267500087829565 0.16374988573142968
0.4681200797982273 0.44156799015208215
0.48112647162792727 0.30677985377622097
0.15512098792880707 0.0448990022405642
0.1666986384985254 0.585099105795878
0.5018062170244755 0.09751663782856052
0.03038033560927378 0.07900290470003762
0.13693066519569186 0.010810243598606176
0.2833332065489509 0.3560130429544924
0.09601365121174843 0.16982207283406803
0.5059360887328893 0.40938647831756486
0.4664526661028682 0.2837854641381727
0.493178417994959 0.18375173589447796
0.23893196046726725 0.6767000106689909
0.1544141985775812 0.493055385517745
0.1727474714000028 0.754743699783574
0.14717226892219237 0.7837097692265614
0.29990466975582564 0.2106453730312784
0.1742576092761235 0.37763685002280467
0.1953560857374445 0.18246812453478345
0.012369436699911538 0.03283069977902075
0.7868348203523796 0.04707095348196089
0.062123087076933814 0.818088574061554
0.6635644133184622 0.05331968941431331
0.45590383497117226 0.42638160055645
0.6460383665986762 0.0835617741539707
0.38334499066498773 0.31785368812839876
0.28661670404556405 0.43396404544847134
0.02767424505493469 0.5254337874775435
0.3786307464542027 0.5659607047316993
0.08661994609370705 0.28675549043732707
0.09565903225569557 0.1698843369623839
0.15272976971839763 0.3436013782413223
0.19155876161968854 0.04763022078388346
0.21491058334139068 0.1386576281684846
0.14669331887202564 0.8456836155010116
0.036387984080264335 0.19184832889499098
0.23651449584952466 0.406051753470806
0.12188598933474307 0.38720285038867447
0.315710261366109 0.18490649279060545
0.2284015444939297 0.6694998053764003
0.11955445103277973 0.05096545286559839
0.07425268391620943 0.17529546602632706
0.20259115672258046 0.014680480383418626
0.0811017256091433 0.42337255595397527
0.015269134147146812 0.4111791499969757
0.5687032256486056 0.06978241229776216
0.5254930676983713 0.18552677059287018
0.3951836196732803 0.06435021934086027
0.10356251797516576 0.675071124070056
0.008802351994261381 0.14854730204726385
0.23300068907794136 0.005468526622954606
0.38524590247611457 0.30039367754708635
0.04440615445257734 0.007772887653105354
0.42931459789296866 0.5669874198473702
0.0024690438495386102 0.481713594891271
0.25963989129210496 0.4372009532203048
0.09547792203471311 0.6551813654368588
0.4803245949815035 0.44110666516492714
0.05462095613847164 0.005495396238747362
0.31832480260301654 0.2390683671729459
0.41480899025311135 0.390703940339093
0.17393719998876378 0.6495928486060061
0.2441790711581918 0.7443202875942134
0.5781991413675116 0.17568148815777423
0.6345571659820388 0.23408821989267325
0.5465169363411664 0.07946352785172817
0.7949891243429702 0.12740887202543139
0.07466710965055239 0.5600262882313272
0.4910956627022808 0.07780560483140775
0.38110116644789604 0.33659048129680624
0.3486455787333763 0.5766837719745865
0.1613968657234843 0.1593858719071779
0.7146534863398197 0.1573579932101116
0.44459081160415237 0.3359255432631283
0.08223956701532997 0.12211674385729177
0.31772504113522065 0.3473061545661551
0.32823319569862575 0.5863770785132576
0.16433662783428282 0.43714517733728564
0.21802732706455097 0.042953955093483154
0.0917766455222555 0.14620814673177945
0.4263315070069692 0.2796776509320438
0.6906470639745415 0.01715113659632017
0.7509771653703758 0.21864546908486307
0.1496863246102813 0.28165739354530556
0.1974221840935981 0.34116195470414296
0.7639572410876018 0.13499546141267338
0.18787142802577023 0.394432507830599
0.3906477125966129 0.01626630981019872
0.13310232040588277 0.04203377683560755
0.5877531075572561 0.2272835606285275
0.2893331035095211 0.3063393149313143
0.6531794055770728 0.18573347272092455
0.23958528750335661 0.10713128746352041
0.05658901670617805 0.1701638822557907
0.7637278049131428 0.07501064536744034
0.06520108740622099 0.8275031851729292
0.48171614397915974 0.23594447468522609
0.1850971704823836 0.49250906154294405
0.3414635373720347 0.42484661398539103
0.5107299427979651 0.1808628365296987
0.12620102923096216 0.15909028522245383
0.06317391556321401 0.6992876621657045
0.11295385108331679 0.3156327002258938
0.056675012105973366 0.46979963433505395
0.08810739569999071 0.1339123751112031
0.36331964538069705 0.32322495173865523
0.31327498393413916 0.22841516979597642
0.7434336554818772 0.1155332783622196
0.04040864351996974 0.11635829974335321
0.07059569934752608 0.9255689593219344
0.15869094287773855 0.4373914653829987
0.553628996599052 0.25954300655416
0.3357784127311447 0.1720244118901755
0.4222374714518158 0.4993794965194778
0.016429960162557045 0.03152907761708362
0.7980221737715778 0.15296779808239158
0.3769646353216877 0.5919345146032393
0.005244394185659029 0.420757314620787
0.053160968584185904 0.662610653470586
0.06686915506902907 0.2247359078742004
0.2987222528997096 0.07361704535982949
0.5979793078752578 0.3577638145873909
0.056628704714783984 0.3886185019327234
0.10742070381232977 0.42254389607420606
0.47327437123221294 0.14706123718325093
0.4289552221555817 0.28569306718064563
0.13360328821392653 0.18462043091558566
0.15618191442588358 0.1587762562980071
0.7818316368732726 0.060430137921100524
0.8363104167485049 0.11875974847284176
0.34414224842888297 0.1049074860144914
0.389105918763356 0.37816752798941344
0.3723263563438888 0.2685209960699546
0.28963926603134027 0.026795466594922303
0.16648707414011277 0.7118486172551786
0.24320491138261957 0.1987585395322501
0.6574164394849777 0.3216128796584099
0.36247627433186125 0.1472567865813156
0.4987572193933626 0.5003392491385603
0.12907486400175094 0.6877722916202543
0.45329903801622384 0.41350819932068744
0.5203795558638324 0.19486489994558198
0.4681971175884595 0.16144433253002677
0.4715618620261967 0.07402152627640568
0.7252310940614364 0.031169115629784194
0.28062517475033033 0.1250541965044708
0.07164113864063681 0.7690108272611481
1.4874117544749765e-05 0.8625872387296939
0.20326331241930262 0.09010337986519268
0.04075695411748548 0.5300739670691199
0.16658408664938396 0.270391363017003
0.15661981651446677 0.6216377041989267
0.5351438325508043 0.18628668487826205
0.14578788265693043 0.848728578448436
0.5333499194093383 0.24077253243516222
0.061301012251924636 0.20806967894814576
0.4339180656175894 0.07628374899872092
0.4962667029563832 0.5030198960437674
0.4625084158629704 0.21281762868978207
0.6320542586880258 0.3068280659404903
0.4633635551607833 0.3172392739130077
0.3891984825095795 0.3411510737243013
0.43623771147675977 0.4914562909275344
0.7751647161129023 0.04978502742805091
0.11392924738154608 0.03134533028388997
0.24236619512165228 0.382115402388461
0.09168875449828573 0.21487241396157408
0.6941309844966176 0.028433983249836814
5.377766142089513e-05 0.3512442721860011
0.004834075790185688 0.3701979658752624
0.8700491998174666 0.010789688490123517
0.1971136480037884 0.11759142849864512
0.19288051781401738 0.5153439050586037
0.06447430472382631 0.5680016383347497
0.0821991086557552 0.08215507014626433
0.2540547418964305 0.35437980460340834
0.2329784200636869 0.14739288183377397
0.5320958117805037 0.17990943792319725
0.18877809614943786 0.5783532223598351
0.7620910384589973 0.23785439934714425
0.3354964370924408 0.055883397133278834
0.18558224559619318 0.5518691587116393
0.3852941686964271 0.25476817646262584
0.2189596277425043 0.6964328612382589
0.20845543663657226 0.5298246836930536
0.32904424100436325 0.6098496013449252
0.030584231195957656 0.8684686556790513
0.12210419557279278 0.19643231942736605
0.5566763555239125 0.20354545818359746
0.08316680001863963 0.07634045622193752
0.11095325081646268 0.23949400905725046
0.12184588011795405 0.370878977454216
0.017402535379050284 0.03686077889409012
0.3970352131132513 0.10402291942233666
0.24939476170258068 0.2521979751285916
0.2801980042261054 0.2266784389093992
0.11369942854745219 0.17951216118988444
0.9180396719589723 0.01946005713094978
0.38297545392478316 0.1858644754884864
0.014654391496657482 0.2288436736480674
0.34320369792889804 0.25082880302544197
0.46248194762518136 0.37641172186001803
0.8033820460944745 0.026250982221862174
0.5043196123696738 0.30404089337372275
0.516973914604276 0.016625777733032976
0.4012536242331137 0.28897303933744883
0.266919214012876 0.2972676033531423
0.045678247177216136 0.7672908303818827
0.02323789093614398 0.27369661051322003
0.07205691482434813 0.17454690881995774
0.07952057632647797 0.193233093974845
0.018528876458694388 0.5577485404398163
0.5760397501520679 0.34831963752593964
0.3523313277393012 0.5794879696206723
0.4945152756258149 0.14721076619952456
0.3189342306049252 0.5051621027599502
0.7078552150549846 0.2880819531992884
0.30615898872920644 0.6864756725546106
0.3439501370381345 0.44314436733576
0.5874635312371972 0.25089272096176973
0.13489170594904198 0.24276088954150607
0.20446942756730507 0.23077333765357988
0.49801453320759403 0.31392146984252245
0.3671488823739888 0.526683452513657
0.28095793720578965 0.08634305398696218
0.16641799828635612 0.21126400898579833
0.9379432233097611 0.0034293063305281812
0.09536178706145737 0.37692922807359663
0.34568503731256583 0.510586292660161
0.596440610936959 0.16069956883438058
0.18192307366619714 0.4099821080295314
0.2800341892502116 0.24147761494081793
0.4259597177062986 0.03907625424053096
0.08615475264708472 0.10759718451848821
0.5915901960367274 0.1273775847046673
0.15409625628571177 0.12377872920668281
0.1409006810330986 0.6829098431057787
0.14614594650274598 0.6015023147776297
0.2071495848076334 0.23430039226990118
0.026746358450164077 0.023949481176550956
0.13734901984471115 0.7130768110996211
0.042769320070097344 0.5076498183033298
0.20010193085144046 0.41823573958438964
0.7824312745981186 0.038528726599520224
0.513696421757313 0.04538821819814204
0.9744973342309741 0.011383367000415312
0.1587949375982589 0.192847925498006
0.5665797403229151 0.056027229919296984
0.19086030652373587 0.36278059252244965
0.7120919128114542 0.15439258719058335
0.6328863806810476 0.0018510829297007092
0.22413646617255545 0.06307312109409935
0.08102757272902837 0.514760849659117
0.045662516871987524 0.3435366493587093
0.20905443536220591 0.6714487313647334
0.027508306187073547 0.30737574006623786
0.5386984009150397 0.3404357845921895
0.8640226914686728 0.10910165106128922
0.25620900475059116 0.04588186695622232
0.8148550542420173 0.017682608521783605
0.6376503401757729 0.22389977715202392
0.4369508350524406 0.17582504715634875
0.12047178636111927 0.7147824093636075
0.5183857923100383 0.26831549625092727
0.43311092767474024 0.02898220353550926
0.030574325597882535 0.35470445249858046
0.5355239973518042 0.3144429400858889
0.5485963565347676 0.16810120082696112
0.307278179247336 0.5682379458223962
0.28348549750560664 0.002126994972951657
0.04715806679371233 0.6619414505735257
0.09720644313929061 0.6667739232584151
0.8052259688540209 0.03166860813910688
0.38539829896840905 0.3100739989824417
0.03182744111328861 0.5866867823376547
0.8113601209407655 0.014116994645165748
0.46139458243593445 0.2354850867577309
0.19955437740155726 0.15843492333860354
0.2585504761229297 0.5595450358417662
0.3607242307853113 0.16634182475552034
0.4793811821714642 0.3706904003020105
0.06393164180074429 0.5833018876497258
0.6949129373524201 0.12892722506660426
0.33922994226515313 0.005543086481798909
0.10252824977207498 0.0063388902285028415
0.211365585333662 0.3494674038222998
0.2160338776160132 0.04732668825179598
0.32364988299176334 0.25483719844145236
0.03995584669130636 0.6504321882624698
0.30124849998531555 0.5162500599132323
0.48307530784174424 0.1842490929830946
0.10553768533003091 0.829902359074508
0.7393026575273717 0.1479891344413744
0.2657763283658472 0.7192874553155303
0.2333202555489038 0.3604392803400426
0.2990233773002659 0.5825988180100277
0.2494062587055237 0.303129159267112
0.008289843183827195 0.6351639970097283
0.19716461493972126 0.4403198282342347
0.05224491041677348 0.2816284489933304
0.15541266433589662 0.4225496288719374
0.6082920879602358 0.02277518609187082
0.069536224317853 0.3361727248554419
0.04166715305330629 0.1194870834395303
0.2956431532370709 0.07832224387637332
0.9214457933322936 0.0026705311924215547
0.12745275447293203 0.5184405730458166
0.8548581756567906 0.01650340056023332
0.25291232575461947 0.6652931476570525
0.39292741546237053 0.39449487940477146
0.22187600140162722 0.1099907906247638
0.42504682823842904 0.18888764308284278
0.11102620789750106 0.028003190851265458
0.06598704750720397 0.41595613828338074
0.1104962349164173 0.08336123304395371
0.45280283021328926 0.19770434183655278
0.24938809690182998 0.5307032579580324
0.2600894324196211 0.12297732016182539
0.5815041958126642 0.20683491425770573
0.4566045451852978 0.2925608365275386
0.03435628911037192 0.7259142050527534
0.29524680273999065 0.5665156831739406
0.15624291298196186 0.14977805344294648
0.543597574088207 0.11009386231121532
0.02433637603113331 0.49745306723765204
0.15656378255515113 0.22363596177473877
0.5583183569106058 0.15611373790440128
0.18661259045149314 0.10320749134828944
0.022107327903583496 0.2114664466821755
0.4645403649625468 0.24343826943972932
0.014944428633744733 0.3063862914976969
0.09468644988563035 0.36498833267769626
0.23225288553115542 0.49634489588594366
0.1569695320077873 0.7080049331403122
0.44853748473972743 0.5253264810906262
0.403791693938995 0.21415834483090745
0.28784824146384125 0.7054481260885213
0.3978766070681621 0.47062767816949264
0.03339819117337495 0.06051754928234132
0.3529469915094406 0.05502776180260343
0.0813983548142081 0.023381980958766313
0.20499554984233415 0.13839095507040064
0.33370129559716377 0.28288683465636844
0.13815507380373276 0.34495027253393573
0.32499784411822863 0.15445414186306522
0.16689210191752255 0.33885574086669257
0.841163264080397 0.10060302651245046
0.5145093403952407 0.2267588150429427
0.24897348429330046 0.5972241270808112
0.04407344620565112 0.6788994653534006
0.2020534552499842 0.5702473236678026
0.4110544834271638 0.457442145713027
0.3637468673393336 0.6228943910725823
0.0011384908585725384 0.9294341124271661
0.39532979330695545 0.5579826644094492
0.2074883216651351 0.7114435640631576
0.09899971137833337 0.12534967658496807
0.02398211057159827 0.947803565825508
0.3385019065620414 0.4669173183165395
0.6481541405577982 0.1830813294543383
0.16904913464163843 0.11761671108161575
0.15099347610020253 0.6171193663410579
0.34240931956808396 0.40868397779219523
0.1557728958854021 0.009064318910901592
0.449575752398114 0.5073452882187408
0.006021466993589575 0.03862568421427486
0.11353032519901352 0.19970807679828287
0.02235139152588761 0.5164946600501796
0.8729289884792558 0.02744317348351899
0.434638545231973 0.12557662240311895
0.20637693944168947 0.22114063131535688
0.03195849087767577 0.031151986720076186
0.3900760970558448 0.06544709943965399
0.0024275262875992354 0.37886138299856104
0.0784515504757145 0.09710793890400227
0.2540823880730267 0.33404376203289665
0.19168021131334356 0.1827956325736595
0.2179005346502673 0.5518672841252359
0.2630878779590713 0.630121694380573
0.05282451443647673 0.16237325459795873
0.1001767785616634 0.3355385127800534
0.01876716531330125 0.46454335203699687
0.2390678059037068 0.033995517621961624
0.36877647130483426 0.13689833416326347
0.03247735577601263 0.5864230573897109
0.5962408122096696 0.10501498975182372
0.3958166228812726 0.14869441259894245
0.17196043905164737 0.8027612171023664
0.24479369228897385 0.009637818575369828
0.7819064616547629 0.002184064920496276
0.1771547954418411 0.6862806310667117
0.3543738834526149 0.2743997937690955
0.08945461191908771 0.23930589820070658
0.25313250497534323 0.6299095529942438
0.6108381642781514 0.13773258006817102
0.016201285660699227 0.5968794181728689
0.7024809150053398 0.13261154806882303
0.3519578167500602 0.5948023035946096
0.653032983342119 0.06093293539275696
0.3786307464542027 0.606906897776989
0.6346382715644197 0.19420203304897288
0.4971559255258027 0.25294987832533133
0.028269464911670678 0.02732581385314603
0.2203854207060907 0.7567404127889874
0.2980969916153722 0.6080368889943996
0.17858583528126376 0.3548520806855011
0.14998363717393381 0.8360492184638315
0.04730340126261512 0.2235903925875551
0.19240238475473337 0.7385269716029637
0.24350412117886222 0.39017029028177164
0.22917052042467495 0.10862871974534527
0.1303456032832811 0.8589040229298694
0.023485514301356147 0.5316324112570997
0.4879143844946977 0.26533604530909427
0.00501786123143122 0.23542921635359132
0.24376737590061737 0.023732116019345995
0.6334852161382625 0.163488058555735
0.4508993044690098 0.24483348811027045
0.5735909509749105 0.023897331188383664
0.0255569539687599 0.7520079756337278
0.02307333677962571 0.0738784455624355
0.2509665522772605 0.056821912166670874
0.3977227987637469 0.19719795102660265
0.2037100334807458 0.7048355456039571
0.26129905612347315 0.37305014497401945
0.19605534977560346 0.3623836198367338
0.42732791673998616 0.2878016021614336
0.1332791448360917 0.5503938077933267
0.38833189381503386 0.15253042750033027
0.008537860715080114 0.15450969888728228
0.29573974773738376 0.03314527581192614
0.055481179399148595 0.15772538561290414
0.08355755454539793 0.06842173463365953
0.2588670225789471 0.6827811086029308
0.5217921273055853 0.40933111432779334
0.8000723817648097 0.19604556852402677
0.5099939836907681 0.3242376010705037
0.7727006227278723 0.0030772964114884616
0.1370858708346585 0.5389313504824919
0.4711542736661206 0.06621494762414848
0.4721470474319413 0.07899860837064665
0.32545208191692476 0.2775858647099745
0.018941060186200787 0.7785565513060737
0.015541575251838857 0.04856192021400779
0.04023191566653406 0.0012722664455887545
0.5426930992013635 0.058990737656173395
0.11914422827110438 0.10831139659794031
0.7411671175596284 0.10562990719363621
0.11924045075422107 0.018373703856246926
0.2941997824928624 0.182005703836788
0.19544014828108425 0.7628466339790168
0.10413261120882683 0.08790203107896133
0.36294351893171173 0.16705260168858482
0.32041170326288004 0.19692993175277013
0.2459001813130013 0.28674770351804224
0.4780061447197591 0.2574738325939454
0.9214514240971471 0.03252092286472319
0.10998863829152405 0.26034504705872674
0.22735986051415324 0.5468127733190755
0.07733936984257639 0.8072214621540182
0.2712524741230266 0.3992392975476857
0.16642816261509877 0.030285109915554553
0.8769366831463008 0.10656252087439078
0.6047643822629929 0.2682868894175847
0.7703422039483522 0.07736243604080456
0.5187406925459588 0.24466994356819605
0.11736398757187949 0.5846496028381223
0.5930693861816847 0.3436013782413223
0.3632695690737582 0.26970124468514345
0.42880758996435975 0.5183463597049247
0.7577112646687381 0.08355540248733717
0.3948188538541171 0.23949945321010335
0.6174767273957855 0.0420290215414402
0.23666629211353962 0.08461692124143627
0.2540870396744622 0.44799643482873996
0.4418364292895307 0.46504450759494165
0.28431889749210054 0.21408224807468068
0.8687694522602403 0.07743443037701714
0.1262377308832436 0.3223320800975644
0.0932087256045322 0.38512168699287086
0.35858220105035227 0.05160902170738879
0.2497550467768321 0.43556078552818245
0.6281895746909665 0.03711765869943484
0.7050460161268643 0.27435826705936067
0.5487156406248292 0.011810431371952035
0.26144055743253747 0.37520743093916664
0.10239309989444156 0.8854070251662436
0.693804983663924 0.018490891969161538
0.2798825113832043 0.028398629787711016
0.034140786923413796 0.15262605329904588
0.5026915449292096 0.2694296798827054
0.07761414531467059 0.6820247222855869
0.578766648352453 0.010811007732985631
0.06080961493731727 0.32519906578816743
0.628479487200007 0.14783283203400654
0.33640632071160326 0.3239672435868465
0.16863025480022822 0.4430446432120785
0.6954368075699763 0.23476121660416283
0.1866963422188812 0.45907947332678883
0.2394904814658061 0.32776653932081556
0.16833035545261968 0.3763697764823013
0.5039712523295332 0.22158690477305873
0.07540780612394872 0.19049187586397176
0.009790788768760272 0.23670588344197058
0.03192070780500805 0.3898785099481074
0.019939808974493545 0.42548043245118794
0.16066666147908862 0.03331043213183671
0.44480341289844405 0.32820749973704366
0.1737069777061525 0.09275354582239181
0.027420516150307606 0.0785178902740945
0.08558429738723816 0.4276255880684614
0.6736861610445803 0.24554903882226498
0.7873189584149198 0.15391903456078193
0.365387840218681 0.18329755867907344
0.18756650970861521 0.14705890989155573
0.39550303017700533 0.36036000102386634
0.2666861335828468 0.6700655747056928
0.40223666273020786 0.0954443555821225
0.2204033007152023 0.7365448819955542
0.44582258989416734 0.036025457551683626
0.03228804233757021 0.5192949291073927
0.12161569209007175 0.5650913806848501
0.42193714547177585 0.48987287316639794
0.46028514872276693 0.1883884634440549
0.19084155743770537 0.7169604068339319
0.2890408072121815 0.2509168500321141
0.5267906239441218 0.19001982654816746
0.15173323403221595 0.17735915703436395
0.10122033323772374 0.05706939168070457
0.13465398738014045 0.021416525359544608
0.14580623019237315 0.33515153492702154
0.07189793744145834 0.1776784819336381
0.3779143481400332 0.11148637254438931
0.031110399885665038 0.0210697690831803
0.0867156370531692 0.8100387792726098
0.28721996423881524 0.03606048735198186
0.2685982560710869 0.34716123865703186
0.7411754538727229 0.21447113316865796
0.7262289624962157 0.17654757490415918
0.18497273332833863 0.3451663134760823
0.20522179400703422 0.19705868265968196
0.15379153403183654 0.43815246446084843
0.3256860891399119 0.17723092961934173
0.04640464526305382 0.4155920492139009
0.3526457291484131 0.10858020158481552
0.3430979828557731 0.1001656798724948
0.6267106575665418 0.32457516501647987
0.21583291897343237 0.17236231096321575
0.06954637552919896 0.5685161437709759
0.4359753804262514 0.1902198161829038
0.30956154857661 0.43820337131932074
0.5996735882418953 0.21849778202817008
0.040050888527415236 0.5455200753663244
0.45435320882082725 0.07773862244401286
0.18541436958544288 0.21263003905050848
0.4487042091474045 0.24753005850975998
0.17481003863682784 0.2916677547740658
0.25972324047151585 0.1771157209868802
0.11837956260891858 0.3643486055479239
0.57238099373518 0.39766290908939617
0.5573497140514169 0.23430547901445742
0.38169944718117227 0.3479854332502432
0.2088656765682 0.30074068181184654
0.3351739370445692 0.14972414238904852
0.22225237864304 0.0864144364905286
0.45020252336369865 0.5366560533379197
0.11853590357667851 0.3344694676690198
0.2125007734725864 0.3257411118420087
0.07943266346434685 0.13438392995057313
0.06311145925667913 0.821853757703451
0.06575696968787526 0.8062511655302212
0.13939475514260943 0.11993701291143823
0.07162443866201412 0.0073060967141445055
0.37683464497026753 0.24995854146579968
0.13517828130052695 0.6931228928411564
0.17848475571158914 0.11321062171916463
0.08445937012090399 0.6714563395459487
0.2996637229361845 0.37087745853724463
0.07296990001352555 0.6251313783840565
0.6041467428992595 0.18160768832350982
0.34109352998854714 0.6200055503920369
0.5109954814777788 0.15122421844535522
0.14514093429074293 0.7002408210049111
0.7605897009139122 0.19781925631508201
0.4961909070313023 0.13462741884242302
0.9368666968934409 0.006306271972452038
0.5287101739621665 0.368823593725494
0.5259579862230661 0.37069810007223397
0.0789119969074552 0.7996863583351668
0.15823915134964883 0.7074655662985143
0.43379607158023603 0.3223780504691991
0.34258458611251164 0.3642438471751639
0.42206971772523305 0.5151916336176146
0.17918009408209645 0.2756359514133039
0.7941646514111443 0.059733665022570825
0.1579576896569049 0.7367333269864893
0.31310446432818556 0.12008352148211454
0.16688371134879798 0.2458142839750376
0.6787614967802269 0.12848589807735022
0.5506104865313155 0.18241189905917035
0.41664786294597 0.28451308765147015
0.6917017735307813 0.07524730375653693
0.13451173174574516 0.1657512398527432
0.06228720666202037 0.1294312035451594
0.1410495954818467 0.7162045787683204
0.018476822786571034 0.40274622707453145
0.14831303628570058 0.07436761386119883
0.49932022093732975 0.0017844013727970065
0.5542321575481017 0.30093207495188423
0.47611271316107023 0.0491194453590964
0.7254536762838901 0.22425984694098844
0.7246059699641704 0.14954841475383596
0.05485766421340088 0.4438172912217621
0.3311329100720011 0.39115546481436064
0.757851390169761 0.003184458707650384
0.44811454472961565 0.15684168089470818
0.13153329794195667 0.0687345271233184
0.018899879003905884 0.06946559090288451
0.07470118032702233 0.17318817783038717
0.22721392194717516 0.05073102212104608
0.25260524220625014 0.2926549512214151
0.24589823699805757 0.1307521972871477
0.5899948911799517 0.06513315899790584
0.1410267013674602 0.7375571451451624
0.4053745374941517 0.05383197342059587
0.09753341319623043 0.4280003909339894
0.15360882876499105 0.13276897104792118
0.45524282520903075 0.0941241192484088
0.18761328965536395 0.08706259363235347
0.11985180316672928 0.10367477720553879
0.12125863370196843 0.0784020097425949
0.4052672633487885 0.38775896093243145
0.5125771580868115 0.3461404676992356
0.9191446764046194 0.003172732534693523
0.06147980951055926 0.4126391995262746
0.055231330130202316 0.15948016538157644
0.44191790228450323 0.02100743287040749
0.23684047217926568 0.10962474159568014
0.1031038391628658 0.12040280990103969
0.07991372587999646 0.22325657568332757
0.09943609219553329 0.06687990089802831
0.5552608970374568 0.01656967482450966
0.04375995133417865 0.8041041867650531
0.7972056259476378 0.1978737648313036
0.8403517059671692 0.02127261211810172
0.6410125029416803 0.24047063780341354
0.1474418941370123 0.43879337750094227
0.3121454681345644 0.4115689391733526
0.06549431908816983 0.8424046031339396
0.1237950638269298 0.41988950543142645
0.027808814681633987 0.6047558039201981
0.045955811137366354 0.21098302719630546
0.3726205914784544 0.3994873011355011
0.9132281418287608 0.006439902637652928
0.131006417190477 0.6650108137249267
0.08930935080176727 0.5669175998720167
0.4648570008232598 0.148165065396749
0.7421391766170011 0.01492096517776531
0.0030832530831563787 0.482772567566345
0.6148683569386212 0.198387839841756
0.29339526822661055 0.11612990512897567
0.14278935842888574 0.2990738019299526
0.21084291619835094 0.4002613525277623
0.28986414426536555 0.21096224879006978
0.14438404617737355 0.5083151540428923
0.015157199470632488 0.21743825943336503
0.12501222798299239 0.1678018977642315
0.795212200645395 0.0396404778801176
0.8641106575126295 0.032129594030859465
0.48749071625198237 0.10328635437701517
0.2982000115911221 0.6485270398112273
0.3167306864362097 0.47940130716326507
0.06105474518567089 0.16867793112018353
0.14538242161393597 0.7898332794335787
0.11176639767233354 0.1523685437123492
0.3015624309407897 0.493266381990872
0.49316276523492775 0.41466876903546
0.16284327492784545 0.2990890661398663
0.3690557528772107 0.31237043253706814
0.36460217105298653 0.055550830986836996
0.3141431931276329 0.3235893704097972
0.25620918392020686 0.4925720733794796
0.5419738713956381 0.16934808202200757
0.21086409125790656 0.18432579228505208
0.4726880498912028 0.21341232551175082
0.3257540693009414 0.4356463878504293
0.4648902049469986 0.028625240473883373
0.19514253955437644 0.0405135963917469
0.18326629077156298 0.10297653107857685
0.06051583128941296 0.6355906296044611
0.030103652772305575 0.27566723751116423
0.1439981433775478 0.06373060419176735
0.17280162851352499 0.5629472660001755
0.3631382088322099 0.4880045098208754
0.3042567682096561 0.20087165918373273
0.31888291600851354 0.39365740473976274
0.1257429115362041 0.8161395863677481
0.23617467932937064 0.07388704905028898
0.13246849583623416 0.37730364435802066
0.2526061790938224 0.306135827091746
0.6898749723541189 0.2580594331651366
0.2039374292537932 0.7347189754730186
0.05331027598002505 0.6725111651694853
0.10515543491284651 0.7521031273487901
0.37939790435511167 0.5574499716877906
0.06549227781859535 0.07063252336228487
0.7664216230787122 0.20842019005274004
0.35350882648888204 0.407640617356695
0.08516879348831544 0.20424123589380883
0.3430640407555219 0.43754821584973635
0.21032646281570688 0.5511774149124015
0.048227461215100575 0.896504711693891
0.3389672726070861 0.42602049911564777
0.43638533461911844 0.017474260778595374
0.030312734198460697 0.003666146252328288
0.5418063874023229 0.006165794727803764
0.5165117949210671 0.39337343455559
0.021831619039435424 0.8062076719566762
0.2831842503206223 0.054580781011271284
0.5402634968274206 0.016024829776994487
0.050988394374138934 0.533980660967082
0.18435664386117778 0.08185540392831925
0.01696419150007955 0.6479553103476209
0.7701462729442178 0.18778820084794745
0.44882848827898303 0.28685805193500613
0.622329479636601 0.0033426454026108665
0.080200940307253 0.5939068429577843
0.09036492887957337 0.6626320873105718
0.15009600534712728 0.44775143692033037
0.34042047875143333 0.19364024243423827
0.0823706819899554 0.020168040477504423
0.017968112353966392 0.6381840870083373
0.6420688674094632 0.3529393079653702
0.04554478035157761 0.5887080194939601
0.28084628921921406 0.059401003513617656
0.1772631057429379 0.12231843388271302
0.17145723507011273 0.07959337529029398
0.13313659947928233 0.39028611526659907
0.11837956260891858 0.37782810672815303
0.01861447693761742 0.004769166190941865
0.12650666896429286 0.25473614751520235
0.7503551025676027 0.17651132412997583
0.5205308338893818 0.4560170740669598
0.49565830707184644 0.16648978298147496
0.23025388985855244 0.3073707521636332
0.29562671324154977 0.20082846209846497
0.013966238257689056 0.718562726550494
0.496810167111319 0.2710438838718206
0.370489316898972 0.29877848656734796
0.11044599415086154 0.8312996598964624
0.2121902862697569 0.7280630304003943
0.0765529457325193 0.7385528226803011
0.6226897858801537 0.28405047879977163
0.0006566015091403754 0.09368506173075275
0.24926972443961581 0.07423110609748444
0.2501088562448093 0.475854823306876
0.7437636200995729 0.029966779847560243
0.8104785117345831 0.12517599062559626
0.687224619801822 0.28890460086333275
0.4198588603327973 0.3198117575865826
0.33848008469887036 0.027327498445489484
0.3328560048430722 0.276159479451356
0.14256271528615888 0.8212020276033549
0.43525237593804555 0.13908800510207087
0.0525001992109253 0.7778091568104997
0.08910880062098947 0.6758529572282368
0.32112679503215524 0.3629658487402512
0.5105980581450402 0.07575942472288519
0.5463656912543937 0.003207238667902068
0.030585973141488827 0.3884351335342046
0.6681221220788258 0.3131164985674382
0.4487042091474045 0.2452809350747698
0.3445866998118466 0.1598388515386433
0.20446514053815967 0.7174397924482777
0.05044246869189285 0.197904316834562
0.29586240065486596 0.010865499629906239
0.23818815561839823 0.6571308675352089
0.06667576650459626 0.34478187147159023
0.0974314189318255 0.7261811524394732
0.33268314447421715 0.1474097219419841
0.43376157688395667 0.23125459708864093
0.8618071372282723 0.047783848069867574
0.19687773305517808 0.4951680205484543
0.33092323718022726 0.04555971058368202
0.06422376036403543 0.04810461576542746
0.7503760022678504 0.1469934174407914
0.21628269094127425 0.04405253292432726
0.3878606564360156 0.01985776209228618
0.5717530394322881 0.3363471733410814
0.6040120766209596 0.3198256025495648
0.08115728983224735 0.17724827734726567
0.06205119279247295 0.28216319638639686
0.27365876775804693 0.07786806668759573
0.14384725162571987 0.15650826435381815
0.4222999280543242 0.167914828049196
0.19202666781898614 0.43075259460633986
0.34776208414247023 0.36334409533366835
0.0043092538126146 0.33195388237838513
0.028325625678905286 0.4592620110130781
0.30816104058121185 0.18636553310614015
0.31980707531451197 0.42117388304801906
0.7750168756813198 0.21026098877878463
0.2740502238977545 0.2741405609289971
0.12560295053244966 0.0962644905428327
0.8294256417176249 0.005947388153400013
0.5569673885143072 0.30288585774600246
0.10819683425073734 0.8088721977181397
0.12994849426255062 0.8495592033527135
0.7921789046307715 0.11699968699172558
0.4725892422494091 0.015752254843416278
0.39690236141471935 0.2593157667305699
0.4460346448901014 0.3683153325226366
0.23446559803642808 0.6940474171447523
0.23011871218913882 0.7671217155290613
0.10263948906119734 0.4399961597951673
0.04243259039649162 0.8162650593481908
0.18026721624761158 0.23979154386677237
0.08950926902478074 0.12367416442982015
0.28866541463185746 0.31589796450434426
0.13711339002048994 0.3495954581116236
0.48061352108133804 0.506799710928659
0.40166117898419973 0.5492660785893366
0.10275157142146912 0.138698567898639
0.004199507406735423 0.036713451884408624
0.5501450031412802 0.3470566624430325
0.15103386583512624 0.10289886153320318
0.6085253522149026 0.23221361212015346
0.460407141863277 0.032796854808453624
0.9212590090355612 0.05358628514933628
0.29768956677760994 0.17059813049744577
0.17609172238460424 0.3209458789060591
0.32127016158855715 0.16655970397880163
0.46265353693950395 0.014700123375293084
0.29590548368565484 0.19878022346007818
0.28508089828411265 0.07788438324191646
0.20926850355085477 0.10401932617962242
0.19082451183080382 0.04970051451256552
0.4770513839809429 0.5200898720642702
0.5429775650875486 0.18172134512521865
0.3329118761443315 0.14963898401239845
0.21177852494512583 0.35172636396162316
0.568368788642126 0.349861562506919
0.2796329318105517 0.7172074571125596
0.10315559382836514 0.3391109756827112
0.6172266175474171 0.14383963724745286
0.15735444283170968 0.28367327980646473
0.1832966677651715 0.2928895246410594
0.34053420854448435 0.4364146540383219
0.10285861537954055 0.019189416417019878
0.11345228294503151 0.5877639286548572
0.4255753597549391 0.5254886379900903
0.022637206176896837 0.03166860813910688
0.9281743618064435 0.003172732534693523
0.26640383566094883 0.144777108687202
0.2507216589596588 0.05343051351929035
0.06255199502468106 0.30130152964000445
0.028566993937383156 0.5707319643225599
0.04838266707096062 0.01874438992813343
0.6134355040757914 0.3592018907474026
0.20911521482161977 0.7832595584821177
0.2453383714495637 0.6566649110994502
0.054746103336164476 0.8640861736190394
0.5077436045486989 0.364741218364418
0.576793939587664 0.08546415857023071
0.09103713593730856 0.1868527267987572
0.37134900037850693 0.3118065600266353
0.476649736309296 0.3050020445361885
0.23483532488840503 0.5031192899059971
0.21387255219279522 0.08332260530936253
0.23677895824778417 0.054101426594847624
0.0761749257643709 0.18725703625689175
0.019217111319028035 0.26901175788676335
0.173999540060451 0.3509465305417727
